{"/home/runner/work/es-type-detection/es-type-detection/src/index.js": {"path":"/home/runner/work/es-type-detection/es-type-detection/src/index.js","all":false,"statementMap":{"0":{"start":{"line":1,"column":0},"end":{"line":1,"column":8}},"8":{"start":{"line":9,"column":0},"end":{"line":9,"column":8}},"15":{"start":{"line":16,"column":0},"end":{"line":16,"column":8}},"37":{"start":{"line":38,"column":0},"end":{"line":38,"column":8}},"44":{"start":{"line":45,"column":0},"end":{"line":45,"column":8}},"60":{"start":{"line":61,"column":0},"end":{"line":61,"column":8}},"72":{"start":{"line":73,"column":0},"end":{"line":73,"column":8}},"81":{"start":{"line":82,"column":0},"end":{"line":82,"column":30}},"82":{"start":{"line":83,"column":0},"end":{"line":83,"column":16}},"83":{"start":{"line":84,"column":0},"end":{"line":84,"column":10}},"84":{"start":{"line":85,"column":0},"end":{"line":85,"column":12}},"85":{"start":{"line":86,"column":0},"end":{"line":86,"column":17}},"86":{"start":{"line":87,"column":0},"end":{"line":87,"column":16}},"87":{"start":{"line":88,"column":0},"end":{"line":88,"column":17}},"88":{"start":{"line":89,"column":0},"end":{"line":89,"column":21}},"89":{"start":{"line":90,"column":0},"end":{"line":90,"column":18}},"90":{"start":{"line":91,"column":0},"end":{"line":91,"column":16}},"91":{"start":{"line":92,"column":0},"end":{"line":92,"column":15}},"92":{"start":{"line":93,"column":0},"end":{"line":93,"column":20}},"93":{"start":{"line":94,"column":0},"end":{"line":94,"column":4}},"94":{"start":{"line":95,"column":0},"end":{"line":95,"column":9}},"95":{"start":{"line":96,"column":0},"end":{"line":96,"column":15}},"96":{"start":{"line":97,"column":0},"end":{"line":97,"column":13}},"97":{"start":{"line":98,"column":0},"end":{"line":98,"column":19}},"98":{"start":{"line":99,"column":0},"end":{"line":99,"column":23}},"99":{"start":{"line":100,"column":0},"end":{"line":100,"column":13}},"100":{"start":{"line":101,"column":0},"end":{"line":101,"column":18}},"101":{"start":{"line":102,"column":0},"end":{"line":102,"column":18}},"102":{"start":{"line":103,"column":0},"end":{"line":103,"column":13}},"103":{"start":{"line":104,"column":0},"end":{"line":104,"column":18}},"104":{"start":{"line":105,"column":0},"end":{"line":105,"column":18}},"105":{"start":{"line":106,"column":0},"end":{"line":106,"column":14}},"106":{"start":{"line":107,"column":0},"end":{"line":107,"column":19}},"107":{"start":{"line":108,"column":0},"end":{"line":108,"column":19}},"108":{"start":{"line":109,"column":0},"end":{"line":109,"column":13}},"109":{"start":{"line":110,"column":0},"end":{"line":110,"column":18}},"110":{"start":{"line":111,"column":0},"end":{"line":111,"column":18}},"111":{"start":{"line":112,"column":0},"end":{"line":112,"column":13}},"112":{"start":{"line":113,"column":0},"end":{"line":113,"column":18}},"113":{"start":{"line":114,"column":0},"end":{"line":114,"column":17}},"114":{"start":{"line":115,"column":0},"end":{"line":115,"column":4}},"115":{"start":{"line":116,"column":0},"end":{"line":116,"column":7}},"116":{"start":{"line":117,"column":0},"end":{"line":117,"column":20}},"117":{"start":{"line":118,"column":0},"end":{"line":118,"column":12}},"118":{"start":{"line":119,"column":0},"end":{"line":119,"column":24}},"119":{"start":{"line":120,"column":0},"end":{"line":120,"column":29}},"120":{"start":{"line":121,"column":0},"end":{"line":121,"column":27}},"121":{"start":{"line":122,"column":0},"end":{"line":122,"column":20}},"122":{"start":{"line":123,"column":0},"end":{"line":123,"column":20}},"123":{"start":{"line":124,"column":0},"end":{"line":124,"column":17}},"124":{"start":{"line":125,"column":0},"end":{"line":125,"column":20}},"125":{"start":{"line":126,"column":0},"end":{"line":126,"column":12}},"126":{"start":{"line":127,"column":0},"end":{"line":127,"column":18}},"127":{"start":{"line":128,"column":0},"end":{"line":128,"column":22}},"128":{"start":{"line":129,"column":0},"end":{"line":129,"column":27}},"129":{"start":{"line":130,"column":0},"end":{"line":130,"column":21}},"130":{"start":{"line":131,"column":0},"end":{"line":131,"column":4}},"131":{"start":{"line":132,"column":0},"end":{"line":132,"column":9}},"132":{"start":{"line":133,"column":0},"end":{"line":133,"column":16}},"133":{"start":{"line":134,"column":0},"end":{"line":134,"column":21}},"134":{"start":{"line":135,"column":0},"end":{"line":135,"column":19}},"135":{"start":{"line":136,"column":0},"end":{"line":136,"column":14}},"136":{"start":{"line":137,"column":0},"end":{"line":137,"column":22}},"137":{"start":{"line":138,"column":0},"end":{"line":138,"column":25}},"138":{"start":{"line":139,"column":0},"end":{"line":139,"column":4}},"139":{"start":{"line":140,"column":0},"end":{"line":140,"column":13}},"140":{"start":{"line":141,"column":0},"end":{"line":141,"column":29}},"141":{"start":{"line":142,"column":0},"end":{"line":142,"column":26}},"142":{"start":{"line":143,"column":0},"end":{"line":143,"column":26}},"143":{"start":{"line":144,"column":0},"end":{"line":144,"column":26}},"144":{"start":{"line":145,"column":0},"end":{"line":145,"column":4}},"145":{"start":{"line":146,"column":0},"end":{"line":146,"column":12}},"146":{"start":{"line":147,"column":0},"end":{"line":147,"column":16}},"147":{"start":{"line":148,"column":0},"end":{"line":148,"column":18}},"148":{"start":{"line":149,"column":0},"end":{"line":149,"column":21}},"149":{"start":{"line":150,"column":0},"end":{"line":150,"column":30}},"150":{"start":{"line":151,"column":0},"end":{"line":151,"column":26}},"151":{"start":{"line":152,"column":0},"end":{"line":152,"column":21}},"152":{"start":{"line":153,"column":0},"end":{"line":153,"column":20}},"153":{"start":{"line":154,"column":0},"end":{"line":154,"column":27}},"154":{"start":{"line":155,"column":0},"end":{"line":155,"column":3}},"155":{"start":{"line":156,"column":0},"end":{"line":156,"column":2}},"156":{"start":{"line":157,"column":0},"end":{"line":157,"column":29}}},"s":{"0":1,"8":1,"15":1,"37":1,"44":1,"60":1,"72":1,"81":1,"82":1,"83":1,"84":1,"85":1,"86":1,"87":1,"88":1,"89":1,"90":1,"91":1,"92":1,"93":1,"94":1,"95":1,"96":1,"97":1,"98":1,"99":1,"100":1,"101":1,"102":1,"103":1,"104":1,"105":1,"106":1,"107":1,"108":1,"109":1,"110":1,"111":1,"112":1,"113":1,"114":1,"115":1,"116":1,"117":1,"118":1,"119":1,"120":1,"121":1,"122":1,"123":1,"124":1,"125":1,"126":1,"127":1,"128":1,"129":1,"130":1,"131":1,"132":1,"133":1,"134":1,"135":1,"136":1,"137":1,"138":1,"139":1,"140":1,"141":1,"142":1,"143":1,"144":1,"145":1,"146":1,"147":1,"148":1,"149":1,"150":1,"151":1,"152":1,"153":1,"154":1,"155":1,"156":1},"branchMap":{},"b":{},"fnMap":{},"f":{}}
,"/home/runner/work/es-type-detection/es-type-detection/src/utility.js": {"path":"/home/runner/work/es-type-detection/es-type-detection/src/utility.js","all":false,"statementMap":{"0":{"start":{"line":1,"column":0},"end":{"line":1,"column":12}},"2":{"start":{"line":3,"column":0},"end":{"line":3,"column":46}},"4":{"start":{"line":5,"column":0},"end":{"line":5,"column":74}},"6":{"start":{"line":7,"column":0},"end":{"line":7,"column":73}},"7":{"start":{"line":8,"column":0},"end":{"line":8,"column":100}},"9":{"start":{"line":10,"column":0},"end":{"line":10,"column":74}},"11":{"start":{"line":12,"column":0},"end":{"line":12,"column":16}},"12":{"start":{"line":13,"column":0},"end":{"line":13,"column":74}},"14":{"start":{"line":15,"column":0},"end":{"line":15,"column":16}},"15":{"start":{"line":16,"column":0},"end":{"line":16,"column":72}},"17":{"start":{"line":18,"column":0},"end":{"line":18,"column":16}},"18":{"start":{"line":19,"column":0},"end":{"line":19,"column":52}},"20":{"start":{"line":21,"column":0},"end":{"line":21,"column":74}},"22":{"start":{"line":23,"column":0},"end":{"line":23,"column":3}},"23":{"start":{"line":24,"column":0},"end":{"line":24,"column":74}},"24":{"start":{"line":25,"column":0},"end":{"line":25,"column":2}},"25":{"start":{"line":26,"column":0},"end":{"line":26,"column":81}},"26":{"start":{"line":27,"column":0},"end":{"line":27,"column":85}},"27":{"start":{"line":28,"column":0},"end":{"line":28,"column":67}},"28":{"start":{"line":29,"column":0},"end":{"line":29,"column":2}},"29":{"start":{"line":30,"column":0},"end":{"line":30,"column":72}},"30":{"start":{"line":31,"column":0},"end":{"line":31,"column":2}},"31":{"start":{"line":32,"column":0},"end":{"line":32,"column":8}},"32":{"start":{"line":33,"column":0},"end":{"line":33,"column":41}},"33":{"start":{"line":34,"column":0},"end":{"line":34,"column":6}},"34":{"start":{"line":35,"column":0},"end":{"line":35,"column":23}},"35":{"start":{"line":36,"column":0},"end":{"line":36,"column":76}},"36":{"start":{"line":37,"column":0},"end":{"line":37,"column":79}},"37":{"start":{"line":38,"column":0},"end":{"line":38,"column":78}},"38":{"start":{"line":39,"column":0},"end":{"line":39,"column":38}},"39":{"start":{"line":40,"column":0},"end":{"line":40,"column":32}},"40":{"start":{"line":41,"column":0},"end":{"line":41,"column":72}},"41":{"start":{"line":42,"column":0},"end":{"line":42,"column":74}},"42":{"start":{"line":43,"column":0},"end":{"line":43,"column":40}},"43":{"start":{"line":44,"column":0},"end":{"line":44,"column":3}},"44":{"start":{"line":45,"column":0},"end":{"line":45,"column":43}},"45":{"start":{"line":46,"column":0},"end":{"line":46,"column":20}},"46":{"start":{"line":47,"column":0},"end":{"line":47,"column":24}},"48":{"start":{"line":49,"column":0},"end":{"line":49,"column":78}},"49":{"start":{"line":50,"column":0},"end":{"line":50,"column":1}},"51":{"start":{"line":52,"column":0},"end":{"line":52,"column":3}},"52":{"start":{"line":53,"column":0},"end":{"line":53,"column":73}},"53":{"start":{"line":54,"column":0},"end":{"line":54,"column":2}},"54":{"start":{"line":55,"column":0},"end":{"line":55,"column":75}},"55":{"start":{"line":56,"column":0},"end":{"line":56,"column":76}},"56":{"start":{"line":57,"column":0},"end":{"line":57,"column":71}},"57":{"start":{"line":58,"column":0},"end":{"line":58,"column":2}},"58":{"start":{"line":59,"column":0},"end":{"line":59,"column":8}},"59":{"start":{"line":60,"column":0},"end":{"line":60,"column":31}},"60":{"start":{"line":61,"column":0},"end":{"line":61,"column":40}},"61":{"start":{"line":62,"column":0},"end":{"line":62,"column":6}},"62":{"start":{"line":63,"column":0},"end":{"line":63,"column":2}},"63":{"start":{"line":64,"column":0},"end":{"line":64,"column":62}},"64":{"start":{"line":65,"column":0},"end":{"line":65,"column":2}},"65":{"start":{"line":66,"column":0},"end":{"line":66,"column":11}},"66":{"start":{"line":67,"column":0},"end":{"line":67,"column":78}},"67":{"start":{"line":68,"column":0},"end":{"line":68,"column":2}},"68":{"start":{"line":69,"column":0},"end":{"line":69,"column":8}},"69":{"start":{"line":70,"column":0},"end":{"line":70,"column":61}},"70":{"start":{"line":71,"column":0},"end":{"line":71,"column":6}},"71":{"start":{"line":72,"column":0},"end":{"line":72,"column":2}},"72":{"start":{"line":73,"column":0},"end":{"line":73,"column":73}},"73":{"start":{"line":74,"column":0},"end":{"line":74,"column":2}},"74":{"start":{"line":75,"column":0},"end":{"line":75,"column":59}},"75":{"start":{"line":76,"column":0},"end":{"line":76,"column":2}},"76":{"start":{"line":77,"column":0},"end":{"line":77,"column":8}},"77":{"start":{"line":78,"column":0},"end":{"line":78,"column":31}},"78":{"start":{"line":79,"column":0},"end":{"line":79,"column":40}},"79":{"start":{"line":80,"column":0},"end":{"line":80,"column":2}},"80":{"start":{"line":81,"column":0},"end":{"line":81,"column":76}},"81":{"start":{"line":82,"column":0},"end":{"line":82,"column":76}},"82":{"start":{"line":83,"column":0},"end":{"line":83,"column":76}},"83":{"start":{"line":84,"column":0},"end":{"line":84,"column":76}},"84":{"start":{"line":85,"column":0},"end":{"line":85,"column":6}},"85":{"start":{"line":86,"column":0},"end":{"line":86,"column":2}},"86":{"start":{"line":87,"column":0},"end":{"line":87,"column":68}},"87":{"start":{"line":88,"column":0},"end":{"line":88,"column":23}},"88":{"start":{"line":89,"column":0},"end":{"line":89,"column":73}},"89":{"start":{"line":90,"column":0},"end":{"line":90,"column":73}},"90":{"start":{"line":91,"column":0},"end":{"line":91,"column":23}},"91":{"start":{"line":92,"column":0},"end":{"line":92,"column":32}},"92":{"start":{"line":93,"column":0},"end":{"line":93,"column":74}},"93":{"start":{"line":94,"column":0},"end":{"line":94,"column":23}},"94":{"start":{"line":95,"column":0},"end":{"line":95,"column":40}},"95":{"start":{"line":96,"column":0},"end":{"line":96,"column":3}},"96":{"start":{"line":97,"column":0},"end":{"line":97,"column":40}},"97":{"start":{"line":98,"column":0},"end":{"line":98,"column":43}},"99":{"start":{"line":100,"column":0},"end":{"line":100,"column":61}},"100":{"start":{"line":101,"column":0},"end":{"line":101,"column":1}},"102":{"start":{"line":103,"column":0},"end":{"line":103,"column":74}},"104":{"start":{"line":105,"column":0},"end":{"line":105,"column":3}},"105":{"start":{"line":106,"column":0},"end":{"line":106,"column":23}},"106":{"start":{"line":107,"column":0},"end":{"line":107,"column":43}},"107":{"start":{"line":108,"column":0},"end":{"line":108,"column":74}},"108":{"start":{"line":109,"column":0},"end":{"line":109,"column":77}},"109":{"start":{"line":110,"column":0},"end":{"line":110,"column":74}},"110":{"start":{"line":111,"column":0},"end":{"line":111,"column":41}},"111":{"start":{"line":112,"column":0},"end":{"line":112,"column":40}},"112":{"start":{"line":113,"column":0},"end":{"line":113,"column":3}},"113":{"start":{"line":114,"column":0},"end":{"line":114,"column":53}},"114":{"start":{"line":115,"column":0},"end":{"line":115,"column":11}},"115":{"start":{"line":116,"column":0},"end":{"line":116,"column":23}},"116":{"start":{"line":117,"column":0},"end":{"line":117,"column":11}},"117":{"start":{"line":118,"column":0},"end":{"line":118,"column":3}},"118":{"start":{"line":119,"column":0},"end":{"line":119,"column":34}},"119":{"start":{"line":120,"column":0},"end":{"line":120,"column":97}},"121":{"start":{"line":122,"column":0},"end":{"line":122,"column":20}},"122":{"start":{"line":123,"column":0},"end":{"line":123,"column":32}},"123":{"start":{"line":124,"column":0},"end":{"line":124,"column":38}},"124":{"start":{"line":125,"column":0},"end":{"line":125,"column":23}},"125":{"start":{"line":126,"column":0},"end":{"line":126,"column":10}},"126":{"start":{"line":127,"column":0},"end":{"line":127,"column":39}},"127":{"start":{"line":128,"column":0},"end":{"line":128,"column":45}},"129":{"start":{"line":130,"column":0},"end":{"line":130,"column":30}},"130":{"start":{"line":131,"column":0},"end":{"line":131,"column":40}},"131":{"start":{"line":132,"column":0},"end":{"line":132,"column":21}},"132":{"start":{"line":133,"column":0},"end":{"line":133,"column":5}},"133":{"start":{"line":134,"column":0},"end":{"line":134,"column":3}},"134":{"start":{"line":135,"column":0},"end":{"line":135,"column":62}},"135":{"start":{"line":136,"column":0},"end":{"line":136,"column":69}},"136":{"start":{"line":137,"column":0},"end":{"line":137,"column":4}},"137":{"start":{"line":138,"column":0},"end":{"line":138,"column":71}},"139":{"start":{"line":140,"column":0},"end":{"line":140,"column":30}},"140":{"start":{"line":141,"column":0},"end":{"line":141,"column":50}},"142":{"start":{"line":143,"column":0},"end":{"line":143,"column":11}},"143":{"start":{"line":144,"column":0},"end":{"line":144,"column":27}},"144":{"start":{"line":145,"column":0},"end":{"line":145,"column":11}},"145":{"start":{"line":146,"column":0},"end":{"line":146,"column":3}},"146":{"start":{"line":147,"column":0},"end":{"line":147,"column":62}},"147":{"start":{"line":148,"column":0},"end":{"line":148,"column":61}},"148":{"start":{"line":149,"column":0},"end":{"line":149,"column":19}},"150":{"start":{"line":151,"column":0},"end":{"line":151,"column":34}},"151":{"start":{"line":152,"column":0},"end":{"line":152,"column":26}},"152":{"start":{"line":153,"column":0},"end":{"line":153,"column":87}},"154":{"start":{"line":155,"column":0},"end":{"line":155,"column":20}},"155":{"start":{"line":156,"column":0},"end":{"line":156,"column":37}},"156":{"start":{"line":157,"column":0},"end":{"line":157,"column":47}},"157":{"start":{"line":158,"column":0},"end":{"line":158,"column":28}},"158":{"start":{"line":159,"column":0},"end":{"line":159,"column":10}},"159":{"start":{"line":160,"column":0},"end":{"line":160,"column":39}},"160":{"start":{"line":161,"column":0},"end":{"line":161,"column":55}},"162":{"start":{"line":163,"column":0},"end":{"line":163,"column":35}},"163":{"start":{"line":164,"column":0},"end":{"line":164,"column":49}},"164":{"start":{"line":165,"column":0},"end":{"line":165,"column":26}},"165":{"start":{"line":166,"column":0},"end":{"line":166,"column":5}},"166":{"start":{"line":167,"column":0},"end":{"line":167,"column":3}},"167":{"start":{"line":168,"column":0},"end":{"line":168,"column":45}},"168":{"start":{"line":169,"column":0},"end":{"line":169,"column":1}},"170":{"start":{"line":171,"column":0},"end":{"line":171,"column":3}},"171":{"start":{"line":172,"column":0},"end":{"line":172,"column":72}},"172":{"start":{"line":173,"column":0},"end":{"line":173,"column":76}},"173":{"start":{"line":174,"column":0},"end":{"line":174,"column":81}},"174":{"start":{"line":175,"column":0},"end":{"line":175,"column":55}},"175":{"start":{"line":176,"column":0},"end":{"line":176,"column":2}},"176":{"start":{"line":177,"column":0},"end":{"line":177,"column":6}},"177":{"start":{"line":178,"column":0},"end":{"line":178,"column":65}},"178":{"start":{"line":179,"column":0},"end":{"line":179,"column":6}},"179":{"start":{"line":180,"column":0},"end":{"line":180,"column":2}},"180":{"start":{"line":181,"column":0},"end":{"line":181,"column":6}},"181":{"start":{"line":182,"column":0},"end":{"line":182,"column":21}},"182":{"start":{"line":183,"column":0},"end":{"line":183,"column":19}},"183":{"start":{"line":184,"column":0},"end":{"line":184,"column":22}},"184":{"start":{"line":185,"column":0},"end":{"line":185,"column":2}},"185":{"start":{"line":186,"column":0},"end":{"line":186,"column":27}},"186":{"start":{"line":187,"column":0},"end":{"line":187,"column":2}},"187":{"start":{"line":188,"column":0},"end":{"line":188,"column":6}},"188":{"start":{"line":189,"column":0},"end":{"line":189,"column":55}},"189":{"start":{"line":190,"column":0},"end":{"line":190,"column":6}},"190":{"start":{"line":191,"column":0},"end":{"line":191,"column":2}},"191":{"start":{"line":192,"column":0},"end":{"line":192,"column":71}},"192":{"start":{"line":193,"column":0},"end":{"line":193,"column":72}},"193":{"start":{"line":194,"column":0},"end":{"line":194,"column":69}},"194":{"start":{"line":195,"column":0},"end":{"line":195,"column":67}},"195":{"start":{"line":196,"column":0},"end":{"line":196,"column":73}},"196":{"start":{"line":197,"column":0},"end":{"line":197,"column":23}},"197":{"start":{"line":198,"column":0},"end":{"line":198,"column":43}},"198":{"start":{"line":199,"column":0},"end":{"line":199,"column":32}},"199":{"start":{"line":200,"column":0},"end":{"line":200,"column":74}},"200":{"start":{"line":201,"column":0},"end":{"line":201,"column":73}},"201":{"start":{"line":202,"column":0},"end":{"line":202,"column":75}},"202":{"start":{"line":203,"column":0},"end":{"line":203,"column":40}},"203":{"start":{"line":204,"column":0},"end":{"line":204,"column":3}},"204":{"start":{"line":205,"column":0},"end":{"line":205,"column":50}},"205":{"start":{"line":206,"column":0},"end":{"line":206,"column":51}},"207":{"start":{"line":208,"column":0},"end":{"line":208,"column":41}},"208":{"start":{"line":209,"column":0},"end":{"line":209,"column":1}},"210":{"start":{"line":211,"column":0},"end":{"line":211,"column":74}},"212":{"start":{"line":213,"column":0},"end":{"line":213,"column":3}},"213":{"start":{"line":214,"column":0},"end":{"line":214,"column":57}},"214":{"start":{"line":215,"column":0},"end":{"line":215,"column":13}},"215":{"start":{"line":216,"column":0},"end":{"line":216,"column":2}},"216":{"start":{"line":217,"column":0},"end":{"line":217,"column":6}},"217":{"start":{"line":218,"column":0},"end":{"line":218,"column":43}},"218":{"start":{"line":219,"column":0},"end":{"line":219,"column":6}},"219":{"start":{"line":220,"column":0},"end":{"line":220,"column":2}},"220":{"start":{"line":221,"column":0},"end":{"line":221,"column":58}},"221":{"start":{"line":222,"column":0},"end":{"line":222,"column":28}},"222":{"start":{"line":223,"column":0},"end":{"line":223,"column":26}},"223":{"start":{"line":224,"column":0},"end":{"line":224,"column":54}},"224":{"start":{"line":225,"column":0},"end":{"line":225,"column":20}},"225":{"start":{"line":226,"column":0},"end":{"line":226,"column":52}},"226":{"start":{"line":227,"column":0},"end":{"line":227,"column":40}},"227":{"start":{"line":228,"column":0},"end":{"line":228,"column":3}},"228":{"start":{"line":229,"column":0},"end":{"line":229,"column":42}},"229":{"start":{"line":230,"column":0},"end":{"line":230,"column":56}},"230":{"start":{"line":231,"column":0},"end":{"line":231,"column":1}},"232":{"start":{"line":233,"column":0},"end":{"line":233,"column":3}},"233":{"start":{"line":234,"column":0},"end":{"line":234,"column":81}},"234":{"start":{"line":235,"column":0},"end":{"line":235,"column":81}},"235":{"start":{"line":236,"column":0},"end":{"line":236,"column":2}},"236":{"start":{"line":237,"column":0},"end":{"line":237,"column":38}},"237":{"start":{"line":238,"column":0},"end":{"line":238,"column":2}},"238":{"start":{"line":239,"column":0},"end":{"line":239,"column":72}},"239":{"start":{"line":240,"column":0},"end":{"line":240,"column":71}},"240":{"start":{"line":241,"column":0},"end":{"line":241,"column":70}},"241":{"start":{"line":242,"column":0},"end":{"line":242,"column":71}},"242":{"start":{"line":243,"column":0},"end":{"line":243,"column":75}},"243":{"start":{"line":244,"column":0},"end":{"line":244,"column":46}},"244":{"start":{"line":245,"column":0},"end":{"line":245,"column":23}},"245":{"start":{"line":246,"column":0},"end":{"line":246,"column":76}},"246":{"start":{"line":247,"column":0},"end":{"line":247,"column":79}},"247":{"start":{"line":248,"column":0},"end":{"line":248,"column":78}},"248":{"start":{"line":249,"column":0},"end":{"line":249,"column":38}},"249":{"start":{"line":250,"column":0},"end":{"line":250,"column":32}},"250":{"start":{"line":251,"column":0},"end":{"line":251,"column":71}},"251":{"start":{"line":252,"column":0},"end":{"line":252,"column":70}},"252":{"start":{"line":253,"column":0},"end":{"line":253,"column":36}},"253":{"start":{"line":254,"column":0},"end":{"line":254,"column":40}},"254":{"start":{"line":255,"column":0},"end":{"line":255,"column":3}},"255":{"start":{"line":256,"column":0},"end":{"line":256,"column":38}},"256":{"start":{"line":257,"column":0},"end":{"line":257,"column":20}},"257":{"start":{"line":258,"column":0},"end":{"line":258,"column":24}},"259":{"start":{"line":260,"column":0},"end":{"line":260,"column":11}},"260":{"start":{"line":261,"column":0},"end":{"line":261,"column":26}},"261":{"start":{"line":262,"column":0},"end":{"line":262,"column":11}},"262":{"start":{"line":263,"column":0},"end":{"line":263,"column":3}},"263":{"start":{"line":264,"column":0},"end":{"line":264,"column":64}},"265":{"start":{"line":266,"column":0},"end":{"line":266,"column":11}},"266":{"start":{"line":267,"column":0},"end":{"line":267,"column":30}},"267":{"start":{"line":268,"column":0},"end":{"line":268,"column":63}},"268":{"start":{"line":269,"column":0},"end":{"line":269,"column":61}},"269":{"start":{"line":270,"column":0},"end":{"line":270,"column":32}},"270":{"start":{"line":271,"column":0},"end":{"line":271,"column":3}},"271":{"start":{"line":272,"column":0},"end":{"line":272,"column":63}},"273":{"start":{"line":274,"column":0},"end":{"line":274,"column":34}},"274":{"start":{"line":275,"column":0},"end":{"line":275,"column":97}},"276":{"start":{"line":277,"column":0},"end":{"line":277,"column":11}},"277":{"start":{"line":278,"column":0},"end":{"line":278,"column":33}},"278":{"start":{"line":279,"column":0},"end":{"line":279,"column":32}},"279":{"start":{"line":280,"column":0},"end":{"line":280,"column":3}},"280":{"start":{"line":281,"column":0},"end":{"line":281,"column":22}},"282":{"start":{"line":283,"column":0},"end":{"line":283,"column":45}},"283":{"start":{"line":284,"column":0},"end":{"line":284,"column":4}},"284":{"start":{"line":285,"column":0},"end":{"line":285,"column":73}},"285":{"start":{"line":286,"column":0},"end":{"line":286,"column":76}},"286":{"start":{"line":287,"column":0},"end":{"line":287,"column":70}},"287":{"start":{"line":288,"column":0},"end":{"line":288,"column":7}},"288":{"start":{"line":289,"column":0},"end":{"line":289,"column":4}},"289":{"start":{"line":290,"column":0},"end":{"line":290,"column":93}},"290":{"start":{"line":291,"column":0},"end":{"line":291,"column":27}},"291":{"start":{"line":292,"column":0},"end":{"line":292,"column":4}},"292":{"start":{"line":293,"column":0},"end":{"line":293,"column":24}},"293":{"start":{"line":294,"column":0},"end":{"line":294,"column":1}},"295":{"start":{"line":296,"column":0},"end":{"line":296,"column":74}}},"s":{"0":1,"2":1,"4":1,"6":1,"7":1,"9":1,"11":1,"12":1,"14":1,"15":1,"17":1,"18":1,"20":1,"22":1,"23":1,"24":1,"25":1,"26":1,"27":1,"28":1,"29":1,"30":1,"31":1,"32":1,"33":1,"34":1,"35":1,"36":1,"37":1,"38":1,"39":1,"40":1,"41":1,"42":1,"43":1,"44":1,"45":1337,"46":1337,"48":1337,"49":1337,"51":1,"52":1,"53":1,"54":1,"55":1,"56":1,"57":1,"58":1,"59":1,"60":1,"61":1,"62":1,"63":1,"64":1,"65":1,"66":1,"67":1,"68":1,"69":1,"70":1,"71":1,"72":1,"73":1,"74":1,"75":1,"76":1,"77":1,"78":1,"79":1,"80":1,"81":1,"82":1,"83":1,"84":1,"85":1,"86":1,"87":1,"88":1,"89":1,"90":1,"91":1,"92":1,"93":1,"94":1,"95":1,"96":1,"97":254,"99":254,"100":254,"102":1,"104":1,"105":1,"106":1,"107":1,"108":1,"109":1,"110":1,"111":1,"112":1,"113":1,"114":702,"115":702,"116":11,"117":11,"118":691,"119":702,"121":702,"122":702,"123":661,"124":661,"125":702,"126":30,"127":30,"129":30,"130":26,"131":26,"132":26,"133":30,"134":4,"135":4,"136":4,"137":4,"139":4,"140":702,"142":702,"143":702,"144":4,"145":4,"146":0,"147":0,"148":0,"150":0,"151":0,"152":702,"154":702,"155":702,"156":0,"157":0,"158":0,"159":0,"160":0,"162":0,"163":0,"164":0,"165":0,"166":0,"167":702,"168":702,"170":1,"171":1,"172":1,"173":1,"174":1,"175":1,"176":1,"177":1,"178":1,"179":1,"180":1,"181":1,"182":1,"183":1,"184":1,"185":1,"186":1,"187":1,"188":1,"189":1,"190":1,"191":1,"192":1,"193":1,"194":1,"195":1,"196":1,"197":1,"198":1,"199":1,"200":1,"201":1,"202":1,"203":1,"204":1,"205":579,"207":579,"208":579,"210":1,"212":1,"213":1,"214":1,"215":1,"216":1,"217":1,"218":1,"219":1,"220":1,"221":1,"222":1,"223":1,"224":1,"225":1,"226":1,"227":1,"228":1,"229":517,"230":517,"232":1,"233":1,"234":1,"235":1,"236":1,"237":1,"238":1,"239":1,"240":1,"241":1,"242":1,"243":1,"244":1,"245":1,"246":1,"247":1,"248":1,"249":1,"250":1,"251":1,"252":1,"253":1,"254":1,"255":1,"256":279,"257":279,"259":279,"260":279,"261":1,"262":1,"263":279,"265":279,"266":279,"267":4,"268":4,"269":4,"270":4,"271":274,"273":274,"274":279,"276":279,"277":279,"278":18,"279":18,"280":256,"282":256,"283":256,"284":256,"285":256,"286":256,"287":256,"288":256,"289":256,"290":256,"291":256,"292":256,"293":256,"295":1},"branchMap":{"0":{"type":"branch","line":45,"loc":{"start":{"line":45,"column":7},"end":{"line":50,"column":1}},"locations":[{"start":{"line":45,"column":7},"end":{"line":50,"column":1}}]},"1":{"type":"branch","line":49,"loc":{"start":{"line":49,"column":27},"end":{"line":49,"column":67}},"locations":[{"start":{"line":49,"column":27},"end":{"line":49,"column":67}}]},"2":{"type":"branch","line":49,"loc":{"start":{"line":49,"column":69},"end":{"line":49,"column":77}},"locations":[{"start":{"line":49,"column":69},"end":{"line":49,"column":77}}]},"3":{"type":"branch","line":97,"loc":{"start":{"line":97,"column":7},"end":{"line":101,"column":1}},"locations":[{"start":{"line":97,"column":7},"end":{"line":101,"column":1}}]},"4":{"type":"branch","line":100,"loc":{"start":{"line":100,"column":27},"end":{"line":100,"column":49}},"locations":[{"start":{"line":100,"column":27},"end":{"line":100,"column":49}}]},"5":{"type":"branch","line":100,"loc":{"start":{"line":100,"column":51},"end":{"line":100,"column":60}},"locations":[{"start":{"line":100,"column":51},"end":{"line":100,"column":60}}]},"6":{"type":"branch","line":114,"loc":{"start":{"line":114,"column":7},"end":{"line":169,"column":1}},"locations":[{"start":{"line":114,"column":7},"end":{"line":169,"column":1}}]},"7":{"type":"branch","line":116,"loc":{"start":{"line":116,"column":22},"end":{"line":118,"column":3}},"locations":[{"start":{"line":116,"column":22},"end":{"line":118,"column":3}}]},"8":{"type":"branch","line":118,"loc":{"start":{"line":118,"column":2},"end":{"line":120,"column":68}},"locations":[{"start":{"line":118,"column":2},"end":{"line":120,"column":68}}]},"9":{"type":"branch","line":120,"loc":{"start":{"line":120,"column":68},"end":{"line":120,"column":75}},"locations":[{"start":{"line":120,"column":68},"end":{"line":120,"column":75}}]},"10":{"type":"branch","line":120,"loc":{"start":{"line":120,"column":76},"end":{"line":120,"column":96}},"locations":[{"start":{"line":120,"column":76},"end":{"line":120,"column":96}}]},"11":{"type":"branch","line":123,"loc":{"start":{"line":123,"column":31},"end":{"line":126,"column":3}},"locations":[{"start":{"line":123,"column":31},"end":{"line":126,"column":3}}]},"12":{"type":"branch","line":126,"loc":{"start":{"line":126,"column":3},"end":{"line":141,"column":49}},"locations":[{"start":{"line":126,"column":3},"end":{"line":141,"column":49}}]},"13":{"type":"branch","line":126,"loc":{"start":{"line":126,"column":3},"end":{"line":134,"column":3}},"locations":[{"start":{"line":126,"column":3},"end":{"line":134,"column":3}}]},"14":{"type":"branch","line":128,"loc":{"start":{"line":128,"column":31},"end":{"line":128,"column":44}},"locations":[{"start":{"line":128,"column":31},"end":{"line":128,"column":44}}]},"15":{"type":"branch","line":130,"loc":{"start":{"line":130,"column":29},"end":{"line":133,"column":5}},"locations":[{"start":{"line":130,"column":29},"end":{"line":133,"column":5}}]},"16":{"type":"branch","line":134,"loc":{"start":{"line":134,"column":2},"end":{"line":141,"column":49}},"locations":[{"start":{"line":134,"column":2},"end":{"line":141,"column":49}}]},"17":{"type":"branch","line":144,"loc":{"start":{"line":144,"column":26},"end":{"line":153,"column":61}},"locations":[{"start":{"line":144,"column":26},"end":{"line":153,"column":61}}]},"18":{"type":"branch","line":144,"loc":{"start":{"line":144,"column":26},"end":{"line":146,"column":3}},"locations":[{"start":{"line":144,"column":26},"end":{"line":146,"column":3}}]},"19":{"type":"branch","line":146,"loc":{"start":{"line":146,"column":2},"end":{"line":153,"column":61}},"locations":[{"start":{"line":146,"column":2},"end":{"line":153,"column":61}}]},"20":{"type":"branch","line":153,"loc":{"start":{"line":153,"column":62},"end":{"line":153,"column":86}},"locations":[{"start":{"line":153,"column":62},"end":{"line":153,"column":86}}]},"21":{"type":"branch","line":156,"loc":{"start":{"line":156,"column":36},"end":{"line":167,"column":3}},"locations":[{"start":{"line":156,"column":36},"end":{"line":167,"column":3}}]},"22":{"type":"branch","line":205,"loc":{"start":{"line":205,"column":7},"end":{"line":209,"column":1}},"locations":[{"start":{"line":205,"column":7},"end":{"line":209,"column":1}}]},"23":{"type":"branch","line":208,"loc":{"start":{"line":208,"column":21},"end":{"line":208,"column":40}},"locations":[{"start":{"line":208,"column":21},"end":{"line":208,"column":40}}]},"24":{"type":"branch","line":229,"loc":{"start":{"line":229,"column":7},"end":{"line":231,"column":1}},"locations":[{"start":{"line":229,"column":7},"end":{"line":231,"column":1}}]},"25":{"type":"branch","line":256,"loc":{"start":{"line":256,"column":7},"end":{"line":294,"column":1}},"locations":[{"start":{"line":256,"column":7},"end":{"line":294,"column":1}}]},"26":{"type":"branch","line":261,"loc":{"start":{"line":261,"column":25},"end":{"line":263,"column":3}},"locations":[{"start":{"line":261,"column":25},"end":{"line":263,"column":3}}]},"27":{"type":"branch","line":263,"loc":{"start":{"line":263,"column":2},"end":{"line":264,"column":56}},"locations":[{"start":{"line":263,"column":2},"end":{"line":264,"column":56}}]},"28":{"type":"branch","line":264,"loc":{"start":{"line":264,"column":56},"end":{"line":264,"column":63}},"locations":[{"start":{"line":264,"column":56},"end":{"line":264,"column":63}}]},"29":{"type":"branch","line":267,"loc":{"start":{"line":267,"column":29},"end":{"line":271,"column":3}},"locations":[{"start":{"line":267,"column":29},"end":{"line":271,"column":3}}]},"30":{"type":"branch","line":271,"loc":{"start":{"line":271,"column":2},"end":{"line":275,"column":68}},"locations":[{"start":{"line":271,"column":2},"end":{"line":275,"column":68}}]},"31":{"type":"branch","line":275,"loc":{"start":{"line":275,"column":68},"end":{"line":275,"column":75}},"locations":[{"start":{"line":275,"column":68},"end":{"line":275,"column":75}}]},"32":{"type":"branch","line":275,"loc":{"start":{"line":275,"column":76},"end":{"line":275,"column":96}},"locations":[{"start":{"line":275,"column":76},"end":{"line":275,"column":96}}]},"33":{"type":"branch","line":278,"loc":{"start":{"line":278,"column":32},"end":{"line":280,"column":3}},"locations":[{"start":{"line":278,"column":32},"end":{"line":280,"column":3}}]},"34":{"type":"branch","line":280,"loc":{"start":{"line":280,"column":2},"end":{"line":294,"column":1}},"locations":[{"start":{"line":280,"column":2},"end":{"line":294,"column":1}}]}},"b":{"0":[1337],"1":[1335],"2":[2],"3":[254],"4":[253],"5":[1],"6":[702],"7":[11],"8":[691],"9":[5],"10":[686],"11":[661],"12":[397],"13":[30],"14":[26],"15":[26],"16":[4],"17":[312],"18":[4],"19":[0],"20":[0],"21":[0],"22":[579],"23":[569],"24":[517],"25":[279],"26":[1],"27":[278],"28":[4],"29":[4],"30":[274],"31":[1],"32":[273],"33":[18],"34":[256]},"fnMap":{"0":{"name":"getTypeSignature","decl":{"start":{"line":45,"column":7},"end":{"line":50,"column":1}},"loc":{"start":{"line":45,"column":7},"end":{"line":50,"column":1}},"line":45},"1":{"name":"getTaggedType","decl":{"start":{"line":97,"column":7},"end":{"line":101,"column":1}},"loc":{"start":{"line":97,"column":7},"end":{"line":101,"column":1}},"line":97},"2":{"name":"getDefinedConstructor","decl":{"start":{"line":114,"column":7},"end":{"line":169,"column":1}},"loc":{"start":{"line":114,"column":7},"end":{"line":169,"column":1}},"line":114},"3":{"name":"getDefinedConstructorName","decl":{"start":{"line":205,"column":7},"end":{"line":209,"column":1}},"loc":{"start":{"line":205,"column":7},"end":{"line":209,"column":1}},"line":205},"4":{"name":"getFunctionSource","decl":{"start":{"line":229,"column":7},"end":{"line":231,"column":1}},"loc":{"start":{"line":229,"column":7},"end":{"line":231,"column":1}},"line":229},"5":{"name":"resolveType","decl":{"start":{"line":256,"column":7},"end":{"line":294,"column":1}},"loc":{"start":{"line":256,"column":7},"end":{"line":294,"column":1}},"line":256}},"f":{"0":1337,"1":254,"2":702,"3":579,"4":517,"5":279}}
,"/home/runner/work/es-type-detection/es-type-detection/src/base/index.js": {"path":"/home/runner/work/es-type-detection/es-type-detection/src/base/index.js","all":false,"statementMap":{"0":{"start":{"line":1,"column":0},"end":{"line":1,"column":12}},"2":{"start":{"line":3,"column":0},"end":{"line":3,"column":89}},"4":{"start":{"line":5,"column":0},"end":{"line":5,"column":74}},"6":{"start":{"line":7,"column":0},"end":{"line":7,"column":25}},"8":{"start":{"line":9,"column":0},"end":{"line":9,"column":3}},"9":{"start":{"line":10,"column":0},"end":{"line":10,"column":73}},"10":{"start":{"line":11,"column":0},"end":{"line":11,"column":75}},"11":{"start":{"line":12,"column":0},"end":{"line":12,"column":70}},"12":{"start":{"line":13,"column":0},"end":{"line":13,"column":2}},"13":{"start":{"line":14,"column":0},"end":{"line":14,"column":41}},"14":{"start":{"line":15,"column":0},"end":{"line":15,"column":23}},"15":{"start":{"line":16,"column":0},"end":{"line":16,"column":43}},"16":{"start":{"line":17,"column":0},"end":{"line":17,"column":31}},"17":{"start":{"line":18,"column":0},"end":{"line":18,"column":43}},"18":{"start":{"line":19,"column":0},"end":{"line":19,"column":44}},"19":{"start":{"line":20,"column":0},"end":{"line":20,"column":42}},"20":{"start":{"line":21,"column":0},"end":{"line":21,"column":3}},"21":{"start":{"line":22,"column":0},"end":{"line":22,"column":35}},"22":{"start":{"line":23,"column":0},"end":{"line":23,"column":10}},"23":{"start":{"line":24,"column":0},"end":{"line":24,"column":34}},"24":{"start":{"line":25,"column":0},"end":{"line":25,"column":39}},"25":{"start":{"line":26,"column":0},"end":{"line":26,"column":39}},"26":{"start":{"line":27,"column":0},"end":{"line":27,"column":37}},"27":{"start":{"line":28,"column":0},"end":{"line":28,"column":4}},"28":{"start":{"line":29,"column":0},"end":{"line":29,"column":1}},"29":{"start":{"line":30,"column":0},"end":{"line":30,"column":24}},"31":{"start":{"line":32,"column":0},"end":{"line":32,"column":74}},"33":{"start":{"line":34,"column":0},"end":{"line":34,"column":61}},"34":{"start":{"line":35,"column":0},"end":{"line":35,"column":65}},"35":{"start":{"line":36,"column":0},"end":{"line":36,"column":75}},"37":{"start":{"line":38,"column":0},"end":{"line":38,"column":3}},"38":{"start":{"line":39,"column":0},"end":{"line":39,"column":74}},"39":{"start":{"line":40,"column":0},"end":{"line":40,"column":73}},"40":{"start":{"line":41,"column":0},"end":{"line":41,"column":74}},"41":{"start":{"line":42,"column":0},"end":{"line":42,"column":40}},"42":{"start":{"line":43,"column":0},"end":{"line":43,"column":23}},"43":{"start":{"line":44,"column":0},"end":{"line":44,"column":43}},"44":{"start":{"line":45,"column":0},"end":{"line":45,"column":32}},"45":{"start":{"line":46,"column":0},"end":{"line":46,"column":61}},"46":{"start":{"line":47,"column":0},"end":{"line":47,"column":42}},"47":{"start":{"line":48,"column":0},"end":{"line":48,"column":3}},"48":{"start":{"line":49,"column":0},"end":{"line":49,"column":33}},"49":{"start":{"line":50,"column":0},"end":{"line":50,"column":54}},"50":{"start":{"line":51,"column":0},"end":{"line":51,"column":51}},"51":{"start":{"line":52,"column":0},"end":{"line":52,"column":53}},"53":{"start":{"line":54,"column":0},"end":{"line":54,"column":62}},"54":{"start":{"line":55,"column":0},"end":{"line":55,"column":61}},"55":{"start":{"line":56,"column":0},"end":{"line":56,"column":49}},"56":{"start":{"line":57,"column":0},"end":{"line":57,"column":1}},"58":{"start":{"line":59,"column":0},"end":{"line":59,"column":3}},"59":{"start":{"line":60,"column":0},"end":{"line":60,"column":78}},"60":{"start":{"line":61,"column":0},"end":{"line":61,"column":74}},"61":{"start":{"line":62,"column":0},"end":{"line":62,"column":25}},"62":{"start":{"line":63,"column":0},"end":{"line":63,"column":23}},"63":{"start":{"line":64,"column":0},"end":{"line":64,"column":43}},"64":{"start":{"line":65,"column":0},"end":{"line":65,"column":34}},"65":{"start":{"line":66,"column":0},"end":{"line":66,"column":80}},"66":{"start":{"line":67,"column":0},"end":{"line":67,"column":42}},"67":{"start":{"line":68,"column":0},"end":{"line":68,"column":3}},"68":{"start":{"line":69,"column":0},"end":{"line":69,"column":39}},"69":{"start":{"line":70,"column":0},"end":{"line":70,"column":10}},"70":{"start":{"line":71,"column":0},"end":{"line":71,"column":98}},"71":{"start":{"line":72,"column":0},"end":{"line":72,"column":4}},"72":{"start":{"line":73,"column":0},"end":{"line":73,"column":1}},"74":{"start":{"line":75,"column":0},"end":{"line":75,"column":3}},"75":{"start":{"line":76,"column":0},"end":{"line":76,"column":66}},"76":{"start":{"line":77,"column":0},"end":{"line":77,"column":67}},"77":{"start":{"line":78,"column":0},"end":{"line":78,"column":23}},"78":{"start":{"line":79,"column":0},"end":{"line":79,"column":43}},"79":{"start":{"line":80,"column":0},"end":{"line":80,"column":39}},"80":{"start":{"line":81,"column":0},"end":{"line":81,"column":74}},"81":{"start":{"line":82,"column":0},"end":{"line":82,"column":33}},"82":{"start":{"line":83,"column":0},"end":{"line":83,"column":42}},"83":{"start":{"line":84,"column":0},"end":{"line":84,"column":3}},"84":{"start":{"line":85,"column":0},"end":{"line":85,"column":43}},"85":{"start":{"line":86,"column":0},"end":{"line":86,"column":99}},"86":{"start":{"line":87,"column":0},"end":{"line":87,"column":1}},"88":{"start":{"line":89,"column":0},"end":{"line":89,"column":74}},"90":{"start":{"line":91,"column":0},"end":{"line":91,"column":65}},"91":{"start":{"line":92,"column":0},"end":{"line":92,"column":65}},"92":{"start":{"line":93,"column":0},"end":{"line":93,"column":63}},"94":{"start":{"line":95,"column":0},"end":{"line":95,"column":3}},"95":{"start":{"line":96,"column":0},"end":{"line":96,"column":23}},"96":{"start":{"line":97,"column":0},"end":{"line":97,"column":43}},"97":{"start":{"line":98,"column":0},"end":{"line":98,"column":34}},"98":{"start":{"line":99,"column":0},"end":{"line":99,"column":57}},"99":{"start":{"line":100,"column":0},"end":{"line":100,"column":42}},"100":{"start":{"line":101,"column":0},"end":{"line":101,"column":3}},"101":{"start":{"line":102,"column":0},"end":{"line":102,"column":38}},"102":{"start":{"line":103,"column":0},"end":{"line":103,"column":35}},"103":{"start":{"line":104,"column":0},"end":{"line":104,"column":1}},"104":{"start":{"line":105,"column":0},"end":{"line":105,"column":3}},"105":{"start":{"line":106,"column":0},"end":{"line":106,"column":23}},"106":{"start":{"line":107,"column":0},"end":{"line":107,"column":43}},"107":{"start":{"line":108,"column":0},"end":{"line":108,"column":34}},"108":{"start":{"line":109,"column":0},"end":{"line":109,"column":61}},"109":{"start":{"line":110,"column":0},"end":{"line":110,"column":42}},"110":{"start":{"line":111,"column":0},"end":{"line":111,"column":3}},"111":{"start":{"line":112,"column":0},"end":{"line":112,"column":38}},"112":{"start":{"line":113,"column":0},"end":{"line":113,"column":10}},"113":{"start":{"line":114,"column":0},"end":{"line":114,"column":52}},"114":{"start":{"line":115,"column":0},"end":{"line":115,"column":52}},"115":{"start":{"line":116,"column":0},"end":{"line":116,"column":29}},"116":{"start":{"line":117,"column":0},"end":{"line":117,"column":4}},"117":{"start":{"line":118,"column":0},"end":{"line":118,"column":1}},"118":{"start":{"line":119,"column":0},"end":{"line":119,"column":3}},"119":{"start":{"line":120,"column":0},"end":{"line":120,"column":23}},"120":{"start":{"line":121,"column":0},"end":{"line":121,"column":43}},"121":{"start":{"line":122,"column":0},"end":{"line":122,"column":33}},"122":{"start":{"line":123,"column":0},"end":{"line":123,"column":106}},"123":{"start":{"line":124,"column":0},"end":{"line":124,"column":42}},"124":{"start":{"line":125,"column":0},"end":{"line":125,"column":3}},"125":{"start":{"line":126,"column":0},"end":{"line":126,"column":33}},"126":{"start":{"line":127,"column":0},"end":{"line":127,"column":54}},"127":{"start":{"line":128,"column":0},"end":{"line":128,"column":1}},"129":{"start":{"line":130,"column":0},"end":{"line":130,"column":74}},"131":{"start":{"line":132,"column":0},"end":{"line":132,"column":65}},"132":{"start":{"line":133,"column":0},"end":{"line":133,"column":65}},"133":{"start":{"line":134,"column":0},"end":{"line":134,"column":63}},"135":{"start":{"line":136,"column":0},"end":{"line":136,"column":3}},"136":{"start":{"line":137,"column":0},"end":{"line":137,"column":23}},"137":{"start":{"line":138,"column":0},"end":{"line":138,"column":43}},"138":{"start":{"line":139,"column":0},"end":{"line":139,"column":34}},"139":{"start":{"line":140,"column":0},"end":{"line":140,"column":57}},"140":{"start":{"line":141,"column":0},"end":{"line":141,"column":42}},"141":{"start":{"line":142,"column":0},"end":{"line":142,"column":3}},"142":{"start":{"line":143,"column":0},"end":{"line":143,"column":38}},"143":{"start":{"line":144,"column":0},"end":{"line":144,"column":35}},"144":{"start":{"line":145,"column":0},"end":{"line":145,"column":1}},"145":{"start":{"line":146,"column":0},"end":{"line":146,"column":3}},"146":{"start":{"line":147,"column":0},"end":{"line":147,"column":23}},"147":{"start":{"line":148,"column":0},"end":{"line":148,"column":43}},"148":{"start":{"line":149,"column":0},"end":{"line":149,"column":34}},"149":{"start":{"line":150,"column":0},"end":{"line":150,"column":61}},"150":{"start":{"line":151,"column":0},"end":{"line":151,"column":42}},"151":{"start":{"line":152,"column":0},"end":{"line":152,"column":3}},"152":{"start":{"line":153,"column":0},"end":{"line":153,"column":38}},"153":{"start":{"line":154,"column":0},"end":{"line":154,"column":10}},"154":{"start":{"line":155,"column":0},"end":{"line":155,"column":52}},"155":{"start":{"line":156,"column":0},"end":{"line":156,"column":52}},"156":{"start":{"line":157,"column":0},"end":{"line":157,"column":29}},"157":{"start":{"line":158,"column":0},"end":{"line":158,"column":4}},"158":{"start":{"line":159,"column":0},"end":{"line":159,"column":1}},"159":{"start":{"line":160,"column":0},"end":{"line":160,"column":3}},"160":{"start":{"line":161,"column":0},"end":{"line":161,"column":23}},"161":{"start":{"line":162,"column":0},"end":{"line":162,"column":43}},"162":{"start":{"line":163,"column":0},"end":{"line":163,"column":33}},"163":{"start":{"line":164,"column":0},"end":{"line":164,"column":106}},"164":{"start":{"line":165,"column":0},"end":{"line":165,"column":42}},"165":{"start":{"line":166,"column":0},"end":{"line":166,"column":3}},"166":{"start":{"line":167,"column":0},"end":{"line":167,"column":33}},"167":{"start":{"line":168,"column":0},"end":{"line":168,"column":54}},"168":{"start":{"line":169,"column":0},"end":{"line":169,"column":1}},"170":{"start":{"line":171,"column":0},"end":{"line":171,"column":74}},"172":{"start":{"line":173,"column":0},"end":{"line":173,"column":67}},"173":{"start":{"line":174,"column":0},"end":{"line":174,"column":67}},"174":{"start":{"line":175,"column":0},"end":{"line":175,"column":65}},"176":{"start":{"line":177,"column":0},"end":{"line":177,"column":3}},"177":{"start":{"line":178,"column":0},"end":{"line":178,"column":23}},"178":{"start":{"line":179,"column":0},"end":{"line":179,"column":43}},"179":{"start":{"line":180,"column":0},"end":{"line":180,"column":35}},"180":{"start":{"line":181,"column":0},"end":{"line":181,"column":58}},"181":{"start":{"line":182,"column":0},"end":{"line":182,"column":42}},"182":{"start":{"line":183,"column":0},"end":{"line":183,"column":3}},"183":{"start":{"line":184,"column":0},"end":{"line":184,"column":39}},"184":{"start":{"line":185,"column":0},"end":{"line":185,"column":36}},"185":{"start":{"line":186,"column":0},"end":{"line":186,"column":1}},"186":{"start":{"line":187,"column":0},"end":{"line":187,"column":3}},"187":{"start":{"line":188,"column":0},"end":{"line":188,"column":23}},"188":{"start":{"line":189,"column":0},"end":{"line":189,"column":43}},"189":{"start":{"line":190,"column":0},"end":{"line":190,"column":35}},"190":{"start":{"line":191,"column":0},"end":{"line":191,"column":62}},"191":{"start":{"line":192,"column":0},"end":{"line":192,"column":42}},"192":{"start":{"line":193,"column":0},"end":{"line":193,"column":3}},"193":{"start":{"line":194,"column":0},"end":{"line":194,"column":39}},"194":{"start":{"line":195,"column":0},"end":{"line":195,"column":10}},"195":{"start":{"line":196,"column":0},"end":{"line":196,"column":53}},"196":{"start":{"line":197,"column":0},"end":{"line":197,"column":53}},"197":{"start":{"line":198,"column":0},"end":{"line":198,"column":29}},"198":{"start":{"line":199,"column":0},"end":{"line":199,"column":4}},"199":{"start":{"line":200,"column":0},"end":{"line":200,"column":1}},"200":{"start":{"line":201,"column":0},"end":{"line":201,"column":3}},"201":{"start":{"line":202,"column":0},"end":{"line":202,"column":23}},"202":{"start":{"line":203,"column":0},"end":{"line":203,"column":43}},"203":{"start":{"line":204,"column":0},"end":{"line":204,"column":34}},"204":{"start":{"line":205,"column":0},"end":{"line":205,"column":107}},"205":{"start":{"line":206,"column":0},"end":{"line":206,"column":42}},"206":{"start":{"line":207,"column":0},"end":{"line":207,"column":3}},"207":{"start":{"line":208,"column":0},"end":{"line":208,"column":34}},"208":{"start":{"line":209,"column":0},"end":{"line":209,"column":56}},"209":{"start":{"line":210,"column":0},"end":{"line":210,"column":1}},"211":{"start":{"line":212,"column":0},"end":{"line":212,"column":74}},"213":{"start":{"line":214,"column":0},"end":{"line":214,"column":65}},"214":{"start":{"line":215,"column":0},"end":{"line":215,"column":65}},"215":{"start":{"line":216,"column":0},"end":{"line":216,"column":63}},"217":{"start":{"line":218,"column":0},"end":{"line":218,"column":3}},"218":{"start":{"line":219,"column":0},"end":{"line":219,"column":23}},"219":{"start":{"line":220,"column":0},"end":{"line":220,"column":43}},"220":{"start":{"line":221,"column":0},"end":{"line":221,"column":34}},"221":{"start":{"line":222,"column":0},"end":{"line":222,"column":57}},"222":{"start":{"line":223,"column":0},"end":{"line":223,"column":42}},"223":{"start":{"line":224,"column":0},"end":{"line":224,"column":3}},"224":{"start":{"line":225,"column":0},"end":{"line":225,"column":38}},"225":{"start":{"line":226,"column":0},"end":{"line":226,"column":35}},"226":{"start":{"line":227,"column":0},"end":{"line":227,"column":1}},"227":{"start":{"line":228,"column":0},"end":{"line":228,"column":3}},"228":{"start":{"line":229,"column":0},"end":{"line":229,"column":23}},"229":{"start":{"line":230,"column":0},"end":{"line":230,"column":43}},"230":{"start":{"line":231,"column":0},"end":{"line":231,"column":34}},"231":{"start":{"line":232,"column":0},"end":{"line":232,"column":71}},"232":{"start":{"line":233,"column":0},"end":{"line":233,"column":42}},"233":{"start":{"line":234,"column":0},"end":{"line":234,"column":3}},"234":{"start":{"line":235,"column":0},"end":{"line":235,"column":38}},"235":{"start":{"line":236,"column":0},"end":{"line":236,"column":10}},"236":{"start":{"line":237,"column":0},"end":{"line":237,"column":52}},"237":{"start":{"line":238,"column":0},"end":{"line":238,"column":52}},"238":{"start":{"line":239,"column":0},"end":{"line":239,"column":29}},"239":{"start":{"line":240,"column":0},"end":{"line":240,"column":4}},"240":{"start":{"line":241,"column":0},"end":{"line":241,"column":1}},"241":{"start":{"line":242,"column":0},"end":{"line":242,"column":3}},"242":{"start":{"line":243,"column":0},"end":{"line":243,"column":23}},"243":{"start":{"line":244,"column":0},"end":{"line":244,"column":43}},"244":{"start":{"line":245,"column":0},"end":{"line":245,"column":33}},"245":{"start":{"line":246,"column":0},"end":{"line":246,"column":116}},"246":{"start":{"line":247,"column":0},"end":{"line":247,"column":42}},"247":{"start":{"line":248,"column":0},"end":{"line":248,"column":3}},"248":{"start":{"line":249,"column":0},"end":{"line":249,"column":33}},"249":{"start":{"line":250,"column":0},"end":{"line":250,"column":54}},"250":{"start":{"line":251,"column":0},"end":{"line":251,"column":1}},"252":{"start":{"line":253,"column":0},"end":{"line":253,"column":74}},"254":{"start":{"line":255,"column":0},"end":{"line":255,"column":65}},"255":{"start":{"line":256,"column":0},"end":{"line":256,"column":65}},"256":{"start":{"line":257,"column":0},"end":{"line":257,"column":63}},"258":{"start":{"line":259,"column":0},"end":{"line":259,"column":3}},"259":{"start":{"line":260,"column":0},"end":{"line":260,"column":23}},"260":{"start":{"line":261,"column":0},"end":{"line":261,"column":43}},"261":{"start":{"line":262,"column":0},"end":{"line":262,"column":34}},"262":{"start":{"line":263,"column":0},"end":{"line":263,"column":57}},"263":{"start":{"line":264,"column":0},"end":{"line":264,"column":42}},"264":{"start":{"line":265,"column":0},"end":{"line":265,"column":3}},"265":{"start":{"line":266,"column":0},"end":{"line":266,"column":38}},"266":{"start":{"line":267,"column":0},"end":{"line":267,"column":35}},"267":{"start":{"line":268,"column":0},"end":{"line":268,"column":1}},"268":{"start":{"line":269,"column":0},"end":{"line":269,"column":3}},"269":{"start":{"line":270,"column":0},"end":{"line":270,"column":23}},"270":{"start":{"line":271,"column":0},"end":{"line":271,"column":43}},"271":{"start":{"line":272,"column":0},"end":{"line":272,"column":34}},"272":{"start":{"line":273,"column":0},"end":{"line":273,"column":71}},"273":{"start":{"line":274,"column":0},"end":{"line":274,"column":42}},"274":{"start":{"line":275,"column":0},"end":{"line":275,"column":3}},"275":{"start":{"line":276,"column":0},"end":{"line":276,"column":38}},"276":{"start":{"line":277,"column":0},"end":{"line":277,"column":10}},"277":{"start":{"line":278,"column":0},"end":{"line":278,"column":52}},"278":{"start":{"line":279,"column":0},"end":{"line":279,"column":52}},"279":{"start":{"line":280,"column":0},"end":{"line":280,"column":29}},"280":{"start":{"line":281,"column":0},"end":{"line":281,"column":4}},"281":{"start":{"line":282,"column":0},"end":{"line":282,"column":1}},"282":{"start":{"line":283,"column":0},"end":{"line":283,"column":3}},"283":{"start":{"line":284,"column":0},"end":{"line":284,"column":23}},"284":{"start":{"line":285,"column":0},"end":{"line":285,"column":43}},"285":{"start":{"line":286,"column":0},"end":{"line":286,"column":33}},"286":{"start":{"line":287,"column":0},"end":{"line":287,"column":116}},"287":{"start":{"line":288,"column":0},"end":{"line":288,"column":42}},"288":{"start":{"line":289,"column":0},"end":{"line":289,"column":3}},"289":{"start":{"line":290,"column":0},"end":{"line":290,"column":33}},"290":{"start":{"line":291,"column":0},"end":{"line":291,"column":54}},"291":{"start":{"line":292,"column":0},"end":{"line":292,"column":1}},"293":{"start":{"line":294,"column":0},"end":{"line":294,"column":74}}},"s":{"0":1,"2":1,"4":1,"6":1,"8":1,"9":1,"10":1,"11":1,"12":1,"13":1,"14":1,"15":1,"16":1,"17":1,"18":1,"19":1,"20":1,"21":1,"22":3359,"23":3359,"24":3359,"25":3359,"26":2680,"27":3359,"28":3359,"29":1,"31":1,"33":1,"34":1,"35":1,"37":1,"38":1,"39":1,"40":1,"41":1,"42":1,"43":1,"44":1,"45":1,"46":1,"47":1,"48":1,"49":56,"50":56,"51":56,"53":56,"54":56,"55":56,"56":56,"58":1,"59":1,"60":1,"61":1,"62":1,"63":1,"64":1,"65":1,"66":1,"67":1,"68":1,"69":39,"70":39,"71":39,"72":39,"74":1,"75":1,"76":1,"77":1,"78":1,"79":1,"80":1,"81":1,"82":1,"83":1,"84":1,"85":32,"86":32,"88":1,"90":1,"91":1,"92":1,"94":1,"95":1,"96":1,"97":1,"98":1,"99":1,"100":1,"101":1,"102":502,"103":502,"104":1,"105":1,"106":1,"107":1,"108":1,"109":1,"110":1,"111":1,"112":87,"113":87,"114":87,"115":6,"116":87,"117":87,"118":1,"119":1,"120":1,"121":1,"122":1,"123":1,"124":1,"125":1,"126":351,"127":351,"129":1,"131":1,"132":1,"133":1,"135":1,"136":1,"137":1,"138":1,"139":1,"140":1,"141":1,"142":1,"143":70,"144":70,"145":1,"146":1,"147":1,"148":1,"149":1,"150":1,"151":1,"152":1,"153":67,"154":67,"155":67,"156":11,"157":67,"158":67,"159":1,"160":1,"161":1,"162":1,"163":1,"164":1,"165":1,"166":1,"167":35,"168":35,"170":1,"172":1,"173":1,"174":1,"176":1,"177":1,"178":1,"179":1,"180":1,"181":1,"182":1,"183":1,"184":70,"185":70,"186":1,"187":1,"188":1,"189":1,"190":1,"191":1,"192":1,"193":1,"194":64,"195":64,"196":64,"197":6,"198":64,"199":64,"200":1,"201":1,"202":1,"203":1,"204":1,"205":1,"206":1,"207":1,"208":35,"209":35,"211":1,"213":1,"214":1,"215":1,"217":1,"218":1,"219":1,"220":1,"221":1,"222":1,"223":1,"224":1,"225":70,"226":70,"227":1,"228":1,"229":1,"230":1,"231":1,"232":1,"233":1,"234":1,"235":69,"236":69,"237":69,"238":3,"239":69,"240":69,"241":1,"242":1,"243":1,"244":1,"245":1,"246":1,"247":1,"248":1,"249":35,"250":35,"252":1,"254":1,"255":1,"256":1,"258":1,"259":1,"260":1,"261":1,"262":1,"263":1,"264":1,"265":1,"266":70,"267":70,"268":1,"269":1,"270":1,"271":1,"272":1,"273":1,"274":1,"275":1,"276":69,"277":69,"278":69,"279":3,"280":69,"281":69,"282":1,"283":1,"284":1,"285":1,"286":1,"287":1,"288":1,"289":1,"290":35,"291":35,"293":1},"branchMap":{"0":{"type":"branch","line":22,"loc":{"start":{"line":22,"column":7},"end":{"line":29,"column":1}},"locations":[{"start":{"line":22,"column":7},"end":{"line":29,"column":1}}]},"1":{"type":"branch","line":24,"loc":{"start":{"line":24,"column":32},"end":{"line":25,"column":36}},"locations":[{"start":{"line":24,"column":32},"end":{"line":25,"column":36}}]},"2":{"type":"branch","line":25,"loc":{"start":{"line":25,"column":37},"end":{"line":26,"column":36}},"locations":[{"start":{"line":25,"column":37},"end":{"line":26,"column":36}}]},"3":{"type":"branch","line":26,"loc":{"start":{"line":26,"column":37},"end":{"line":27,"column":37}},"locations":[{"start":{"line":26,"column":37},"end":{"line":27,"column":37}}]},"4":{"type":"branch","line":49,"loc":{"start":{"line":49,"column":7},"end":{"line":57,"column":1}},"locations":[{"start":{"line":49,"column":7},"end":{"line":57,"column":1}}]},"5":{"type":"branch","line":52,"loc":{"start":{"line":52,"column":35},"end":{"line":52,"column":52}},"locations":[{"start":{"line":52,"column":35},"end":{"line":52,"column":52}}]},"6":{"type":"branch","line":69,"loc":{"start":{"line":69,"column":7},"end":{"line":73,"column":1}},"locations":[{"start":{"line":69,"column":7},"end":{"line":73,"column":1}}]},"7":{"type":"branch","line":71,"loc":{"start":{"line":71,"column":50},"end":{"line":71,"column":98}},"locations":[{"start":{"line":71,"column":50},"end":{"line":71,"column":98}}]},"8":{"type":"branch","line":85,"loc":{"start":{"line":85,"column":7},"end":{"line":87,"column":1}},"locations":[{"start":{"line":85,"column":7},"end":{"line":87,"column":1}}]},"9":{"type":"branch","line":86,"loc":{"start":{"line":86,"column":55},"end":{"line":86,"column":98}},"locations":[{"start":{"line":86,"column":55},"end":{"line":86,"column":98}}]},"10":{"type":"branch","line":86,"loc":{"start":{"line":86,"column":81},"end":{"line":86,"column":88}},"locations":[{"start":{"line":86,"column":81},"end":{"line":86,"column":88}}]},"11":{"type":"branch","line":102,"loc":{"start":{"line":102,"column":7},"end":{"line":104,"column":1}},"locations":[{"start":{"line":102,"column":7},"end":{"line":104,"column":1}}]},"12":{"type":"branch","line":112,"loc":{"start":{"line":112,"column":7},"end":{"line":118,"column":1}},"locations":[{"start":{"line":112,"column":7},"end":{"line":118,"column":1}}]},"13":{"type":"branch","line":114,"loc":{"start":{"line":114,"column":50},"end":{"line":115,"column":49}},"locations":[{"start":{"line":114,"column":50},"end":{"line":115,"column":49}}]},"14":{"type":"branch","line":115,"loc":{"start":{"line":115,"column":50},"end":{"line":116,"column":29}},"locations":[{"start":{"line":115,"column":50},"end":{"line":116,"column":29}}]},"15":{"type":"branch","line":126,"loc":{"start":{"line":126,"column":7},"end":{"line":128,"column":1}},"locations":[{"start":{"line":126,"column":7},"end":{"line":128,"column":1}}]},"16":{"type":"branch","line":127,"loc":{"start":{"line":127,"column":30},"end":{"line":127,"column":53}},"locations":[{"start":{"line":127,"column":30},"end":{"line":127,"column":53}}]},"17":{"type":"branch","line":143,"loc":{"start":{"line":143,"column":7},"end":{"line":145,"column":1}},"locations":[{"start":{"line":143,"column":7},"end":{"line":145,"column":1}}]},"18":{"type":"branch","line":153,"loc":{"start":{"line":153,"column":7},"end":{"line":159,"column":1}},"locations":[{"start":{"line":153,"column":7},"end":{"line":159,"column":1}}]},"19":{"type":"branch","line":155,"loc":{"start":{"line":155,"column":50},"end":{"line":156,"column":49}},"locations":[{"start":{"line":155,"column":50},"end":{"line":156,"column":49}}]},"20":{"type":"branch","line":156,"loc":{"start":{"line":156,"column":50},"end":{"line":157,"column":29}},"locations":[{"start":{"line":156,"column":50},"end":{"line":157,"column":29}}]},"21":{"type":"branch","line":167,"loc":{"start":{"line":167,"column":7},"end":{"line":169,"column":1}},"locations":[{"start":{"line":167,"column":7},"end":{"line":169,"column":1}}]},"22":{"type":"branch","line":168,"loc":{"start":{"line":168,"column":30},"end":{"line":168,"column":53}},"locations":[{"start":{"line":168,"column":30},"end":{"line":168,"column":53}}]},"23":{"type":"branch","line":184,"loc":{"start":{"line":184,"column":7},"end":{"line":186,"column":1}},"locations":[{"start":{"line":184,"column":7},"end":{"line":186,"column":1}}]},"24":{"type":"branch","line":194,"loc":{"start":{"line":194,"column":7},"end":{"line":200,"column":1}},"locations":[{"start":{"line":194,"column":7},"end":{"line":200,"column":1}}]},"25":{"type":"branch","line":196,"loc":{"start":{"line":196,"column":51},"end":{"line":197,"column":50}},"locations":[{"start":{"line":196,"column":51},"end":{"line":197,"column":50}}]},"26":{"type":"branch","line":197,"loc":{"start":{"line":197,"column":51},"end":{"line":198,"column":29}},"locations":[{"start":{"line":197,"column":51},"end":{"line":198,"column":29}}]},"27":{"type":"branch","line":208,"loc":{"start":{"line":208,"column":7},"end":{"line":210,"column":1}},"locations":[{"start":{"line":208,"column":7},"end":{"line":210,"column":1}}]},"28":{"type":"branch","line":209,"loc":{"start":{"line":209,"column":31},"end":{"line":209,"column":55}},"locations":[{"start":{"line":209,"column":31},"end":{"line":209,"column":55}}]},"29":{"type":"branch","line":225,"loc":{"start":{"line":225,"column":7},"end":{"line":227,"column":1}},"locations":[{"start":{"line":225,"column":7},"end":{"line":227,"column":1}}]},"30":{"type":"branch","line":235,"loc":{"start":{"line":235,"column":7},"end":{"line":241,"column":1}},"locations":[{"start":{"line":235,"column":7},"end":{"line":241,"column":1}}]},"31":{"type":"branch","line":237,"loc":{"start":{"line":237,"column":50},"end":{"line":238,"column":49}},"locations":[{"start":{"line":237,"column":50},"end":{"line":238,"column":49}}]},"32":{"type":"branch","line":238,"loc":{"start":{"line":238,"column":50},"end":{"line":239,"column":29}},"locations":[{"start":{"line":238,"column":50},"end":{"line":239,"column":29}}]},"33":{"type":"branch","line":249,"loc":{"start":{"line":249,"column":7},"end":{"line":251,"column":1}},"locations":[{"start":{"line":249,"column":7},"end":{"line":251,"column":1}}]},"34":{"type":"branch","line":250,"loc":{"start":{"line":250,"column":30},"end":{"line":250,"column":53}},"locations":[{"start":{"line":250,"column":30},"end":{"line":250,"column":53}}]},"35":{"type":"branch","line":266,"loc":{"start":{"line":266,"column":7},"end":{"line":268,"column":1}},"locations":[{"start":{"line":266,"column":7},"end":{"line":268,"column":1}}]},"36":{"type":"branch","line":276,"loc":{"start":{"line":276,"column":7},"end":{"line":282,"column":1}},"locations":[{"start":{"line":276,"column":7},"end":{"line":282,"column":1}}]},"37":{"type":"branch","line":278,"loc":{"start":{"line":278,"column":50},"end":{"line":279,"column":49}},"locations":[{"start":{"line":278,"column":50},"end":{"line":279,"column":49}}]},"38":{"type":"branch","line":279,"loc":{"start":{"line":279,"column":50},"end":{"line":280,"column":29}},"locations":[{"start":{"line":279,"column":50},"end":{"line":280,"column":29}}]},"39":{"type":"branch","line":290,"loc":{"start":{"line":290,"column":7},"end":{"line":292,"column":1}},"locations":[{"start":{"line":290,"column":7},"end":{"line":292,"column":1}}]},"40":{"type":"branch","line":291,"loc":{"start":{"line":291,"column":30},"end":{"line":291,"column":53}},"locations":[{"start":{"line":291,"column":30},"end":{"line":291,"column":53}}]}},"b":{"0":[3359],"1":[2680],"2":[2680],"3":[2680],"4":[56],"5":[36],"6":[39],"7":[12],"8":[32],"9":[5],"10":[1],"11":[502],"12":[87],"13":[6],"14":[6],"15":[351],"16":[52],"17":[70],"18":[67],"19":[11],"20":[11],"21":[35],"22":[32],"23":[70],"24":[64],"25":[6],"26":[6],"27":[35],"28":[33],"29":[70],"30":[69],"31":[3],"32":[3],"33":[35],"34":[34],"35":[70],"36":[69],"37":[3],"38":[3],"39":[35],"40":[34]},"fnMap":{"0":{"name":"isFunction","decl":{"start":{"line":22,"column":7},"end":{"line":29,"column":1}},"loc":{"start":{"line":22,"column":7},"end":{"line":29,"column":1}},"line":22},"1":{"name":"isObject","decl":{"start":{"line":49,"column":7},"end":{"line":57,"column":1}},"loc":{"start":{"line":49,"column":7},"end":{"line":57,"column":1}},"line":49},"2":{"name":"isObjectObject","decl":{"start":{"line":69,"column":7},"end":{"line":73,"column":1}},"loc":{"start":{"line":69,"column":7},"end":{"line":73,"column":1}},"line":69},"3":{"name":"isDictionaryObject","decl":{"start":{"line":85,"column":7},"end":{"line":87,"column":1}},"loc":{"start":{"line":85,"column":7},"end":{"line":87,"column":1}},"line":85},"4":{"name":"isStringValue","decl":{"start":{"line":102,"column":7},"end":{"line":104,"column":1}},"loc":{"start":{"line":102,"column":7},"end":{"line":104,"column":1}},"line":102},"5":{"name":"isBoxedString","decl":{"start":{"line":112,"column":7},"end":{"line":118,"column":1}},"loc":{"start":{"line":112,"column":7},"end":{"line":118,"column":1}},"line":112},"6":{"name":"isString","decl":{"start":{"line":126,"column":7},"end":{"line":128,"column":1}},"loc":{"start":{"line":126,"column":7},"end":{"line":128,"column":1}},"line":126},"7":{"name":"isNumberValue","decl":{"start":{"line":143,"column":7},"end":{"line":145,"column":1}},"loc":{"start":{"line":143,"column":7},"end":{"line":145,"column":1}},"line":143},"8":{"name":"isBoxedNumber","decl":{"start":{"line":153,"column":7},"end":{"line":159,"column":1}},"loc":{"start":{"line":153,"column":7},"end":{"line":159,"column":1}},"line":153},"9":{"name":"isNumber","decl":{"start":{"line":167,"column":7},"end":{"line":169,"column":1}},"loc":{"start":{"line":167,"column":7},"end":{"line":169,"column":1}},"line":167},"10":{"name":"isBooleanValue","decl":{"start":{"line":184,"column":7},"end":{"line":186,"column":1}},"loc":{"start":{"line":184,"column":7},"end":{"line":186,"column":1}},"line":184},"11":{"name":"isBoxedBoolean","decl":{"start":{"line":194,"column":7},"end":{"line":200,"column":1}},"loc":{"start":{"line":194,"column":7},"end":{"line":200,"column":1}},"line":194},"12":{"name":"isBoolean","decl":{"start":{"line":208,"column":7},"end":{"line":210,"column":1}},"loc":{"start":{"line":208,"column":7},"end":{"line":210,"column":1}},"line":208},"13":{"name":"isSymbolValue","decl":{"start":{"line":225,"column":7},"end":{"line":227,"column":1}},"loc":{"start":{"line":225,"column":7},"end":{"line":227,"column":1}},"line":225},"14":{"name":"isBoxedSymbol","decl":{"start":{"line":235,"column":7},"end":{"line":241,"column":1}},"loc":{"start":{"line":235,"column":7},"end":{"line":241,"column":1}},"line":235},"15":{"name":"isSymbol","decl":{"start":{"line":249,"column":7},"end":{"line":251,"column":1}},"loc":{"start":{"line":249,"column":7},"end":{"line":251,"column":1}},"line":249},"16":{"name":"isBigIntValue","decl":{"start":{"line":266,"column":7},"end":{"line":268,"column":1}},"loc":{"start":{"line":266,"column":7},"end":{"line":268,"column":1}},"line":266},"17":{"name":"isBoxedBigInt","decl":{"start":{"line":276,"column":7},"end":{"line":282,"column":1}},"loc":{"start":{"line":276,"column":7},"end":{"line":282,"column":1}},"line":276},"18":{"name":"isBigInt","decl":{"start":{"line":290,"column":7},"end":{"line":292,"column":1}},"loc":{"start":{"line":290,"column":7},"end":{"line":292,"column":1}},"line":290}},"f":{"0":3359,"1":56,"2":39,"3":32,"4":502,"5":87,"6":351,"7":70,"8":67,"9":35,"10":70,"11":64,"12":35,"13":70,"14":69,"15":35,"16":70,"17":69,"18":35}}
,"/home/runner/work/es-type-detection/es-type-detection/src/error/index.js": {"path":"/home/runner/work/es-type-detection/es-type-detection/src/error/index.js","all":false,"statementMap":{"0":{"start":{"line":1,"column":0},"end":{"line":1,"column":12}},"2":{"start":{"line":3,"column":0},"end":{"line":3,"column":73}},"3":{"start":{"line":4,"column":0},"end":{"line":4,"column":54}},"5":{"start":{"line":6,"column":0},"end":{"line":6,"column":74}},"7":{"start":{"line":8,"column":0},"end":{"line":8,"column":58}},"9":{"start":{"line":10,"column":0},"end":{"line":10,"column":3}},"10":{"start":{"line":11,"column":0},"end":{"line":11,"column":23}},"11":{"start":{"line":12,"column":0},"end":{"line":12,"column":43}},"12":{"start":{"line":13,"column":0},"end":{"line":13,"column":31}},"13":{"start":{"line":14,"column":0},"end":{"line":14,"column":64}},"14":{"start":{"line":15,"column":0},"end":{"line":15,"column":67}},"15":{"start":{"line":16,"column":0},"end":{"line":16,"column":75}},"16":{"start":{"line":17,"column":0},"end":{"line":17,"column":66}},"17":{"start":{"line":18,"column":0},"end":{"line":18,"column":33}},"18":{"start":{"line":19,"column":0},"end":{"line":19,"column":3}},"19":{"start":{"line":20,"column":0},"end":{"line":20,"column":32}},"20":{"start":{"line":21,"column":0},"end":{"line":21,"column":44}},"22":{"start":{"line":23,"column":0},"end":{"line":23,"column":10}},"23":{"start":{"line":24,"column":0},"end":{"line":24,"column":37}},"24":{"start":{"line":25,"column":0},"end":{"line":25,"column":73}},"25":{"start":{"line":26,"column":0},"end":{"line":26,"column":4}},"26":{"start":{"line":27,"column":0},"end":{"line":27,"column":57}},"27":{"start":{"line":28,"column":0},"end":{"line":28,"column":7}},"28":{"start":{"line":29,"column":0},"end":{"line":29,"column":53}},"29":{"start":{"line":30,"column":0},"end":{"line":30,"column":48}},"30":{"start":{"line":31,"column":0},"end":{"line":31,"column":45}},"31":{"start":{"line":32,"column":0},"end":{"line":32,"column":52}},"32":{"start":{"line":33,"column":0},"end":{"line":33,"column":16}},"33":{"start":{"line":34,"column":0},"end":{"line":34,"column":21}},"34":{"start":{"line":35,"column":0},"end":{"line":35,"column":40}},"35":{"start":{"line":36,"column":0},"end":{"line":36,"column":70}},"36":{"start":{"line":37,"column":0},"end":{"line":37,"column":58}},"37":{"start":{"line":38,"column":0},"end":{"line":38,"column":40}},"38":{"start":{"line":39,"column":0},"end":{"line":39,"column":18}},"39":{"start":{"line":40,"column":0},"end":{"line":40,"column":16}},"40":{"start":{"line":41,"column":0},"end":{"line":41,"column":1}},"42":{"start":{"line":43,"column":0},"end":{"line":43,"column":62}},"44":{"start":{"line":45,"column":0},"end":{"line":45,"column":3}},"45":{"start":{"line":46,"column":0},"end":{"line":46,"column":23}},"46":{"start":{"line":47,"column":0},"end":{"line":47,"column":43}},"47":{"start":{"line":48,"column":0},"end":{"line":48,"column":33}},"48":{"start":{"line":49,"column":0},"end":{"line":49,"column":77}},"49":{"start":{"line":50,"column":0},"end":{"line":50,"column":33}},"50":{"start":{"line":51,"column":0},"end":{"line":51,"column":3}},"51":{"start":{"line":52,"column":0},"end":{"line":52,"column":37}},"52":{"start":{"line":53,"column":0},"end":{"line":53,"column":72}},"53":{"start":{"line":54,"column":0},"end":{"line":54,"column":1}},"55":{"start":{"line":56,"column":0},"end":{"line":56,"column":3}},"56":{"start":{"line":57,"column":0},"end":{"line":57,"column":23}},"57":{"start":{"line":58,"column":0},"end":{"line":58,"column":43}},"58":{"start":{"line":59,"column":0},"end":{"line":59,"column":32}},"59":{"start":{"line":60,"column":0},"end":{"line":60,"column":78}},"60":{"start":{"line":61,"column":0},"end":{"line":61,"column":33}},"61":{"start":{"line":62,"column":0},"end":{"line":62,"column":3}},"62":{"start":{"line":63,"column":0},"end":{"line":63,"column":36}},"63":{"start":{"line":64,"column":0},"end":{"line":64,"column":76}},"64":{"start":{"line":65,"column":0},"end":{"line":65,"column":1}},"66":{"start":{"line":67,"column":0},"end":{"line":67,"column":3}},"67":{"start":{"line":68,"column":0},"end":{"line":68,"column":23}},"68":{"start":{"line":69,"column":0},"end":{"line":69,"column":43}},"69":{"start":{"line":70,"column":0},"end":{"line":70,"column":33}},"70":{"start":{"line":71,"column":0},"end":{"line":71,"column":79}},"71":{"start":{"line":72,"column":0},"end":{"line":72,"column":33}},"72":{"start":{"line":73,"column":0},"end":{"line":73,"column":3}},"73":{"start":{"line":74,"column":0},"end":{"line":74,"column":37}},"74":{"start":{"line":75,"column":0},"end":{"line":75,"column":77}},"75":{"start":{"line":76,"column":0},"end":{"line":76,"column":1}},"77":{"start":{"line":78,"column":0},"end":{"line":78,"column":3}},"78":{"start":{"line":79,"column":0},"end":{"line":79,"column":23}},"79":{"start":{"line":80,"column":0},"end":{"line":80,"column":43}},"80":{"start":{"line":81,"column":0},"end":{"line":81,"column":37}},"81":{"start":{"line":82,"column":0},"end":{"line":82,"column":83}},"82":{"start":{"line":83,"column":0},"end":{"line":83,"column":33}},"83":{"start":{"line":84,"column":0},"end":{"line":84,"column":3}},"84":{"start":{"line":85,"column":0},"end":{"line":85,"column":41}},"85":{"start":{"line":86,"column":0},"end":{"line":86,"column":81}},"86":{"start":{"line":87,"column":0},"end":{"line":87,"column":1}},"88":{"start":{"line":89,"column":0},"end":{"line":89,"column":3}},"89":{"start":{"line":90,"column":0},"end":{"line":90,"column":23}},"90":{"start":{"line":91,"column":0},"end":{"line":91,"column":43}},"91":{"start":{"line":92,"column":0},"end":{"line":92,"column":34}},"92":{"start":{"line":93,"column":0},"end":{"line":93,"column":80}},"93":{"start":{"line":94,"column":0},"end":{"line":94,"column":33}},"94":{"start":{"line":95,"column":0},"end":{"line":95,"column":3}},"95":{"start":{"line":96,"column":0},"end":{"line":96,"column":38}},"96":{"start":{"line":97,"column":0},"end":{"line":97,"column":78}},"97":{"start":{"line":98,"column":0},"end":{"line":98,"column":1}},"99":{"start":{"line":100,"column":0},"end":{"line":100,"column":3}},"100":{"start":{"line":101,"column":0},"end":{"line":101,"column":23}},"101":{"start":{"line":102,"column":0},"end":{"line":102,"column":43}},"102":{"start":{"line":103,"column":0},"end":{"line":103,"column":32}},"103":{"start":{"line":104,"column":0},"end":{"line":104,"column":78}},"104":{"start":{"line":105,"column":0},"end":{"line":105,"column":33}},"105":{"start":{"line":106,"column":0},"end":{"line":106,"column":3}},"106":{"start":{"line":107,"column":0},"end":{"line":107,"column":36}},"107":{"start":{"line":108,"column":0},"end":{"line":108,"column":76}},"108":{"start":{"line":109,"column":0},"end":{"line":109,"column":1}},"110":{"start":{"line":111,"column":0},"end":{"line":111,"column":3}},"111":{"start":{"line":112,"column":0},"end":{"line":112,"column":23}},"112":{"start":{"line":113,"column":0},"end":{"line":113,"column":43}},"113":{"start":{"line":114,"column":0},"end":{"line":114,"column":31}},"114":{"start":{"line":115,"column":0},"end":{"line":115,"column":77}},"115":{"start":{"line":116,"column":0},"end":{"line":116,"column":33}},"116":{"start":{"line":117,"column":0},"end":{"line":117,"column":3}},"117":{"start":{"line":118,"column":0},"end":{"line":118,"column":35}},"118":{"start":{"line":119,"column":0},"end":{"line":119,"column":75}},"119":{"start":{"line":120,"column":0},"end":{"line":120,"column":1}},"121":{"start":{"line":122,"column":0},"end":{"line":122,"column":3}},"122":{"start":{"line":123,"column":0},"end":{"line":123,"column":23}},"123":{"start":{"line":124,"column":0},"end":{"line":124,"column":43}},"124":{"start":{"line":125,"column":0},"end":{"line":125,"column":37}},"125":{"start":{"line":126,"column":0},"end":{"line":126,"column":83}},"126":{"start":{"line":127,"column":0},"end":{"line":127,"column":33}},"127":{"start":{"line":128,"column":0},"end":{"line":128,"column":3}},"128":{"start":{"line":129,"column":0},"end":{"line":129,"column":41}},"129":{"start":{"line":130,"column":0},"end":{"line":130,"column":81}},"130":{"start":{"line":131,"column":0},"end":{"line":131,"column":1}},"132":{"start":{"line":133,"column":0},"end":{"line":133,"column":74}}},"s":{"0":1,"2":1,"3":1,"5":1,"7":1,"9":1,"10":1,"11":1,"12":1,"13":1,"14":1,"15":1,"16":1,"17":1,"18":1,"19":1,"20":200,"22":200,"23":200,"24":89,"25":200,"26":200,"27":200,"28":200,"29":200,"30":200,"31":200,"32":200,"33":200,"34":200,"35":200,"36":200,"37":200,"38":200,"39":200,"40":200,"42":1,"44":1,"45":1,"46":1,"47":1,"48":1,"49":1,"50":1,"51":1,"52":20,"53":20,"55":1,"56":1,"57":1,"58":1,"59":1,"60":1,"61":1,"62":1,"63":20,"64":20,"66":1,"67":1,"68":1,"69":1,"70":1,"71":1,"72":1,"73":1,"74":20,"75":20,"77":1,"78":1,"79":1,"80":1,"81":1,"82":1,"83":1,"84":1,"85":20,"86":20,"88":1,"89":1,"90":1,"91":1,"92":1,"93":1,"94":1,"95":1,"96":20,"97":20,"99":1,"100":1,"101":1,"102":1,"103":1,"104":1,"105":1,"106":1,"107":20,"108":20,"110":1,"111":1,"112":1,"113":1,"114":1,"115":1,"116":1,"117":1,"118":20,"119":20,"121":1,"122":1,"123":1,"124":1,"125":1,"126":1,"127":1,"128":1,"129":20,"130":20,"132":1},"branchMap":{"0":{"type":"branch","line":20,"loc":{"start":{"line":20,"column":7},"end":{"line":41,"column":1}},"locations":[{"start":{"line":20,"column":7},"end":{"line":41,"column":1}}]},"1":{"type":"branch","line":24,"loc":{"start":{"line":24,"column":35},"end":{"line":25,"column":73}},"locations":[{"start":{"line":24,"column":35},"end":{"line":25,"column":73}}]},"2":{"type":"branch","line":25,"loc":{"start":{"line":25,"column":37},"end":{"line":25,"column":72}},"locations":[{"start":{"line":25,"column":37},"end":{"line":25,"column":72}}]},"3":{"type":"branch","line":52,"loc":{"start":{"line":52,"column":7},"end":{"line":54,"column":1}},"locations":[{"start":{"line":52,"column":7},"end":{"line":54,"column":1}}]},"4":{"type":"branch","line":53,"loc":{"start":{"line":53,"column":24},"end":{"line":53,"column":71}},"locations":[{"start":{"line":53,"column":24},"end":{"line":53,"column":71}}]},"5":{"type":"branch","line":63,"loc":{"start":{"line":63,"column":7},"end":{"line":65,"column":1}},"locations":[{"start":{"line":63,"column":7},"end":{"line":65,"column":1}}]},"6":{"type":"branch","line":64,"loc":{"start":{"line":64,"column":24},"end":{"line":64,"column":75}},"locations":[{"start":{"line":64,"column":24},"end":{"line":64,"column":75}}]},"7":{"type":"branch","line":74,"loc":{"start":{"line":74,"column":7},"end":{"line":76,"column":1}},"locations":[{"start":{"line":74,"column":7},"end":{"line":76,"column":1}}]},"8":{"type":"branch","line":75,"loc":{"start":{"line":75,"column":24},"end":{"line":75,"column":76}},"locations":[{"start":{"line":75,"column":24},"end":{"line":75,"column":76}}]},"9":{"type":"branch","line":85,"loc":{"start":{"line":85,"column":7},"end":{"line":87,"column":1}},"locations":[{"start":{"line":85,"column":7},"end":{"line":87,"column":1}}]},"10":{"type":"branch","line":86,"loc":{"start":{"line":86,"column":24},"end":{"line":86,"column":80}},"locations":[{"start":{"line":86,"column":24},"end":{"line":86,"column":80}}]},"11":{"type":"branch","line":96,"loc":{"start":{"line":96,"column":7},"end":{"line":98,"column":1}},"locations":[{"start":{"line":96,"column":7},"end":{"line":98,"column":1}}]},"12":{"type":"branch","line":97,"loc":{"start":{"line":97,"column":24},"end":{"line":97,"column":77}},"locations":[{"start":{"line":97,"column":24},"end":{"line":97,"column":77}}]},"13":{"type":"branch","line":107,"loc":{"start":{"line":107,"column":7},"end":{"line":109,"column":1}},"locations":[{"start":{"line":107,"column":7},"end":{"line":109,"column":1}}]},"14":{"type":"branch","line":108,"loc":{"start":{"line":108,"column":24},"end":{"line":108,"column":75}},"locations":[{"start":{"line":108,"column":24},"end":{"line":108,"column":75}}]},"15":{"type":"branch","line":118,"loc":{"start":{"line":118,"column":7},"end":{"line":120,"column":1}},"locations":[{"start":{"line":118,"column":7},"end":{"line":120,"column":1}}]},"16":{"type":"branch","line":119,"loc":{"start":{"line":119,"column":24},"end":{"line":119,"column":74}},"locations
[...]
ranch","line":124,"loc":{"start":{"line":124,"column":19},"end":{"line":146,"column":3}},"locations":[{"start":{"line":124,"column":19},"end":{"line":146,"column":3}}]},"19":{"type":"branch","line":139,"loc":{"start":{"line":139,"column":68},"end":{"line":139,"column":73}},"locations":[{"start":{"line":139,"column":68},"end":{"line":139,"column":73}}]},"20":{"type":"branch","line":141,"loc":{"start":{"line":141,"column":38},"end":{"line":141,"column":65}},"locations":[{"start":{"line":141,"column":38},"end":{"line":141,"column":65}}]},"21":{"type":"branch","line":143,"loc":{"start":{"line":143,"column":24},"end":{"line":143,"column":66}},"locations":[{"start":{"line":143,"column":24},"end":{"line":143,"column":66}}]},"22":{"type":"branch","line":143,"loc":{"start":{"line":143,"column":68},"end":{"line":145,"column":5}},"locations":[{"start":{"line":143,"column":68},"end":{"line":145,"column":5}}]},"23":{"type":"branch","line":164,"loc":{"start":{"line":164,"column":7},"end":{"line":228,"column":1}},"locations":[{"start":{"line":164,"column":7},"end":{"line":228,"column":1}}]},"24":{"type":"branch","line":172,"loc":{"start":{"line":172,"column":19},"end":{"line":172,"column":38}},"locations":[{"start":{"line":172,"column":19},"end":{"line":172,"column":38}}]},"25":{"type":"branch","line":172,"loc":{"start":{"line":172,"column":40},"end":{"line":226,"column":3}},"locations":[{"start":{"line":172,"column":40},"end":{"line":226,"column":3}}]},"26":{"type":"branch","line":187,"loc":{"start":{"line":187,"column":70},"end":{"line":187,"column":75}},"locations":[{"start":{"line":187,"column":70},"end":{"line":187,"column":75}}]},"27":{"type":"branch","line":189,"loc":{"start":{"line":189,"column":41},"end":{"line":189,"column":66}},"locations":[{"start":{"line":189,"column":41},"end":{"line":189,"column":66}}]},"28":{"type":"branch","line":208,"loc":{"start":{"line":208,"column":19},"end":{"line":209,"column":39}},"locations":[{"start":{"line":208,"column":19},"end":{"line":209,"column":39}}]},"29":{"type":"branch","line":209,"loc":{"start":{"line":209,"column":40},"end":{"line":210,"column":34}},"locations":[{"start":{"line":209,"column":40},"end":{"line":210,"column":34}}]},"30":{"type":"branch","line":210,"loc":{"start":{"line":210,"column":35},"end":{"line":211,"column":37}},"locations":[{"start":{"line":210,"column":35},"end":{"line":211,"column":37}}]},"31":{"type":"branch","line":217,"loc":{"start":{"line":217,"column":28},"end":{"line":218,"column":29}},"locations":[{"start":{"line":217,"column":28},"end":{"line":218,"column":29}}]},"32":{"type":"branch","line":218,"loc":{"start":{"line":218,"column":30},"end":{"line":221,"column":57}},"locations":[{"start":{"line":218,"column":30},"end":{"line":221,"column":57}}]},"33":{"type":"branch","line":224,"loc":{"start":{"line":224,"column":25},"end":{"line":225,"column":91}},"locations":[{"start":{"line":224,"column":25},"end":{"line":225,"column":91}}]},"34":{"type":"branch","line":237,"loc":{"start":{"line":237,"column":7},"end":{"line":239,"column":1}},"locations":[{"start":{"line":237,"column":7},"end":{"line":239,"column":1}}]},"35":{"type":"branch","line":261,"loc":{"start":{"line":261,"column":7},"end":{"line":328,"column":1}},"locations":[{"start":{"line":261,"column":7},"end":{"line":328,"column":1}}]},"36":{"type":"branch","line":263,"loc":{"start":{"line":263,"column":37},"end":{"line":267,"column":3}},"locations":[{"start":{"line":263,"column":37},"end":{"line":267,"column":3}}]},"37":{"type":"branch","line":267,"loc":{"start":{"line":267,"column":2},"end":{"line":269,"column":29}},"locations":[{"start":{"line":267,"column":2},"end":{"line":269,"column":29}}]},"38":{"type":"branch","line":269,"loc":{"start":{"line":269,"column":29},"end":{"line":269,"column":58}},"locations":[{"start":{"line":269,"column":29},"end":{"line":269,"column":58}}]},"39":{"type":"branch","line":269,"loc":{"start":{"line":269,"column":61},"end":{"line":273,"column":3}},"locations":[{"start":{"line":269,"column":61},"end":{"line":273,"column":3}}]},"40":{"type":"branch","line":273,"loc":{"start":{"line":273,"column":2},"end":{"line":276,"column":34}},"locations":[{"start":{"line":273,"column":2},"end":{"line":276,"column":34}}]},"41":{"type":"branch","line":276,"loc":{"start":{"line":276,"column":34},"end":{"line":278,"column":3}},"locations":[{"start":{"line":276,"column":34},"end":{"line":278,"column":3}}]},"42":{"type":"branch","line":278,"loc":{"start":{"line":278,"column":2},"end":{"line":284,"column":30}},"locations":[{"start":{"line":278,"column":2},"end":{"line":284,"column":30}}]},"43":{"type":"branch","line":284,"loc":{"start":{"line":284,"column":30},"end":{"line":286,"column":3}},"locations":[{"start":{"line":284,"column":30},"end":{"line":286,"column":3}}]},"44":{"type":"branch","line":286,"loc":{"start":{"line":286,"column":2},"end":{"line":287,"column":29}},"locations":[{"start":{"line":286,"column":2},"end":{"line":287,"column":29}}]},"45":{"type":"branch","line":287,"loc":{"start":{"line":287,"column":29},"end":{"line":289,"column":3}},"locations":[{"start":{"line":287,"column":29},"end":{"line":289,"column":3}}]},"46":{"type":"branch","line":289,"loc":{"start":{"line":289,"column":3},"end":{"line":293,"column":3}},"locations":[{"start":{"line":289,"column":3},"end":{"line":293,"column":3}}]},"47":{"type":"branch","line":293,"loc":{"start":{"line":293,"column":2},"end":{"line":296,"column":25}},"locations":[{"start":{"line":293,"column":2},"end":{"line":296,"column":25}}]},"48":{"type":"branch","line":296,"loc":{"start":{"line":296,"column":25},"end":{"line":298,"column":3}},"locations":[{"start":{"line":296,"column":25},"end":{"line":298,"column":3}}]},"49":{"type":"branch","line":298,"loc":{"start":{"line":298,"column":2},"end":{"line":309,"column":91}},"locations":[{"start":{"line":298,"column":2},"end":{"line":309,"column":91}}]},"50":{"type":"branch","line":309,"loc":{"start":{"line":309,"column":91},"end":{"line":309,"column":96}},"locations":[{"start":{"line":309,"column":91},"end":{"line":309,"column":96}}]},"51":{"type":"branch","line":312,"loc":{"start":{"line":312,"column":42},"end":{"line":312,"column":81}},"locations":[{"start":{"line":312,"column":42},"end":{"line":312,"column":81}}]},"52":{"type":"branch","line":314,"loc":{"start":{"line":314,"column":20},"end":{"line":326,"column":3}},"locations":[{"start":{"line":314,"column":20},"end":{"line":326,"column":3}}]},"53":{"type":"branch","line":326,"loc":{"start":{"line":326,"column":2},"end":{"line":328,"column":1}},"locations":[{"start":{"line":326,"column":2},"end":{"line":328,"column":1}}]}},"b":{"0":[305],"1":[303],"2":[9],"3":[294],"4":[279],"5":[3],"6":[261],"7":[72],"8":[18],"9":[72],"10":[72],"11":[66],"12":[72],"13":[66],"14":[54],"15":[12],"16":[102],"17":[101],"18":[7],"19":[0],"20":[5],"21":[6],"22":[4],"23":[102],"24":[8],"25":[7],"26":[0],"27":[5],"28":[4],"29":[0],"30":[0],"31":[0],"32":[0],"33":[0],"34":[34],"35":[37],"36":[9],"37":[28],"38":[2],"39":[2],"40":[26],"41":[2],"42":[24],"43":[2],"44":[22],"45":[6],"46":[16],"47":[22],"48":[2],"49":[20],"50":[15],"51":[16],"52":[16],"53":[20]},"fnMap":{"0":{"name":"hasBuiltinTypeIdentity","decl":{"start":{"line":42,"column":7},"end":{"line":88,"column":1}},"loc":{"start":{"line":42,"column":7},"end":{"line":88,"column":1}},"line":42},"1":{"name":"hasCustomTypeIdentity","decl":{"start":{"line":120,"column":7},"end":{"line":148,"column":1}},"loc":{"start":{"line":120,"column":7},"end":{"line":148,"column":1}},"line":120},"2":{"name":"hasStableTypeIdentity","decl":{"start":{"line":164,"column":7},"end":{"line":228,"column":1}},"loc":{"start":{"line":164,"column":7},"end":{"line":228,"column":1}},"line":164},"3":{"name":"getTrustedType","decl":{"start":{"line":237,"column":7},"end":{"line":239,"column":1}},"loc":{"start":{"line":237,"column":7},"end":{"line":239,"column":1}},"line":237},"4":{"name":"defineStableTypeIdentity","decl":{"start":{"line":261,"column":7},"end":{"line":328,"column":1}},"loc":{"start":{"line":261,"column":7},"end":{"line":328,"column":1}},"line":261}},"f":{"0":305,"1":102,"2":102,"3":34,"4":37}}
,"/home/runner/work/es-type-detection/es-type-detection/src/type-identity/utility.js": {"path":"/home/runner/work/es-type-detection/es-type-detection/src/type-identity/utility.js","all":false,"statementMap":{"0":{"start":{"line":1,"column":0},"end":{"line":1,"column":12}},"2":{"start":{"line":3,"column":0},"end":{"line":3,"column":52}},"3":{"start":{"line":4,"column":0},"end":{"line":4,"column":56}},"5":{"start":{"line":6,"column":0},"end":{"line":6,"column":57}},"6":{"start":{"line":7,"column":0},"end":{"line":7,"column":57}},"8":{"start":{"line":9,"column":0},"end":{"line":9,"column":74}},"10":{"start":{"line":11,"column":0},"end":{"line":11,"column":74}},"11":{"start":{"line":12,"column":0},"end":{"line":12,"column":101}},"13":{"start":{"line":14,"column":0},"end":{"line":14,"column":74}},"15":{"start":{"line":16,"column":0},"end":{"line":16,"column":3}},"16":{"start":{"line":17,"column":0},"end":{"line":17,"column":95}},"17":{"start":{"line":18,"column":0},"end":{"line":18,"column":35}},"18":{"start":{"line":19,"column":0},"end":{"line":19,"column":86}},"19":{"start":{"line":20,"column":0},"end":{"line":20,"column":12}},"20":{"start":{"line":21,"column":0},"end":{"line":21,"column":21}},"21":{"start":{"line":22,"column":0},"end":{"line":22,"column":21}},"22":{"start":{"line":23,"column":0},"end":{"line":23,"column":104}},"23":{"start":{"line":24,"column":0},"end":{"line":24,"column":33}},"24":{"start":{"line":25,"column":0},"end":{"line":25,"column":3}},"25":{"start":{"line":26,"column":0},"end":{"line":26,"column":64}},"26":{"start":{"line":27,"column":0},"end":{"line":27,"column":73}},"28":{"start":{"line":29,"column":0},"end":{"line":29,"column":99}},"29":{"start":{"line":30,"column":0},"end":{"line":30,"column":1}},"31":{"start":{"line":32,"column":0},"end":{"line":32,"column":3}},"32":{"start":{"line":33,"column":0},"end":{"line":33,"column":59}},"33":{"start":{"line":34,"column":0},"end":{"line":34,"column":60}},"34":{"start":{"line":35,"column":0},"end":{"line":35,"column":12}},"35":{"start":{"line":36,"column":0},"end":{"line":36,"column":21}},"36":{"start":{"line":37,"column":0},"end":{"line":37,"column":21}},"37":{"start":{"line":38,"column":0},"end":{"line":38,"column":59}},"38":{"start":{"line":39,"column":0},"end":{"line":39,"column":49}},"39":{"start":{"line":40,"column":0},"end":{"line":40,"column":33}},"40":{"start":{"line":41,"column":0},"end":{"line":41,"column":3}},"41":{"start":{"line":42,"column":0},"end":{"line":42,"column":63}},"42":{"start":{"line":43,"column":0},"end":{"line":43,"column":86}},"44":{"start":{"line":45,"column":0},"end":{"line":45,"column":10}},"45":{"start":{"line":46,"column":0},"end":{"line":46,"column":78}},"46":{"start":{"line":47,"column":0},"end":{"line":47,"column":27}},"47":{"start":{"line":48,"column":0},"end":{"line":48,"column":24}},"48":{"start":{"line":49,"column":0},"end":{"line":49,"column":26}},"49":{"start":{"line":50,"column":0},"end":{"line":50,"column":4}},"50":{"start":{"line":51,"column":0},"end":{"line":51,"column":1}},"52":{"start":{"line":53,"column":0},"end":{"line":53,"column":77}},"53":{"start":{"line":54,"column":0},"end":{"line":54,"column":2}},"54":{"start":{"line":55,"column":0},"end":{"line":55,"column":6}},"55":{"start":{"line":56,"column":0},"end":{"line":56,"column":57}},"56":{"start":{"line":57,"column":0},"end":{"line":57,"column":24}},"57":{"start":{"line":58,"column":0},"end":{"line":58,"column":36}},"58":{"start":{"line":59,"column":0},"end":{"line":59,"column":6}},"59":{"start":{"line":60,"column":0},"end":{"line":60,"column":71}},"60":{"start":{"line":61,"column":0},"end":{"line":61,"column":14}},"61":{"start":{"line":62,"column":0},"end":{"line":62,"column":64}},"62":{"start":{"line":63,"column":0},"end":{"line":63,"column":20}},"63":{"start":{"line":64,"column":0},"end":{"line":64,"column":6}},"64":{"start":{"line":65,"column":0},"end":{"line":65,"column":101}},"65":{"start":{"line":66,"column":0},"end":{"line":66,"column":38}},"66":{"start":{"line":67,"column":0},"end":{"line":67,"column":78}},"67":{"start":{"line":68,"column":0},"end":{"line":68,"column":2}},"68":{"start":{"line":69,"column":0},"end":{"line":69,"column":75}},"69":{"start":{"line":70,"column":0},"end":{"line":70,"column":52}},"70":{"start":{"line":71,"column":0},"end":{"line":71,"column":7}},"71":{"start":{"line":72,"column":0},"end":{"line":72,"column":23}},"72":{"start":{"line":73,"column":0},"end":{"line":73,"column":34}},"73":{"start":{"line":74,"column":0},"end":{"line":74,"column":79}},"74":{"start":{"line":75,"column":0},"end":{"line":75,"column":31}},"75":{"start":{"line":76,"column":0},"end":{"line":76,"column":27}},"76":{"start":{"line":77,"column":0},"end":{"line":77,"column":9}},"77":{"start":{"line":78,"column":0},"end":{"line":78,"column":35}},"78":{"start":{"line":79,"column":0},"end":{"line":79,"column":61}},"79":{"start":{"line":80,"column":0},"end":{"line":80,"column":72}},"80":{"start":{"line":81,"column":0},"end":{"line":81,"column":82}},"81":{"start":{"line":82,"column":0},"end":{"line":82,"column":6}},"82":{"start":{"line":83,"column":0},"end":{"line":83,"column":19}},"83":{"start":{"line":84,"column":0},"end":{"line":84,"column":18}},"84":{"start":{"line":85,"column":0},"end":{"line":85,"column":4}},"85":{"start":{"line":86,"column":0},"end":{"line":86,"column":2}},"86":{"start":{"line":87,"column":0},"end":{"line":87,"column":77}},"87":{"start":{"line":88,"column":0},"end":{"line":88,"column":2}},"88":{"start":{"line":89,"column":0},"end":{"line":89,"column":6}},"89":{"start":{"line":90,"column":0},"end":{"line":90,"column":57}},"90":{"start":{"line":91,"column":0},"end":{"line":91,"column":33}},"91":{"start":{"line":92,"column":0},"end":{"line":92,"column":24}},"92":{"start":{"line":93,"column":0},"end":{"line":93,"column":36}},"93":{"start":{"line":94,"column":0},"end":{"line":94,"column":6}},"94":{"start":{"line":95,"column":0},"end":{"line":95,"column":77}},"95":{"start":{"line":96,"column":0},"end":{"line":96,"column":111}},"96":{"start":{"line":97,"column":0},"end":{"line":97,"column":2}},"97":{"start":{"line":98,"column":0},"end":{"line":98,"column":14}},"98":{"start":{"line":99,"column":0},"end":{"line":99,"column":41}},"99":{"start":{"line":100,"column":0},"end":{"line":100,"column":27}},"100":{"start":{"line":101,"column":0},"end":{"line":101,"column":86}},"101":{"start":{"line":102,"column":0},"end":{"line":102,"column":9}},"102":{"start":{"line":103,"column":0},"end":{"line":103,"column":6}},"103":{"start":{"line":104,"column":0},"end":{"line":104,"column":14}},"104":{"start":{"line":105,"column":0},"end":{"line":105,"column":65}},"105":{"start":{"line":106,"column":0},"end":{"line":106,"column":91}},"106":{"start":{"line":107,"column":0},"end":{"line":107,"column":6}},"107":{"start":{"line":108,"column":0},"end":{"line":108,"column":14}},"108":{"start":{"line":109,"column":0},"end":{"line":109,"column":33}},"109":{"start":{"line":110,"column":0},"end":{"line":110,"column":89}},"110":{"start":{"line":111,"column":0},"end":{"line":111,"column":6}},"111":{"start":{"line":112,"column":0},"end":{"line":112,"column":12}},"112":{"start":{"line":113,"column":0},"end":{"line":113,"column":26}},"113":{"start":{"line":114,"column":0},"end":{"line":114,"column":18}},"114":{"start":{"line":115,"column":0},"end":{"line":115,"column":16}},"115":{"start":{"line":116,"column":0},"end":{"line":116,"column":19}},"116":{"start":{"line":117,"column":0},"end":{"line":117,"column":83}},"117":{"start":{"line":118,"column":0},"end":{"line":118,"column":2}},"118":{"start":{"line":119,"column":0},"end":{"line":119,"column":13}},"119":{"start":{"line":120,"column":0},"end":{"line":120,"column":35}},"120":{"start":{"line":121,"column":0},"end":{"line":121,"column":48}},"121":{"start":{"line":122,"column":0},"end":{"line":122,"column":30}},"122":{"start":{"line":123,"column":0},"end":{"line":123,"column":27}},"123":{"start":{"line":124,"column":0},"end":{"line":124,"column":28}},"124":{"start":{"line":125,"column":0},"end":{"line":125,"column":7}},"125":{"start":{"line":126,"column":0},"end":{"line":126,"column":4}},"126":{"start":{"line":127,"column":0},"end":{"line":127,"column":2}},"127":{"start":{"line":128,"column":0},"end":{"line":128,"column":77}}},"s":{"0":1,"2":1,"3":1,"5":1,"6":1,"8":1,"10":1,"11":1,"13":1,"15":1,"16":1,"17":1,"18":1,"19":1,"20":1,"21":1,"22":1,"23":1,"24":1,"25":1,"26":58,"28":58,"29":58,"31":1,"32":1,"33":1,"34":1,"35":1,"36":1,"37":1,"38":1,"39":1,"40":1,"41":1,"42":58,"44":58,"45":58,"46":58,"47":58,"48":57,"49":58,"50":58,"52":1,"53":1,"54":1,"55":1,"56":1,"57":1,"58":1,"59":1,"60":1,"61":1,"62":1,"63":1,"64":1,"65":1,"66":1,"67":1,"68":1,"69":1,"70":1,"71":1,"72":1,"73":1,"74":1,"75":1,"76":1,"77":1,"78":1,"79":1,"80":1,"81":1,"82":1,"83":1,"84":1,"85":1,"86":1,"87":1,"88":1,"89":1,"90":1,"91":1,"92":1,"93":1,"94":1,"95":1,"96":1,"97":1,"98":1,"99":1,"100":1,"101":1,"102":1,"103":1,"104":1,"105":1,"106":1,"107":1,"108":1,"109":1,"110":1,"111":1,"112":1,"113":1,"114":1,"115":1,"116":1,"117":1,"118":1,"119":1,"120":1,"121":1,"122":1,"123":1,"124":1,"125":1,"126":1,"127":1},"branchMap":{"0":{"type":"branch","line":26,"loc":{"start":{"line":26,"column":7},"end":{"line":30,"column":1}},"locations":[{"start":{"line":26,"column":7},"end":{"line":30,"column":1}}]},"1":{"type":"branch","line":27,"loc":{"start":{"line":27,"column":67},"end":{"line":27,"column":72}},"locations":[{"start":{"line":27,"column":67},"end":{"line":27,"column":72}}]},"2":{"type":"branch","line":29,"loc":{"start":{"line":29,"column":28},"end":{"line":29,"column":51}},"locations":[{"start":{"line":29,"column":28},"end":{"line":29,"column":51}}]},"3":{"type":"branch","line":29,"loc":{"start":{"line":29,"column":52},"end":{"line":29,"column":73}},"locations":[{"start":{"line":29,"column":52},"end":{"line":29,"column":73}}]},"4":{"type":"branch","line":29,"loc":{"start":{"line":29,"column":74},"end":{"line":29,"column":98}},"locations":[{"start":{"line":29,"column":74},"end":{"line":29,"column":98}}]},"5":{"type":"branch","line":42,"loc":{"start":{"line":42,"column":7},"end":{"line":51,"column":1}},"locations":[{"start":{"line":42,"column":7},"end":{"line":51,"column":1}}]},"6":{"type":"branch","line":43,"loc":{"start":{"line":43,"column":80},"end":{"line":43,"column":85}},"locations":[{"start":{"line":43,"column":80},"end":{"line":43,"column":85}}]},"7":{"type":"branch","line":46,"loc":{"start":{"line":46,"column":25},"end":{"line":46,"column":51}},"locations":[{"start":{"line":46,"column":25},"end":{"line":46,"column":51}}]},"8":{"type":"branch","line":46,"loc":{"start":{"line":46,"column":53},"end":{"line":46,"column":74}},"locations":[{"start":{"line":46,"column":53},"end":{"line":46,"column":74}}]},"9":{"type":"branch","line":46,"loc":{"start":{"line":46,"column":76},"end":{"line":47,"column":24}},"locations":[{"start":{"line":46,"column":76},"end":{"line":47,"column":24}}]},"10":{"type":"branch","line":47,"loc":{"start":{"line":47,"column":25},"end":{"line":48,"column":21}},"locations":[{"start":{"line":47,"column":25},"end":{"line":48,"column":21}}]},"11":{"type":"branch","line":48,"loc":{"start":{"line":48,"column":22},"end":{"line":49,"column":26}},"locations":[{"start":{"line":48,"column":22},"end":{"line":49,"column":26}}]}},"b":{"0":[58],"1":[1],"2":[55],"3":[55],"4":[55],"5":[58],"6":[1],"7":[2],"8":[56],"9":[57],"10":[57],"11":[57]},"fnMap":{"0":{"name":"doesMatchNonEnumerableDescriptorDefault","decl":{"start":{"line":26,"column":7},"end":{"line":30,"column":1}},"loc":{"start":{"line":26,"column":7},"end":{"line":30,"column":1}},"line":26},"1":{"name":"doesMatchStableNonEnumerableDescriptor","decl":{"start":{"line":42,"column":7},"end":{"line":51,"column":1}},"loc":{"start":{"line":42,"column":7},"end":{"line":51,"column":1}},"line":42}},"f":{"0":58,"1":58}}
}
