{"/home/runner/work/es-type-detection/es-type-detection/src/index.js": {"path":"/home/runner/work/es-type-detection/es-type-detection/src/index.js","all":false,"statementMap":{"0":{"start":{"line":1,"column":0},"end":{"line":1,"column":8}},"8":{"start":{"line":9,"column":0},"end":{"line":9,"column":8}},"15":{"start":{"line":16,"column":0},"end":{"line":16,"column":8}},"37":{"start":{"line":38,"column":0},"end":{"line":38,"column":8}},"44":{"start":{"line":45,"column":0},"end":{"line":45,"column":8}},"60":{"start":{"line":61,"column":0},"end":{"line":61,"column":8}},"72":{"start":{"line":73,"column":0},"end":{"line":73,"column":8}},"81":{"start":{"line":82,"column":0},"end":{"line":82,"column":30}},"82":{"start":{"line":83,"column":0},"end":{"line":83,"column":16}},"83":{"start":{"line":84,"column":0},"end":{"line":84,"column":12}},"84":{"start":{"line":85,"column":0},"end":{"line":85,"column":21}},"85":{"start":{"line":86,"column":0},"end":{"line":86,"column":18}},"86":{"start":{"line":87,"column":0},"end":{"line":87,"column":26}},"87":{"start":{"line":88,"column":0},"end":{"line":88,"column":30}},"88":{"start":{"line":89,"column":0},"end":{"line":89,"column":16}},"89":{"start":{"line":90,"column":0},"end":{"line":90,"column":29}},"90":{"start":{"line":91,"column":0},"end":{"line":91,"column":26}},"91":{"start":{"line":92,"column":0},"end":{"line":92,"column":26}},"92":{"start":{"line":93,"column":0},"end":{"line":93,"column":27}},"93":{"start":{"line":94,"column":0},"end":{"line":94,"column":21}},"94":{"start":{"line":95,"column":0},"end":{"line":95,"column":20}},"95":{"start":{"line":96,"column":0},"end":{"line":96,"column":27}},"96":{"start":{"line":97,"column":0},"end":{"line":97,"column":4}},"97":{"start":{"line":98,"column":0},"end":{"line":98,"column":9}},"98":{"start":{"line":99,"column":0},"end":{"line":99,"column":15}},"99":{"start":{"line":100,"column":0},"end":{"line":100,"column":13}},"100":{"start":{"line":101,"column":0},"end":{"line":101,"column":19}},"101":{"start":{"line":102,"column":0},"end":{"line":102,"column":23}},"102":{"start":{"line":103,"column":0},"end":{"line":103,"column":13}},"103":{"start":{"line":104,"column":0},"end":{"line":104,"column":18}},"104":{"start":{"line":105,"column":0},"end":{"line":105,"column":18}},"105":{"start":{"line":106,"column":0},"end":{"line":106,"column":13}},"106":{"start":{"line":107,"column":0},"end":{"line":107,"column":18}},"107":{"start":{"line":108,"column":0},"end":{"line":108,"column":18}},"108":{"start":{"line":109,"column":0},"end":{"line":109,"column":14}},"109":{"start":{"line":110,"column":0},"end":{"line":110,"column":19}},"110":{"start":{"line":111,"column":0},"end":{"line":111,"column":19}},"111":{"start":{"line":112,"column":0},"end":{"line":112,"column":13}},"112":{"start":{"line":113,"column":0},"end":{"line":113,"column":18}},"113":{"start":{"line":114,"column":0},"end":{"line":114,"column":18}},"114":{"start":{"line":115,"column":0},"end":{"line":115,"column":13}},"115":{"start":{"line":116,"column":0},"end":{"line":116,"column":18}},"116":{"start":{"line":117,"column":0},"end":{"line":117,"column":17}},"117":{"start":{"line":118,"column":0},"end":{"line":118,"column":4}},"118":{"start":{"line":119,"column":0},"end":{"line":119,"column":7}},"119":{"start":{"line":120,"column":0},"end":{"line":120,"column":20}},"120":{"start":{"line":121,"column":0},"end":{"line":121,"column":12}},"121":{"start":{"line":122,"column":0},"end":{"line":122,"column":24}},"122":{"start":{"line":123,"column":0},"end":{"line":123,"column":29}},"123":{"start":{"line":124,"column":0},"end":{"line":124,"column":27}},"124":{"start":{"line":125,"column":0},"end":{"line":125,"column":20}},"125":{"start":{"line":126,"column":0},"end":{"line":126,"column":20}},"126":{"start":{"line":127,"column":0},"end":{"line":127,"column":17}},"127":{"start":{"line":128,"column":0},"end":{"line":128,"column":20}},"128":{"start":{"line":129,"column":0},"end":{"line":129,"column":12}},"129":{"start":{"line":130,"column":0},"end":{"line":130,"column":18}},"130":{"start":{"line":131,"column":0},"end":{"line":131,"column":22}},"131":{"start":{"line":132,"column":0},"end":{"line":132,"column":27}},"132":{"start":{"line":133,"column":0},"end":{"line":133,"column":21}},"133":{"start":{"line":134,"column":0},"end":{"line":134,"column":4}},"134":{"start":{"line":135,"column":0},"end":{"line":135,"column":10}},"135":{"start":{"line":136,"column":0},"end":{"line":136,"column":12}},"136":{"start":{"line":137,"column":0},"end":{"line":137,"column":17}},"137":{"start":{"line":138,"column":0},"end":{"line":138,"column":16}},"138":{"start":{"line":139,"column":0},"end":{"line":139,"column":17}},"139":{"start":{"line":140,"column":0},"end":{"line":140,"column":21}},"140":{"start":{"line":141,"column":0},"end":{"line":141,"column":18}},"141":{"start":{"line":142,"column":0},"end":{"line":142,"column":16}},"142":{"start":{"line":143,"column":0},"end":{"line":143,"column":15}},"143":{"start":{"line":144,"column":0},"end":{"line":144,"column":20}},"144":{"start":{"line":145,"column":0},"end":{"line":145,"column":4}},"145":{"start":{"line":146,"column":0},"end":{"line":146,"column":9}},"146":{"start":{"line":147,"column":0},"end":{"line":147,"column":16}},"147":{"start":{"line":148,"column":0},"end":{"line":148,"column":21}},"148":{"start":{"line":149,"column":0},"end":{"line":149,"column":19}},"149":{"start":{"line":150,"column":0},"end":{"line":150,"column":22}},"150":{"start":{"line":151,"column":0},"end":{"line":151,"column":26}},"151":{"start":{"line":152,"column":0},"end":{"line":152,"column":13}},"152":{"start":{"line":153,"column":0},"end":{"line":153,"column":3}},"153":{"start":{"line":154,"column":0},"end":{"line":154,"column":2}},"154":{"start":{"line":155,"column":0},"end":{"line":155,"column":29}}},"s":{"0":1,"8":1,"15":1,"37":1,"44":1,"60":1,"72":1,"81":1,"82":1,"83":1,"84":1,"85":1,"86":1,"87":1,"88":1,"89":1,"90":1,"91":1,"92":1,"93":1,"94":1,"95":1,"96":1,"97":1,"98":1,"99":1,"100":1,"101":1,"102":1,"103":1,"104":1,"105":1,"106":1,"107":1,"108":1,"109":1,"110":1,"111":1,"112":1,"113":1,"114":1,"115":1,"116":1,"117":1,"118":1,"119":1,"120":1,"121":1,"122":1,"123":1,"124":1,"125":1,"126":1,"127":1,"128":1,"129":1,"130":1,"131":1,"132":1,"133":1,"134":1,"135":1,"136":1,"137":1,"138":1,"139":1,"140":1,"141":1,"142":1,"143":1,"144":1,"145":1,"146":1,"147":1,"148":1,"149":1,"150":1,"151":1,"152":1,"153":1,"154":1},"branchMap":{},"b":{},"fnMap":{},"f":{}}
,"/home/runner/work/es-type-detection/es-type-detection/src/utility.js": {"path":"/home/runner/work/es-type-detection/es-type-detection/src/utility.js","all":false,"statementMap":{"0":{"start":{"line":1,"column":0},"end":{"line":1,"column":12}},"2":{"start":{"line":3,"column":0},"end":{"line":3,"column":46}},"4":{"start":{"line":5,"column":0},"end":{"line":5,"column":74}},"6":{"start":{"line":7,"column":0},"end":{"line":7,"column":73}},"7":{"start":{"line":8,"column":0},"end":{"line":8,"column":100}},"9":{"start":{"line":10,"column":0},"end":{"line":10,"column":74}},"11":{"start":{"line":12,"column":0},"end":{"line":12,"column":16}},"12":{"start":{"line":13,"column":0},"end":{"line":13,"column":74}},"14":{"start":{"line":15,"column":0},"end":{"line":15,"column":16}},"15":{"start":{"line":16,"column":0},"end":{"line":16,"column":72}},"17":{"start":{"line":18,"column":0},"end":{"line":18,"column":16}},"18":{"start":{"line":19,"column":0},"end":{"line":19,"column":52}},"20":{"start":{"line":21,"column":0},"end":{"line":21,"column":74}},"22":{"start":{"line":23,"column":0},"end":{"line":23,"column":3}},"23":{"start":{"line":24,"column":0},"end":{"line":24,"column":74}},"24":{"start":{"line":25,"column":0},"end":{"line":25,"column":2}},"25":{"start":{"line":26,"column":0},"end":{"line":26,"column":81}},"26":{"start":{"line":27,"column":0},"end":{"line":27,"column":85}},"27":{"start":{"line":28,"column":0},"end":{"line":28,"column":67}},"28":{"start":{"line":29,"column":0},"end":{"line":29,"column":2}},"29":{"start":{"line":30,"column":0},"end":{"line":30,"column":72}},"30":{"start":{"line":31,"column":0},"end":{"line":31,"column":2}},"31":{"start":{"line":32,"column":0},"end":{"line":32,"column":8}},"32":{"start":{"line":33,"column":0},"end":{"line":33,"column":41}},"33":{"start":{"line":34,"column":0},"end":{"line":34,"column":6}},"34":{"start":{"line":35,"column":0},"end":{"line":35,"column":23}},"35":{"start":{"line":36,"column":0},"end":{"line":36,"column":76}},"36":{"start":{"line":37,"column":0},"end":{"line":37,"column":79}},"37":{"start":{"line":38,"column":0},"end":{"line":38,"column":78}},"38":{"start":{"line":39,"column":0},"end":{"line":39,"column":38}},"39":{"start":{"line":40,"column":0},"end":{"line":40,"column":32}},"40":{"start":{"line":41,"column":0},"end":{"line":41,"column":72}},"41":{"start":{"line":42,"column":0},"end":{"line":42,"column":74}},"42":{"start":{"line":43,"column":0},"end":{"line":43,"column":3}},"43":{"start":{"line":44,"column":0},"end":{"line":44,"column":43}},"44":{"start":{"line":45,"column":0},"end":{"line":45,"column":20}},"45":{"start":{"line":46,"column":0},"end":{"line":46,"column":24}},"47":{"start":{"line":48,"column":0},"end":{"line":48,"column":78}},"48":{"start":{"line":49,"column":0},"end":{"line":49,"column":1}},"50":{"start":{"line":51,"column":0},"end":{"line":51,"column":3}},"51":{"start":{"line":52,"column":0},"end":{"line":52,"column":73}},"52":{"start":{"line":53,"column":0},"end":{"line":53,"column":2}},"53":{"start":{"line":54,"column":0},"end":{"line":54,"column":75}},"54":{"start":{"line":55,"column":0},"end":{"line":55,"column":76}},"55":{"start":{"line":56,"column":0},"end":{"line":56,"column":71}},"56":{"start":{"line":57,"column":0},"end":{"line":57,"column":2}},"57":{"start":{"line":58,"column":0},"end":{"line":58,"column":8}},"58":{"start":{"line":59,"column":0},"end":{"line":59,"column":31}},"59":{"start":{"line":60,"column":0},"end":{"line":60,"column":40}},"60":{"start":{"line":61,"column":0},"end":{"line":61,"column":6}},"61":{"start":{"line":62,"column":0},"end":{"line":62,"column":2}},"62":{"start":{"line":63,"column":0},"end":{"line":63,"column":62}},"63":{"start":{"line":64,"column":0},"end":{"line":64,"column":2}},"64":{"start":{"line":65,"column":0},"end":{"line":65,"column":11}},"65":{"start":{"line":66,"column":0},"end":{"line":66,"column":78}},"66":{"start":{"line":67,"column":0},"end":{"line":67,"column":2}},"67":{"start":{"line":68,"column":0},"end":{"line":68,"column":8}},"68":{"start":{"line":69,"column":0},"end":{"line":69,"column":61}},"69":{"start":{"line":70,"column":0},"end":{"line":70,"column":6}},"70":{"start":{"line":71,"column":0},"end":{"line":71,"column":2}},"71":{"start":{"line":72,"column":0},"end":{"line":72,"column":73}},"72":{"start":{"line":73,"column":0},"end":{"line":73,"column":2}},"73":{"start":{"line":74,"column":0},"end":{"line":74,"column":60}},"74":{"start":{"line":75,"column":0},"end":{"line":75,"column":2}},"75":{"start":{"line":76,"column":0},"end":{"line":76,"column":8}},"76":{"start":{"line":77,"column":0},"end":{"line":77,"column":31}},"77":{"start":{"line":78,"column":0},"end":{"line":78,"column":40}},"78":{"start":{"line":79,"column":0},"end":{"line":79,"column":2}},"79":{"start":{"line":80,"column":0},"end":{"line":80,"column":76}},"80":{"start":{"line":81,"column":0},"end":{"line":81,"column":76}},"81":{"start":{"line":82,"column":0},"end":{"line":82,"column":76}},"82":{"start":{"line":83,"column":0},"end":{"line":83,"column":76}},"83":{"start":{"line":84,"column":0},"end":{"line":84,"column":6}},"84":{"start":{"line":85,"column":0},"end":{"line":85,"column":2}},"85":{"start":{"line":86,"column":0},"end":{"line":86,"column":68}},"86":{"start":{"line":87,"column":0},"end":{"line":87,"column":23}},"87":{"start":{"line":88,"column":0},"end":{"line":88,"column":73}},"88":{"start":{"line":89,"column":0},"end":{"line":89,"column":73}},"89":{"start":{"line":90,"column":0},"end":{"line":90,"column":23}},"90":{"start":{"line":91,"column":0},"end":{"line":91,"column":32}},"91":{"start":{"line":92,"column":0},"end":{"line":92,"column":74}},"92":{"start":{"line":93,"column":0},"end":{"line":93,"column":23}},"93":{"start":{"line":94,"column":0},"end":{"line":94,"column":3}},"94":{"start":{"line":95,"column":0},"end":{"line":95,"column":40}},"95":{"start":{"line":96,"column":0},"end":{"line":96,"column":43}},"97":{"start":{"line":98,"column":0},"end":{"line":98,"column":61}},"98":{"start":{"line":99,"column":0},"end":{"line":99,"column":1}},"100":{"start":{"line":101,"column":0},"end":{"line":101,"column":74}},"102":{"start":{"line":103,"column":0},"end":{"line":103,"column":3}},"103":{"start":{"line":104,"column":0},"end":{"line":104,"column":23}},"104":{"start":{"line":105,"column":0},"end":{"line":105,"column":43}},"105":{"start":{"line":106,"column":0},"end":{"line":106,"column":93}},"106":{"start":{"line":107,"column":0},"end":{"line":107,"column":77}},"107":{"start":{"line":108,"column":0},"end":{"line":108,"column":74}},"108":{"start":{"line":109,"column":0},"end":{"line":109,"column":41}},"109":{"start":{"line":110,"column":0},"end":{"line":110,"column":3}},"110":{"start":{"line":111,"column":0},"end":{"line":111,"column":53}},"111":{"start":{"line":112,"column":0},"end":{"line":112,"column":11}},"112":{"start":{"line":113,"column":0},"end":{"line":113,"column":23}},"113":{"start":{"line":114,"column":0},"end":{"line":114,"column":11}},"114":{"start":{"line":115,"column":0},"end":{"line":115,"column":3}},"115":{"start":{"line":116,"column":0},"end":{"line":116,"column":34}},"116":{"start":{"line":117,"column":0},"end":{"line":117,"column":97}},"118":{"start":{"line":119,"column":0},"end":{"line":119,"column":20}},"119":{"start":{"line":120,"column":0},"end":{"line":120,"column":32}},"120":{"start":{"line":121,"column":0},"end":{"line":121,"column":36}},"121":{"start":{"line":122,"column":0},"end":{"line":122,"column":23}},"122":{"start":{"line":123,"column":0},"end":{"line":123,"column":10}},"123":{"start":{"line":124,"column":0},"end":{"line":124,"column":39}},"124":{"start":{"line":125,"column":0},"end":{"line":125,"column":45}},"126":{"start":{"line":127,"column":0},"end":{"line":127,"column":30}},"127":{"start":{"line":128,"column":0},"end":{"line":128,"column":38}},"128":{"start":{"line":129,"column":0},"end":{"line":129,"column":21}},"129":{"start":{"line":130,"column":0},"end":{"line":130,"column":5}},"130":{"start":{"line":131,"column":0},"end":{"line":131,"column":3}},"131":{"start":{"line":132,"column":0},"end":{"line":132,"column":62}},"132":{"start":{"line":133,"column":0},"end":{"line":133,"column":69}},"133":{"start":{"line":134,"column":0},"end":{"line":134,"column":4}},"134":{"start":{"line":135,"column":0},"end":{"line":135,"column":71}},"136":{"start":{"line":137,"column":0},"end":{"line":137,"column":30}},"137":{"start":{"line":138,"column":0},"end":{"line":138,"column":50}},"139":{"start":{"line":140,"column":0},"end":{"line":140,"column":11}},"140":{"start":{"line":141,"column":0},"end":{"line":141,"column":27}},"141":{"start":{"line":142,"column":0},"end":{"line":142,"column":11}},"142":{"start":{"line":143,"column":0},"end":{"line":143,"column":3}},"143":{"start":{"line":144,"column":0},"end":{"line":144,"column":62}},"144":{"start":{"line":145,"column":0},"end":{"line":145,"column":61}},"145":{"start":{"line":146,"column":0},"end":{"line":146,"column":19}},"147":{"start":{"line":148,"column":0},"end":{"line":148,"column":34}},"148":{"start":{"line":149,"column":0},"end":{"line":149,"column":26}},"149":{"start":{"line":150,"column":0},"end":{"line":150,"column":87}},"151":{"start":{"line":152,"column":0},"end":{"line":152,"column":20}},"152":{"start":{"line":153,"column":0},"end":{"line":153,"column":37}},"153":{"start":{"line":154,"column":0},"end":{"line":154,"column":45}},"154":{"start":{"line":155,"column":0},"end":{"line":155,"column":28}},"155":{"start":{"line":156,"column":0},"end":{"line":156,"column":10}},"156":{"start":{"line":157,"column":0},"end":{"line":157,"column":39}},"157":{"start":{"line":158,"column":0},"end":{"line":158,"column":55}},"159":{"start":{"line":160,"column":0},"end":{"line":160,"column":35}},"160":{"start":{"line":161,"column":0},"end":{"line":161,"column":47}},"161":{"start":{"line":162,"column":0},"end":{"line":162,"column":26}},"162":{"start":{"line":163,"column":0},"end":{"line":163,"column":5}},"163":{"start":{"line":164,"column":0},"end":{"line":164,"column":3}},"164":{"start":{"line":165,"column":0},"end":{"line":165,"column":45}},"165":{"start":{"line":166,"column":0},"end":{"line":166,"column":1}},"167":{"start":{"line":168,"column":0},"end":{"line":168,"column":3}},"168":{"start":{"line":169,"column":0},"end":{"line":169,"column":72}},"169":{"start":{"line":170,"column":0},"end":{"line":170,"column":76}},"170":{"start":{"line":171,"column":0},"end":{"line":171,"column":80}},"171":{"start":{"line":172,"column":0},"end":{"line":172,"column":55}},"172":{"start":{"line":173,"column":0},"end":{"line":173,"column":2}},"173":{"start":{"line":174,"column":0},"end":{"line":174,"column":6}},"174":{"start":{"line":175,"column":0},"end":{"line":175,"column":65}},"175":{"start":{"line":176,"column":0},"end":{"line":176,"column":6}},"176":{"start":{"line":177,"column":0},"end":{"line":177,"column":2}},"177":{"start":{"line":178,"column":0},"end":{"line":178,"column":6}},"178":{"start":{"line":179,"column":0},"end":{"line":179,"column":21}},"179":{"start":{"line":180,"column":0},"end":{"line":180,"column":19}},"180":{"start":{"line":181,"column":0},"end":{"line":181,"column":22}},"181":{"start":{"line":182,"column":0},"end":{"line":182,"column":2}},"182":{"start":{"line":183,"column":0},"end":{"line":183,"column":27}},"183":{"start":{"line":184,"column":0},"end":{"line":184,"column":2}},"184":{"start":{"line":185,"column":0},"end":{"line":185,"column":6}},"185":{"start":{"line":186,"column":0},"end":{"line":186,"column":55}},"186":{"start":{"line":187,"column":0},"end":{"line":187,"column":6}},"187":{"start":{"line":188,"column":0},"end":{"line":188,"column":2}},"188":{"start":{"line":189,"column":0},"end":{"line":189,"column":71}},"189":{"start":{"line":190,"column":0},"end":{"line":190,"column":72}},"190":{"start":{"line":191,"column":0},"end":{"line":191,"column":69}},"191":{"start":{"line":192,"column":0},"end":{"line":192,"column":67}},"192":{"start":{"line":193,"column":0},"end":{"line":193,"column":71}},"193":{"start":{"line":194,"column":0},"end":{"line":194,"column":23}},"194":{"start":{"line":195,"column":0},"end":{"line":195,"column":43}},"195":{"start":{"line":196,"column":0},"end":{"line":196,"column":32}},"196":{"start":{"line":197,"column":0},"end":{"line":197,"column":74}},"197":{"start":{"line":198,"column":0},"end":{"line":198,"column":73}},"198":{"start":{"line":199,"column":0},"end":{"line":199,"column":75}},"199":{"start":{"line":200,"column":0},"end":{"line":200,"column":3}},"200":{"start":{"line":201,"column":0},"end":{"line":201,"column":50}},"201":{"start":{"line":202,"column":0},"end":{"line":202,"column":51}},"203":{"start":{"line":204,"column":0},"end":{"line":204,"column":41}},"204":{"start":{"line":205,"column":0},"end":{"line":205,"column":1}},"206":{"start":{"line":207,"column":0},"end":{"line":207,"column":74}},"208":{"start":{"line":209,"column":0},"end":{"line":209,"column":3}},"209":{"start":{"line":210,"column":0},"end":{"line":210,"column":57}},"210":{"start":{"line":211,"column":0},"end":{"line":211,"column":13}},"211":{"start":{"line":212,"column":0},"end":{"line":212,"column":2}},"212":{"start":{"line":213,"column":0},"end":{"line":213,"column":6}},"213":{"start":{"line":214,"column":0},"end":{"line":214,"column":43}},"214":{"start":{"line":215,"column":0},"end":{"line":215,"column":6}},"215":{"start":{"line":216,"column":0},"end":{"line":216,"column":2}},"216":{"start":{"line":217,"column":0},"end":{"line":217,"column":58}},"217":{"start":{"line":218,"column":0},"end":{"line":218,"column":28}},"218":{"start":{"line":219,"column":0},"end":{"line":219,"column":26}},"219":{"start":{"line":220,"column":0},"end":{"line":220,"column":55}},"220":{"start":{"line":221,"column":0},"end":{"line":221,"column":20}},"221":{"start":{"line":222,"column":0},"end":{"line":222,"column":52}},"222":{"start":{"line":223,"column":0},"end":{"line":223,"column":3}},"223":{"start":{"line":224,"column":0},"end":{"line":224,"column":42}},"224":{"start":{"line":225,"column":0},"end":{"line":225,"column":56}},"225":{"start":{"line":226,"column":0},"end":{"line":226,"column":1}},"227":{"start":{"line":228,"column":0},"end":{"line":228,"column":3}},"228":{"start":{"line":229,"column":0},"end":{"line":229,"column":81}},"229":{"start":{"line":230,"column":0},"end":{"line":230,"column":82}},"230":{"start":{"line":231,"column":0},"end":{"line":231,"column":2}},"231":{"start":{"line":232,"column":0},"end":{"line":232,"column":38}},"232":{"start":{"line":233,"column":0},"end":{"line":233,"column":2}},"233":{"start":{"line":234,"column":0},"end":{"line":234,"column":72}},"234":{"start":{"line":235,"column":0},"end":{"line":235,"column":72}},"235":{"start":{"line":236,"column":0},"end":{"line":236,"column":70}},"236":{"start":{"line":237,"column":0},"end":{"line":237,"column":71}},"237":{"start":{"line":238,"column":0},"end":{"line":238,"column":75}},"238":{"start":{"line":239,"column":0},"end":{"line":239,"column":46}},"239":{"start":{"line":240,"column":0},"end":{"line":240,"column":23}},"240":{"start":{"line":241,"column":0},"end":{"line":241,"column":76}},"241":{"start":{"line":242,"column":0},"end":{"line":242,"column":79}},"242":{"start":{"line":243,"column":0},"end":{"line":243,"column":78}},"243":{"start":{"line":244,"column":0},"end":{"line":244,"column":38}},"244":{"start":{"line":245,"column":0},"end":{"line":245,"column":32}},"245":{"start":{"line":246,"column":0},"end":{"line":246,"column":71}},"246":{"start":{"line":247,"column":0},"end":{"line":247,"column":70}},"247":{"start":{"line":248,"column":0},"end":{"line":248,"column":36}},"248":{"start":{"line":249,"column":0},"end":{"line":249,"column":3}},"249":{"start":{"line":250,"column":0},"end":{"line":250,"column":38}},"250":{"start":{"line":251,"column":0},"end":{"line":251,"column":20}},"251":{"start":{"line":252,"column":0},"end":{"line":252,"column":24}},"253":{"start":{"line":254,"column":0},"end":{"line":254,"column":11}},"254":{"start":{"line":255,"column":0},"end":{"line":255,"column":26}},"255":{"start":{"line":256,"column":0},"end":{"line":256,"column":11}},"256":{"start":{"line":257,"column":0},"end":{"line":257,"column":3}},"257":{"start":{"line":258,"column":0},"end":{"line":258,"column":64}},"259":{"start":{"line":260,"column":0},"end":{"line":260,"column":11}},"260":{"start":{"line":261,"column":0},"end":{"line":261,"column":30}},"261":{"start":{"line":262,"column":0},"end":{"line":262,"column":63}},"262":{"start":{"line":263,"column":0},"end":{"line":263,"column":61}},"263":{"start":{"line":264,"column":0},"end":{"line":264,"column":32}},"264":{"start":{"line":265,"column":0},"end":{"line":265,"column":3}},"265":{"start":{"line":266,"column":0},"end":{"line":266,"column":63}},"267":{"start":{"line":268,"column":0},"end":{"line":268,"column":34}},"268":{"start":{"line":269,"column":0},"end":{"line":269,"column":97}},"270":{"start":{"line":271,"column":0},"end":{"line":271,"column":11}},"271":{"start":{"line":272,"column":0},"end":{"line":272,"column":33}},"272":{"start":{"line":273,"column":0},"end":{"line":273,"column":32}},"273":{"start":{"line":274,"column":0},"end":{"line":274,"column":3}},"274":{"start":{"line":275,"column":0},"end":{"line":275,"column":22}},"276":{"start":{"line":277,"column":0},"end":{"line":277,"column":45}},"277":{"start":{"line":278,"column":0},"end":{"line":278,"column":4}},"278":{"start":{"line":279,"column":0},"end":{"line":279,"column":73}},"279":{"start":{"line":280,"column":0},"end":{"line":280,"column":76}},"280":{"start":{"line":281,"column":0},"end":{"line":281,"column":70}},"281":{"start":{"line":282,"column":0},"end":{"line":282,"column":7}},"282":{"start":{"line":283,"column":0},"end":{"line":283,"column":4}},"283":{"start":{"line":284,"column":0},"end":{"line":284,"column":93}},"284":{"start":{"line":285,"column":0},"end":{"line":285,"column":27}},"285":{"start":{"line":286,"column":0},"end":{"line":286,"column":4}},"286":{"start":{"line":287,"column":0},"end":{"line":287,"column":24}},"287":{"start":{"line":288,"column":0},"end":{"line":288,"column":1}},"289":{"start":{"line":290,"column":0},"end":{"line":290,"column":74}}},"s":{"0":1,"2":1,"4":1,"6":1,"7":1,"9":1,"11":1,"12":1,"14":1,"15":1,"17":1,"18":1,"20":1,"22":1,"23":1,"24":1,"25":1,"26":1,"27":1,"28":1,"29":1,"30":1,"31":1,"32":1,"33":1,"34":1,"35":1,"36":1,"37":1,"38":1,"39":1,"40":1,"41":1,"42":1,"43":1,"44":1288,"45":1288,"47":1288,"48":1288,"50":1,"51":1,"52":1,"53":1,"54":1,"55":1,"56":1,"57":1,"58":1,"59":1,"60":1,"61":1,"62":1,"63":1,"64":1,"65":1,"66":1,"67":1,"68":1,"69":1,"70":1,"71":1,"72":1,"73":1,"74":1,"75":1,"76":1,"77":1,"78":1,"79":1,"80":1,"81":1,"82":1,"83":1,"84":1,"85":1,"86":1,"87":1,"88":1,"89":1,"90":1,"91":1,"92":1,"93":1,"94":1,"95":246,"97":246,"98":246,"100":1,"102":1,"103":1,"104":1,"105":1,"106":1,"107":1,"108":1,"109":1,"110":1,"111":693,"112":693,"113":11,"114":11,"115":682,"116":693,"118":693,"119":693,"120":652,"121":652,"122":693,"123":30,"124":30,"126":30,"127":26,"128":26,"129":26,"130":30,"131":4,"132":4,"133":4,"134":4,"136":4,"137":693,"139":693,"140":693,"141":4,"142":4,"143":0,"144":0,"145":0,"147":0,"148":0,"149":693,"151":693,"152":693,"153":0,"154":0,"155":0,"156":0,"157":0,"159":0,"160":0,"161":0,"162":0,"163":0,"164":693,"165":693,"167":1,"168":1,"169":1,"170":1,"171":1,"172":1,"173":1,"174":1,"175":1,"176":1,"177":1,"178":1,"179":1,"180":1,"181":1,"182":1,"183":1,"184":1,"185":1,"186":1,"187":1,"188":1,"189":1,"190":1,"191":1,"192":1,"193":1,"194":1,"195":1,"196":1,"197":1,"198":1,"199":1,"200":1,"201":570,"203":570,"204":570,"206":1,"208":1,"209":1,"210":1,"211":1,"212":1,"213":1,"214":1,"215":1,"216":1,"217":1,"218":1,"219":1,"220":1,"221":1,"222":1,"223":1,"224":501,"225":501,"227":1,"228":1,"229":1,"230":1,"231":1,"232":1,"233":1,"234":1,"235":1,"236":1,"237":1,"238":1,"239":1,"240":1,"241":1,"242":1,"243":1,"244":1,"245":1,"246":1,"247":1,"248":1,"249":1,"250":271,"251":271,"253":271,"254":271,"255":1,"256":1,"257":271,"259":271,"260":271,"261":4,"262":4,"263":4,"264":4,"265":266,"267":266,"268":271,"270":271,"271":271,"272":18,"273":18,"274":248,"276":248,"277":248,"278":248,"279":248,"280":248,"281":248,"282":248,"283":248,"284":248,"285":248,"286":248,"287":248,"289":1},"branchMap":{"0":{"type":"branch","line":44,"loc":{"start":{"line":44,"column":7},"end":{"line":49,"column":1}},"locations":[{"start":{"line":44,"column":7},"end":{"line":49,"column":1}}]},"1":{"type":"branch","line":48,"loc":{"start":{"line":48,"column":27},"end":{"line":48,"column":67}},"locations":[{"start":{"line":48,"column":27},"end":{"line":48,"column":67}}]},"2":{"type":"branch","line":48,"loc":{"start":{"line":48,"column":69},"end":{"line":48,"column":77}},"locations":[{"start":{"line":48,"column":69},"end":{"line":48,"column":77}}]},"3":{"type":"branch","line":95,"loc":{"start":{"line":95,"column":7},"end":{"line":99,"column":1}},"locations":[{"start":{"line":95,"column":7},"end":{"line":99,"column":1}}]},"4":{"type":"branch","line":98,"loc":{"start":{"line":98,"column":27},"end":{"line":98,"column":49}},"locations":[{"start":{"line":98,"column":27},"end":{"line":98,"column":49}}]},"5":{"type":"branch","line":98,"loc":{"start":{"line":98,"column":51},"end":{"line":98,"column":60}},"locations":[{"start":{"line":98,"column":51},"end":{"line":98,"column":60}}]},"6":{"type":"branch","line":111,"loc":{"start":{"line":111,"column":7},"end":{"line":166,"column":1}},"locations":[{"start":{"line":111,"column":7},"end":{"line":166,"column":1}}]},"7":{"type":"branch","line":113,"loc":{"start":{"line":113,"column":22},"end":{"line":115,"column":3}},"locations":[{"start":{"line":113,"column":22},"end":{"line":115,"column":3}}]},"8":{"type":"branch","line":115,"loc":{"start":{"line":115,"column":2},"end":{"line":117,"column":68}},"locations":[{"start":{"line":115,"column":2},"end":{"line":117,"column":68}}]},"9":{"type":"branch","line":117,"loc":{"start":{"line":117,"column":68},"end":{"line":117,"column":75}},"locations":[{"start":{"line":117,"column":68},"end":{"line":117,"column":75}}]},"10":{"type":"branch","line":117,"loc":{"start":{"line":117,"column":76},"end":{"line":117,"column":96}},"locations":[{"start":{"line":117,"column":76},"end":{"line":117,"column":96}}]},"11":{"type":"branch","line":120,"loc":{"start":{"line":120,"column":31},"end":{"line":123,"column":3}},"locations":[{"start":{"line":120,"column":31},"end":{"line":123,"column":3}}]},"12":{"type":"branch","line":123,"loc":{"start":{"line":123,"column":3},"end":{"line":138,"column":49}},"locations":[{"start":{"line":123,"column":3},"end":{"line":138,"column":49}}]},"13":{"type":"branch","line":123,"loc":{"start":{"line":123,"column":3},"end":{"line":131,"column":3}},"locations":[{"start":{"line":123,"column":3},"end":{"line":131,"column":3}}]},"14":{"type":"branch","line":125,"loc":{"start":{"line":125,"column":31},"end":{"line":125,"column":44}},"locations":[{"start":{"line":125,"column":31},"end":{"line":125,"column":44}}]},"15":{"type":"branch","line":127,"loc":{"start":{"line":127,"column":29},"end":{"line":130,"column":5}},"locations":[{"start":{"line":127,"column":29},"end":{"line":130,"column":5}}]},"16":{"type":"branch","line":131,"loc":{"start":{"line":131,"column":2},"end":{"line":138,"column":49}},"locations":[{"start":{"line":131,"column":2},"end":{"line":138,"column":49}}]},"17":{"type":"branch","line":141,"loc":{"start":{"line":141,"column":26},"end":{"line":150,"column":61}},"locations":[{"start":{"line":141,"column":26},"end":{"line":150,"column":61}}]},"18":{"type":"branch","line":141,"loc":{"start":{"line":141,"column":26},"end":{"line":143,"column":3}},"locations":[{"start":{"line":141,"column":26},"end":{"line":143,"column":3}}]},"19":{"type":"branch","line":143,"loc":{"start":{"line":143,"column":2},"end":{"line":150,"column":61}},"locations":[{"start":{"line":143,"column":2},"end":{"line":150,"column":61}}]},"20":{"type":"branch","line":150,"loc":{"start":{"line":150,"column":62},"end":{"line":150,"column":86}},"locations":[{"start":{"line":150,"column":62},"end":{"line":150,"column":86}}]},"21":{"type":"branch","line":153,"loc":{"start":{"line":153,"column":36},"end":{"line":164,"column":3}},"locations":[{"start":{"line":153,"column":36},"end":{"line":164,"column":3}}]},"22":{"type":"branch","line":201,"loc":{"start":{"line":201,"column":7},"end":{"line":205,"column":1}},"locations":[{"start":{"line":201,"column":7},"end":{"line":205,"column":1}}]},"23":{"type":"branch","line":204,"loc":{"start":{"line":204,"column":21},"end":{"line":204,"column":40}},"locations":[{"start":{"line":204,"column":21},"end":{"line":204,"column":40}}]},"24":{"type":"branch","line":224,"loc":{"start":{"line":224,"column":7},"end":{"line":226,"column":1}},"locations":[{"start":{"line":224,"column":7},"end":{"line":226,"column":1}}]},"25":{"type":"branch","line":250,"loc":{"start":{"line":250,"column":7},"end":{"line":288,"column":1}},"locations":[{"start":{"line":250,"column":7},"end":{"line":288,"column":1}}]},"26":{"type":"branch","line":255,"loc":{"start":{"line":255,"column":25},"end":{"line":257,"column":3}},"locations":[{"start":{"line":255,"column":25},"end":{"line":257,"column":3}}]},"27":{"type":"branch","line":257,"loc":{"start":{"line":257,"column":2},"end":{"line":258,"column":56}},"locations":[{"start":{"line":257,"column":2},"end":{"line":258,"column":56}}]},"28":{"type":"branch","line":258,"loc":{"start":{"line":258,"column":56},"end":{"line":258,"column":63}},"locations":[{"start":{"line":258,"column":56},"end":{"line":258,"column":63}}]},"29":{"type":"branch","line":261,"loc":{"start":{"line":261,"column":29},"end":{"line":265,"column":3}},"locations":[{"start":{"line":261,"column":29},"end":{"line":265,"column":3}}]},"30":{"type":"branch","line":265,"loc":{"start":{"line":265,"column":2},"end":{"line":269,"column":68}},"locations":[{"start":{"line":265,"column":2},"end":{"line":269,"column":68}}]},"31":{"type":"branch","line":269,"loc":{"start":{"line":269,"column":68},"end":{"line":269,"column":75}},"locations":[{"start":{"line":269,"column":68},"end":{"line":269,"column":75}}]},"32":{"type":"branch","line":269,"loc":{"start":{"line":269,"column":76},"end":{"line":269,"column":96}},"locations":[{"start":{"line":269,"column":76},"end":{"line":269,"column":96}}]},"33":{"type":"branch","line":272,"loc":{"start":{"line":272,"column":32},"end":{"line":274,"column":3}},"locations":[{"start":{"line":272,"column":32},"end":{"line":274,"column":3}}]},"34":{"type":"branch","line":274,"loc":{"start":{"line":274,"column":2},"end":{"line":288,"column":1}},"locations":[{"start":{"line":274,"column":2},"end":{"line":288,"column":1}}]}},"b":{"0":[1288],"1":[1286],"2":[2],"3":[246],"4":[245],"5":[1],"6":[693],"7":[11],"8":[682],"9":[5],"10":[677],"11":[652],"12":[397],"13":[30],"14":[26],"15":[26],"16":[4],"17":[312],"18":[4],"19":[0],"20":[0],"21":[0],"22":[570],"23":[560],"24":[501],"25":[271],"26":[1],"27":[270],"28":[4],"29":[4],"30":[266],"31":[1],"32":[265],"33":[18],"34":[248]},"fnMap":{"0":{"name":"getTypeSignature","decl":{"start":{"line":44,"column":7},"end":{"line":49,"column":1}},"loc":{"start":{"line":44,"column":7},"end":{"line":49,"column":1}},"line":44},"1":{"name":"getTaggedType","decl":{"start":{"line":95,"column":7},"end":{"line":99,"column":1}},"loc":{"start":{"line":95,"column":7},"end":{"line":99,"column":1}},"line":95},"2":{"name":"getDefinedConstructor","decl":{"start":{"line":111,"column":7},"end":{"line":166,"column":1}},"loc":{"start":{"line":111,"column":7},"end":{"line":166,"column":1}},"line":111},"3":{"name":"getDefinedConstructorName","decl":{"start":{"line":201,"column":7},"end":{"line":205,"column":1}},"loc":{"start":{"line":201,"column":7},"end":{"line":205,"column":1}},"line":201},"4":{"name":"getFunctionSource","decl":{"start":{"line":224,"column":7},"end":{"line":226,"column":1}},"loc":{"start":{"line":224,"column":7},"end":{"line":226,"column":1}},"line":224},"5":{"name":"resolveType","decl":{"start":{"line":250,"column":7},"end":{"line":288,"column":1}},"loc":{"start":{"line":250,"column":7},"end":{"line":288,"column":1}},"line":250}},"f":{"0":1288,"1":246,"2":693,"3":570,"4":501,"5":271}}
,"/home/runner/work/es-type-detection/es-type-detection/src/base/index.js": {"path":"/home/runner/work/es-type-detection/es-type-detection/src/base/index.js","all":false,"statementMap":{"0":{"start":{"line":1,"column":0},"end":{"line":1,"column":12}},"2":{"start":{"line":3,"column":0},"end":{"line":3,"column":89}},"4":{"start":{"line":5,"column":0},"end":{"line":5,"column":74}},"6":{"start":{"line":7,"column":0},"end":{"line":7,"column":25}},"8":{"start":{"line":9,"column":0},"end":{"line":9,"column":3}},"9":{"start":{"line":10,"column":0},"end":{"line":10,"column":73}},"10":{"start":{"line":11,"column":0},"end":{"line":11,"column":75}},"11":{"start":{"line":12,"column":0},"end":{"line":12,"column":70}},"12":{"start":{"line":13,"column":0},"end":{"line":13,"column":2}},"13":{"start":{"line":14,"column":0},"end":{"line":14,"column":41}},"14":{"start":{"line":15,"column":0},"end":{"line":15,"column":23}},"15":{"start":{"line":16,"column":0},"end":{"line":16,"column":43}},"16":{"start":{"line":17,"column":0},"end":{"line":17,"column":31}},"17":{"start":{"line":18,"column":0},"end":{"line":18,"column":43}},"18":{"start":{"line":19,"column":0},"end":{"line":19,"column":44}},"19":{"start":{"line":20,"column":0},"end":{"line":20,"column":3}},"20":{"start":{"line":21,"column":0},"end":{"line":21,"column":35}},"21":{"start":{"line":22,"column":0},"end":{"line":22,"column":10}},"22":{"start":{"line":23,"column":0},"end":{"line":23,"column":34}},"23":{"start":{"line":24,"column":0},"end":{"line":24,"column":39}},"24":{"start":{"line":25,"column":0},"end":{"line":25,"column":39}},"25":{"start":{"line":26,"column":0},"end":{"line":26,"column":37}},"26":{"start":{"line":27,"column":0},"end":{"line":27,"column":4}},"27":{"start":{"line":28,"column":0},"end":{"line":28,"column":1}},"28":{"start":{"line":29,"column":0},"end":{"line":29,"column":24}},"30":{"start":{"line":31,"column":0},"end":{"line":31,"column":74}},"32":{"start":{"line":33,"column":0},"end":{"line":33,"column":61}},"33":{"start":{"line":34,"column":0},"end":{"line":34,"column":65}},"34":{"start":{"line":35,"column":0},"end":{"line":35,"column":75}},"36":{"start":{"line":37,"column":0},"end":{"line":37,"column":3}},"37":{"start":{"line":38,"column":0},"end":{"line":38,"column":74}},"38":{"start":{"line":39,"column":0},"end":{"line":39,"column":73}},"39":{"start":{"line":40,"column":0},"end":{"line":40,"column":73}},"40":{"start":{"line":41,"column":0},"end":{"line":41,"column":40}},"41":{"start":{"line":42,"column":0},"end":{"line":42,"column":23}},"42":{"start":{"line":43,"column":0},"end":{"line":43,"column":43}},"43":{"start":{"line":44,"column":0},"end":{"line":44,"column":32}},"44":{"start":{"line":45,"column":0},"end":{"line":45,"column":61}},"45":{"start":{"line":46,"column":0},"end":{"line":46,"column":3}},"46":{"start":{"line":47,"column":0},"end":{"line":47,"column":33}},"47":{"start":{"line":48,"column":0},"end":{"line":48,"column":54}},"48":{"start":{"line":49,"column":0},"end":{"line":49,"column":51}},"49":{"start":{"line":50,"column":0},"end":{"line":50,"column":53}},"51":{"start":{"line":52,"column":0},"end":{"line":52,"column":62}},"52":{"start":{"line":53,"column":0},"end":{"line":53,"column":61}},"53":{"start":{"line":54,"column":0},"end":{"line":54,"column":49}},"54":{"start":{"line":55,"column":0},"end":{"line":55,"column":1}},"56":{"start":{"line":57,"column":0},"end":{"line":57,"column":3}},"57":{"start":{"line":58,"column":0},"end":{"line":58,"column":78}},"58":{"start":{"line":59,"column":0},"end":{"line":59,"column":74}},"59":{"start":{"line":60,"column":0},"end":{"line":60,"column":25}},"60":{"start":{"line":61,"column":0},"end":{"line":61,"column":23}},"61":{"start":{"line":62,"column":0},"end":{"line":62,"column":43}},"62":{"start":{"line":63,"column":0},"end":{"line":63,"column":34}},"63":{"start":{"line":64,"column":0},"end":{"line":64,"column":80}},"64":{"start":{"line":65,"column":0},"end":{"line":65,"column":3}},"65":{"start":{"line":66,"column":0},"end":{"line":66,"column":39}},"66":{"start":{"line":67,"column":0},"end":{"line":67,"column":10}},"67":{"start":{"line":68,"column":0},"end":{"line":68,"column":98}},"68":{"start":{"line":69,"column":0},"end":{"line":69,"column":4}},"69":{"start":{"line":70,"column":0},"end":{"line":70,"column":1}},"71":{"start":{"line":72,"column":0},"end":{"line":72,"column":3}},"72":{"start":{"line":73,"column":0},"end":{"line":73,"column":66}},"73":{"start":{"line":74,"column":0},"end":{"line":74,"column":67}},"74":{"start":{"line":75,"column":0},"end":{"line":75,"column":23}},"75":{"start":{"line":76,"column":0},"end":{"line":76,"column":43}},"76":{"start":{"line":77,"column":0},"end":{"line":77,"column":39}},"77":{"start":{"line":78,"column":0},"end":{"line":78,"column":74}},"78":{"start":{"line":79,"column":0},"end":{"line":79,"column":33}},"79":{"start":{"line":80,"column":0},"end":{"line":80,"column":3}},"80":{"start":{"line":81,"column":0},"end":{"line":81,"column":43}},"81":{"start":{"line":82,"column":0},"end":{"line":82,"column":99}},"82":{"start":{"line":83,"column":0},"end":{"line":83,"column":1}},"84":{"start":{"line":85,"column":0},"end":{"line":85,"column":74}},"86":{"start":{"line":87,"column":0},"end":{"line":87,"column":65}},"87":{"start":{"line":88,"column":0},"end":{"line":88,"column":65}},"88":{"start":{"line":89,"column":0},"end":{"line":89,"column":63}},"90":{"start":{"line":91,"column":0},"end":{"line":91,"column":3}},"91":{"start":{"line":92,"column":0},"end":{"line":92,"column":23}},"92":{"start":{"line":93,"column":0},"end":{"line":93,"column":43}},"93":{"start":{"line":94,"column":0},"end":{"line":94,"column":34}},"94":{"start":{"line":95,"column":0},"end":{"line":95,"column":57}},"95":{"start":{"line":96,"column":0},"end":{"line":96,"column":3}},"96":{"start":{"line":97,"column":0},"end":{"line":97,"column":38}},"97":{"start":{"line":98,"column":0},"end":{"line":98,"column":35}},"98":{"start":{"line":99,"column":0},"end":{"line":99,"column":1}},"99":{"start":{"line":100,"column":0},"end":{"line":100,"column":3}},"100":{"start":{"line":101,"column":0},"end":{"line":101,"column":23}},"101":{"start":{"line":102,"column":0},"end":{"line":102,"column":43}},"102":{"start":{"line":103,"column":0},"end":{"line":103,"column":34}},"103":{"start":{"line":104,"column":0},"end":{"line":104,"column":61}},"104":{"start":{"line":105,"column":0},"end":{"line":105,"column":3}},"105":{"start":{"line":106,"column":0},"end":{"line":106,"column":38}},"106":{"start":{"line":107,"column":0},"end":{"line":107,"column":10}},"107":{"start":{"line":108,"column":0},"end":{"line":108,"column":52}},"108":{"start":{"line":109,"column":0},"end":{"line":109,"column":52}},"109":{"start":{"line":110,"column":0},"end":{"line":110,"column":29}},"110":{"start":{"line":111,"column":0},"end":{"line":111,"column":4}},"111":{"start":{"line":112,"column":0},"end":{"line":112,"column":1}},"112":{"start":{"line":113,"column":0},"end":{"line":113,"column":3}},"113":{"start":{"line":114,"column":0},"end":{"line":114,"column":23}},"114":{"start":{"line":115,"column":0},"end":{"line":115,"column":43}},"115":{"start":{"line":116,"column":0},"end":{"line":116,"column":33}},"116":{"start":{"line":117,"column":0},"end":{"line":117,"column":106}},"117":{"start":{"line":118,"column":0},"end":{"line":118,"column":3}},"118":{"start":{"line":119,"column":0},"end":{"line":119,"column":33}},"119":{"start":{"line":120,"column":0},"end":{"line":120,"column":54}},"120":{"start":{"line":121,"column":0},"end":{"line":121,"column":1}},"122":{"start":{"line":123,"column":0},"end":{"line":123,"column":74}},"124":{"start":{"line":125,"column":0},"end":{"line":125,"column":65}},"125":{"start":{"line":126,"column":0},"end":{"line":126,"column":65}},"126":{"start":{"line":127,"column":0},"end":{"line":127,"column":63}},"128":{"start":{"line":129,"column":0},"end":{"line":129,"column":3}},"129":{"start":{"line":130,"column":0},"end":{"line":130,"column":23}},"130":{"start":{"line":131,"column":0},"end":{"line":131,"column":43}},"131":{"start":{"line":132,"column":0},"end":{"line":132,"column":34}},"132":{"start":{"line":133,"column":0},"end":{"line":133,"column":57}},"133":{"start":{"line":134,"column":0},"end":{"line":134,"column":3}},"134":{"start":{"line":135,"column":0},"end":{"line":135,"column":38}},"135":{"start":{"line":136,"column":0},"end":{"line":136,"column":35}},"136":{"start":{"line":137,"column":0},"end":{"line":137,"column":1}},"137":{"start":{"line":138,"column":0},"end":{"line":138,"column":3}},"138":{"start":{"line":139,"column":0},"end":{"line":139,"column":23}},"139":{"start":{"line":140,"column":0},"end":{"line":140,"column":43}},"140":{"start":{"line":141,"column":0},"end":{"line":141,"column":34}},"141":{"start":{"line":142,"column":0},"end":{"line":142,"column":61}},"142":{"start":{"line":143,"column":0},"end":{"line":143,"column":3}},"143":{"start":{"line":144,"column":0},"end":{"line":144,"column":38}},"144":{"start":{"line":145,"column":0},"end":{"line":145,"column":10}},"145":{"start":{"line":146,"column":0},"end":{"line":146,"column":52}},"146":{"start":{"line":147,"column":0},"end":{"line":147,"column":52}},"147":{"start":{"line":148,"column":0},"end":{"line":148,"column":29}},"148":{"start":{"line":149,"column":0},"end":{"line":149,"column":4}},"149":{"start":{"line":150,"column":0},"end":{"line":150,"column":1}},"150":{"start":{"line":151,"column":0},"end":{"line":151,"column":3}},"151":{"start":{"line":152,"column":0},"end":{"line":152,"column":23}},"152":{"start":{"line":153,"column":0},"end":{"line":153,"column":43}},"153":{"start":{"line":154,"column":0},"end":{"line":154,"column":33}},"154":{"start":{"line":155,"column":0},"end":{"line":155,"column":106}},"155":{"start":{"line":156,"column":0},"end":{"line":156,"column":3}},"156":{"start":{"line":157,"column":0},"end":{"line":157,"column":33}},"157":{"start":{"line":158,"column":0},"end":{"line":158,"column":54}},"158":{"start":{"line":159,"column":0},"end":{"line":159,"column":1}},"160":{"start":{"line":161,"column":0},"end":{"line":161,"column":74}},"162":{"start":{"line":163,"column":0},"end":{"line":163,"column":67}},"163":{"start":{"line":164,"column":0},"end":{"line":164,"column":67}},"164":{"start":{"line":165,"column":0},"end":{"line":165,"column":65}},"166":{"start":{"line":167,"column":0},"end":{"line":167,"column":3}},"167":{"start":{"line":168,"column":0},"end":{"line":168,"column":23}},"168":{"start":{"line":169,"column":0},"end":{"line":169,"column":43}},"169":{"start":{"line":170,"column":0},"end":{"line":170,"column":35}},"170":{"start":{"line":171,"column":0},"end":{"line":171,"column":58}},"171":{"start":{"line":172,"column":0},"end":{"line":172,"column":3}},"172":{"start":{"line":173,"column":0},"end":{"line":173,"column":39}},"173":{"start":{"line":174,"column":0},"end":{"line":174,"column":36}},"174":{"start":{"line":175,"column":0},"end":{"line":175,"column":1}},"175":{"start":{"line":176,"column":0},"end":{"line":176,"column":3}},"176":{"start":{"line":177,"column":0},"end":{"line":177,"column":23}},"177":{"start":{"line":178,"column":0},"end":{"line":178,"column":43}},"178":{"start":{"line":179,"column":0},"end":{"line":179,"column":35}},"179":{"start":{"line":180,"column":0},"end":{"line":180,"column":62}},"180":{"start":{"line":181,"column":0},"end":{"line":181,"column":3}},"181":{"start":{"line":182,"column":0},"end":{"line":182,"column":39}},"182":{"start":{"line":183,"column":0},"end":{"line":183,"column":10}},"183":{"start":{"line":184,"column":0},"end":{"line":184,"column":53}},"184":{"start":{"line":185,"column":0},"end":{"line":185,"column":53}},"185":{"start":{"line":186,"column":0},"end":{"line":186,"column":29}},"186":{"start":{"line":187,"column":0},"end":{"line":187,"column":4}},"187":{"start":{"line":188,"column":0},"end":{"line":188,"column":1}},"188":{"start":{"line":189,"column":0},"end":{"line":189,"column":3}},"189":{"start":{"line":190,"column":0},"end":{"line":190,"column":23}},"190":{"start":{"line":191,"column":0},"end":{"line":191,"column":43}},"191":{"start":{"line":192,"column":0},"end":{"line":192,"column":34}},"192":{"start":{"line":193,"column":0},"end":{"line":193,"column":107}},"193":{"start":{"line":194,"column":0},"end":{"line":194,"column":3}},"194":{"start":{"line":195,"column":0},"end":{"line":195,"column":34}},"195":{"start":{"line":196,"column":0},"end":{"line":196,"column":56}},"196":{"start":{"line":197,"column":0},"end":{"line":197,"column":1}},"198":{"start":{"line":199,"column":0},"end":{"line":199,"column":74}},"200":{"start":{"line":201,"column":0},"end":{"line":201,"column":65}},"201":{"start":{"line":202,"column":0},"end":{"line":202,"column":65}},"202":{"start":{"line":203,"column":0},"end":{"line":203,"column":63}},"204":{"start":{"line":205,"column":0},"end":{"line":205,"column":3}},"205":{"start":{"line":206,"column":0},"end":{"line":206,"column":23}},"206":{"start":{"line":207,"column":0},"end":{"line":207,"column":43}},"207":{"start":{"line":208,"column":0},"end":{"line":208,"column":34}},"208":{"start":{"line":209,"column":0},"end":{"line":209,"column":57}},"209":{"start":{"line":210,"column":0},"end":{"line":210,"column":3}},"210":{"start":{"line":211,"column":0},"end":{"line":211,"column":38}},"211":{"start":{"line":212,"column":0},"end":{"line":212,"column":35}},"212":{"start":{"line":213,"column":0},"end":{"line":213,"column":1}},"213":{"start":{"line":214,"column":0},"end":{"line":214,"column":3}},"214":{"start":{"line":215,"column":0},"end":{"line":215,"column":23}},"215":{"start":{"line":216,"column":0},"end":{"line":216,"column":43}},"216":{"start":{"line":217,"column":0},"end":{"line":217,"column":34}},"217":{"start":{"line":218,"column":0},"end":{"line":218,"column":71}},"218":{"start":{"line":219,"column":0},"end":{"line":219,"column":3}},"219":{"start":{"line":220,"column":0},"end":{"line":220,"column":38}},"220":{"start":{"line":221,"column":0},"end":{"line":221,"column":10}},"221":{"start":{"line":222,"column":0},"end":{"line":222,"column":52}},"222":{"start":{"line":223,"column":0},"end":{"line":223,"column":52}},"223":{"start":{"line":224,"column":0},"end":{"line":224,"column":29}},"224":{"start":{"line":225,"column":0},"end":{"line":225,"column":4}},"225":{"start":{"line":226,"column":0},"end":{"line":226,"column":1}},"226":{"start":{"line":227,"column":0},"end":{"line":227,"column":3}},"227":{"start":{"line":228,"column":0},"end":{"line":228,"column":23}},"228":{"start":{"line":229,"column":0},"end":{"line":229,"column":43}},"229":{"start":{"line":230,"column":0},"end":{"line":230,"column":33}},"230":{"start":{"line":231,"column":0},"end":{"line":231,"column":116}},"231":{"start":{"line":232,"column":0},"end":{"line":232,"column":3}},"232":{"start":{"line":233,"column":0},"end":{"line":233,"column":33}},"233":{"start":{"line":234,"column":0},"end":{"line":234,"column":54}},"234":{"start":{"line":235,"column":0},"end":{"line":235,"column":1}},"236":{"start":{"line":237,"column":0},"end":{"line":237,"column":74}},"238":{"start":{"line":239,"column":0},"end":{"line":239,"column":65}},"239":{"start":{"line":240,"column":0},"end":{"line":240,"column":65}},"240":{"start":{"line":241,"column":0},"end":{"line":241,"column":63}},"242":{"start":{"line":243,"column":0},"end":{"line":243,"column":3}},"243":{"start":{"line":244,"column":0},"end":{"line":244,"column":23}},"244":{"start":{"line":245,"column":0},"end":{"line":245,"column":43}},"245":{"start":{"line":246,"column":0},"end":{"line":246,"column":34}},"246":{"start":{"line":247,"column":0},"end":{"line":247,"column":57}},"247":{"start":{"line":248,"column":0},"end":{"line":248,"column":3}},"248":{"start":{"line":249,"column":0},"end":{"line":249,"column":38}},"249":{"start":{"line":250,"column":0},"end":{"line":250,"column":35}},"250":{"start":{"line":251,"column":0},"end":{"line":251,"column":1}},"251":{"start":{"line":252,"column":0},"end":{"line":252,"column":3}},"252":{"start":{"line":253,"column":0},"end":{"line":253,"column":23}},"253":{"start":{"line":254,"column":0},"end":{"line":254,"column":43}},"254":{"start":{"line":255,"column":0},"end":{"line":255,"column":34}},"255":{"start":{"line":256,"column":0},"end":{"line":256,"column":71}},"256":{"start":{"line":257,"column":0},"end":{"line":257,"column":3}},"257":{"start":{"line":258,"column":0},"end":{"line":258,"column":38}},"258":{"start":{"line":259,"column":0},"end":{"line":259,"column":10}},"259":{"start":{"line":260,"column":0},"end":{"line":260,"column":52}},"260":{"start":{"line":261,"column":0},"end":{"line":261,"column":52}},"261":{"start":{"line":262,"column":0},"end":{"line":262,"column":29}},"262":{"start":{"line":263,"column":0},"end":{"line":263,"column":4}},"263":{"start":{"line":264,"column":0},"end":{"line":264,"column":1}},"264":{"start":{"line":265,"column":0},"end":{"line":265,"column":3}},"265":{"start":{"line":266,"column":0},"end":{"line":266,"column":23}},"266":{"start":{"line":267,"column":0},"end":{"line":267,"column":43}},"267":{"start":{"line":268,"column":0},"end":{"line":268,"column":33}},"268":{"start":{"line":269,"column":0},"end":{"line":269,"column":116}},"269":{"start":{"line":270,"column":0},"end":{"line":270,"column":3}},"270":{"start":{"line":271,"column":0},"end":{"line":271,"column":33}},"271":{"start":{"line":272,"column":0},"end":{"line":272,"column":54}},"272":{"start":{"line":273,"column":0},"end":{"line":273,"column":1}},"274":{"start":{"line":275,"column":0},"end":{"line":275,"column":74}}},"s":{"0":1,"2":1,"4":1,"6":1,"8":1,"9":1,"10":1,"11":1,"12":1,"13":1,"14":1,"15":1,"16":1,"17":1,"18":1,"19":1,"20":1,"21":3110,"22":3110,"23":3110,"24":3110,"25":2551,"26":3110,"27":3110,"28":1,"30":1,"32":1,"33":1,"34":1,"36":1,"37":1,"38":1,"39":1,"40":1,"41":1,"42":1,"43":1,"44":1,"45":1,"46":1,"47":56,"48":56,"49":56,"51":56,"52":56,"53":56,"54":56,"56":1,"57":1,"58":1,"59":1,"60":1,"61":1,"62":1,"63":1,"64":1,"65":1,"66":38,"67":38,"68":38,"69":38,"71":1,"72":1,"73":1,"74":1,"75":1,"76":1,"77":1,"78":1,"79":1,"80":1,"81":32,"82":32,"84":1,"86":1,"87":1,"88":1,"90":1,"91":1,"92":1,"93":1,"94":1,"95":1,"96":1,"97":494,"98":494,"99":1,"100":1,"101":1,"102":1,"103":1,"104":1,"105":1,"106":87,"107":87,"108":87,"109":6,"110":87,"111":87,"112":1,"113":1,"114":1,"115":1,"116":1,"117":1,"118":1,"119":343,"120":343,"122":1,"124":1,"125":1,"126":1,"128":1,"129":1,"130":1,"131":1,"132":1,"133":1,"134":1,"135":70,"136":70,"137":1,"138":1,"139":1,"140":1,"141":1,"142":1,"143":1,"144":67,"145":67,"146":67,"147":11,"148":67,"149":67,"150":1,"151":1,"152":1,"153":1,"154":1,"155":1,"156":1,"157":35,"158":35,"160":1,"162":1,"163":1,"164":1,"166":1,"167":1,"168":1,"169":1,"170":1,"171":1,"172":1,"173":70,"174":70,"175":1,"176":1,"177":1,"178":1,"179":1,"180":1,"181":1,"182":64,"183":64,"184":64,"185":6,"186":64,"187":64,"188":1,"189":1,"190":1,"191":1,"192":1,"193":1,"194":1,"195":35,"196":35,"198":1,"200":1,"201":1,"202":1,"204":1,"205":1,"206":1,"207":1,"208":1,"209":1,"210":1,"211":70,"212":70,"213":1,"214":1,"215":1,"216":1,"217":1,"218":1,"219":1,"220":69,"221":69,"222":69,"223":3,"224":69,"225":69,"226":1,"227":1,"228":1,"229":1,"230":1,"231":1,"232":1,"233":35,"234":35,"236":1,"238":1,"239":1,"240":1,"242":1,"243":1,"244":1,"245":1,"246":1,"247":1,"248":1,"249":70,"250":70,"251":1,"252":1,"253":1,"254":1,"255":1,"256":1,"257":1,"258":69,"259":69,"260":69,"261":3,"262":69,"263":69,"264":1,"265":1,"266":1,"267":1,"268":1,"269":1,"270":1,"271":35,"272":35,"274":1},"branchMap":{"0":{"type":"branch","line":21,"loc":{"start":{"line":21,"column":7},"end":{"line":28,"column":1}},"locations":[{"start":{"line":21,"column":7},"end":{"line":28,"column":1}}]},"1":{"type":"branch","line":23,"loc":{"start":{"line":23,"column":32},"end":{"line":24,"column":36}},"locations":[{"start":{"line":23,"column":32},"end":{"line":24,"column":36}}]},"2":{"type":"branch","line":24,"loc":{"start":{"line":24,"column":37},"end":{"line":25,"column":36}},"locations":[{"start":{"line":24,"column":37},"end":{"line":25,"column":36}}]},"3":{"type":"branch","line":25,"loc":{"start":{"line":25,"column":37},"end":{"line":26,"column":37}},"locations":[{"start":{"line":25,"column":37},"end":{"line":26,"column":37}}]},"4":{"type":"branch","line":47,"loc":{"start":{"line":47,"column":7},"end":{"line":55,"column":1}},"locations":[{"start":{"line":47,"column":7},"end":{"line":55,"column":1}}]},"5":{"type":"branch","line":50,"loc":{"start":{"line":50,"column":35},"end":{"line":50,"column":52}},"locations":[{"start":{"line":50,"column":35},"end":{"line":50,"column":52}}]},"6":{"type":"branch","line":66,"loc":{"start":{"line":66,"column":7},"end":{"line":70,"column":1}},"locations":[{"start":{"line":66,"column":7},"end":{"line":70,"column":1}}]},"7":{"type":"branch","line":68,"loc":{"start":{"line":68,"column":50},"end":{"line":68,"column":98}},"locations":[{"start":{"line":68,"column":50},"end":{"line":68,"column":98}}]},"8":{"type":"branch","line":81,"loc":{"start":{"line":81,"column":7},"end":{"line":83,"column":1}},"locations":[{"start":{"line":81,"column":7},"end":{"line":83,"column":1}}]},"9":{"type":"branch","line":82,"loc":{"start":{"line":82,"column":55},"end":{"line":82,"column":98}},"locations":[{"start":{"line":82,"column":55},"end":{"line":82,"column":98}}]},"10":{"type":"branch","line":82,"loc":{"start":{"line":82,"column":81},"end":{"line":82,"column":88}},"locations":[{"start":{"line":82,"column":81},"end":{"line":82,"column":88}}]},"11":{"type":"branch","line":97,"loc":{"start":{"line":97,"column":7},"end":{"line":99,"column":1}},"locations":[{"start":{"line":97,"column":7},"end":{"line":99,"column":1}}]},"12":{"type":"branch","line":106,"loc":{"start":{"line":106,"column":7},"end":{"line":112,"column":1}},"locations":[{"start":{"line":106,"column":7},"end":{"line":112,"column":1}}]},"13":{"type":"branch","line":108,"loc":{"start":{"line":108,"column":50},"end":{"line":109,"column":49}},"locations":[{"start":{"line":108,"column":50},"end":{"line":109,"column":49}}]},"14":{"type":"branch","line":109,"loc":{"start":{"line":109,"column":50},"end":{"line":110,"column":29}},"locations":[{"start":{"line":109,"column":50},"end":{"line":110,"column":29}}]},"15":{"type":"branch","line":119,"loc":{"start":{"line":119,"column":7},"end":{"line":121,"column":1}},"locations":[{"start":{"line":119,"column":7},"end":{"line":121,"column":1}}]},"16":{"type":"branch","line":120,"loc":{"start":{"line":120,"column":30},"end":{"line":120,"column":53}},"locations":[{"start":{"line":120,"column":30},"end":{"line":120,"column":53}}]},"17":{"type":"branch","line":135,"loc":{"start":{"line":135,"column":7},"end":{"line":137,"column":1}},"locations":[{"start":{"line":135,"column":7},"end":{"line":137,"column":1}}]},"18":{"type":"branch","line":144,"loc":{"start":{"line":144,"column":7},"end":{"line":150,"column":1}},"locations":[{"start":{"line":144,"column":7},"end":{"line":150,"column":1}}]},"19":{"type":"branch","line":146,"loc":{"start":{"line":146,"column":50},"end":{"line":147,"column":49}},"locations":[{"start":{"line":146,"column":50},"end":{"line":147,"column":49}}]},"20":{"type":"branch","line":147,"loc":{"start":{"line":147,"column":50},"end":{"line":148,"column":29}},"locations":[{"start":{"line":147,"column":50},"end":{"line":148,"column":29}}]},"21":{"type":"branch","line":157,"loc":{"start":{"line":157,"column":7},"end":{"line":159,"column":1}},"locations":[{"start":{"line":157,"column":7},"end":{"line":159,"column":1}}]},"22":{"type":"branch","line":158,"loc":{"start":{"line":158,"column":30},"end":{"line":158,"column":53}},"locations":[{"start":{"line":158,"column":30},"end":{"line":158,"column":53}}]},"23":{"type":"branch","line":173,"loc":{"start":{"line":173,"column":7},"end":{"line":175,"column":1}},"locations":[{"start":{"line":173,"column":7},"end":{"line":175,"column":1}}]},"24":{"type":"branch","line":182,"loc":{"start":{"line":182,"column":7},"end":{"line":188,"column":1}},"locations":[{"start":{"line":182,"column":7},"end":{"line":188,"column":1}}]},"25":{"type":"branch","line":184,"loc":{"start":{"line":184,"column":51},"end":{"line":185,"column":50}},"locations":[{"start":{"line":184,"column":51},"end":{"line":185,"column":50}}]},"26":{"type":"branch","line":185,"loc":{"start":{"line":185,"column":51},"end":{"line":186,"column":29}},"locations":[{"start":{"line":185,"column":51},"end":{"line":186,"column":29}}]},"27":{"type":"branch","line":195,"loc":{"start":{"line":195,"column":7},"end":{"line":197,"column":1}},"locations":[{"start":{"line":195,"column":7},"end":{"line":197,"column":1}}]},"28":{"type":"branch","line":196,"loc":{"start":{"line":196,"column":31},"end":{"line":196,"column":55}},"locations":[{"start":{"line":196,"column":31},"end":{"line":196,"column":55}}]},"29":{"type":"branch","line":211,"loc":{"start":{"line":211,"column":7},"end":{"line":213,"column":1}},"locations":[{"start":{"line":211,"column":7},"end":{"line":213,"column":1}}]},"30":{"type":"branch","line":220,"loc":{"start":{"line":220,"column":7},"end":{"line":226,"column":1}},"locations":[{"start":{"line":220,"column":7},"end":{"line":226,"column":1}}]},"31":{"type":"branch","line":222,"loc":{"start":{"line":222,"column":50},"end":{"line":223,"column":49}},"locations":[{"start":{"line":222,"column":50},"end":{"line":223,"column":49}}]},"32":{"type":"branch","line":223,"loc":{"start":{"line":223,"column":50},"end":{"line":224,"column":29}},"locations":[{"start":{"line":223,"column":50},"end":{"line":224,"column":29}}]},"33":{"type":"branch","line":233,"loc":{"start":{"line":233,"column":7},"end":{"line":235,"column":1}},"locations":[{"start":{"line":233,"column":7},"end":{"line":235,"column":1}}]},"34":{"type":"branch","line":234,"loc":{"start":{"line":234,"column":30},"end":{"line":234,"column":53}},"locations":[{"start":{"line":234,"column":30},"end":{"line":234,"column":53}}]},"35":{"type":"branch","line":249,"loc":{"start":{"line":249,"column":7},"end":{"line":251,"column":1}},"locations":[{"start":{"line":249,"column":7},"end":{"line":251,"column":1}}]},"36":{"type":"branch","line":258,"loc":{"start":{"line":258,"column":7},"end":{"line":264,"column":1}},"locations":[{"start":{"line":258,"column":7},"end":{"line":264,"column":1}}]},"37":{"type":"branch","line":260,"loc":{"start":{"line":260,"column":50},"end":{"line":261,"column":49}},"locations":[{"start":{"line":260,"column":50},"end":{"line":261,"column":49}}]},"38":{"type":"branch","line":261,"loc":{"start":{"line":261,"column":50},"end":{"line":262,"column":29}},"locations":[{"start":{"line":261,"column":50},"end":{"line":262,"column":29}}]},"39":{"type":"branch","line":271,"loc":{"start":{"line":271,"column":7},"end":{"line":273,"column":1}},"locations":[{"start":{"line":271,"column":7},"end":{"line":273,"column":1}}]},"40":{"type":"branch","line":272,"loc":{"start":{"line":272,"column":30},"end":{"line":272,"column":53}},"locations":[{"start":{"line":272,"column":30},"end":{"line":272,"column":53}}]}},"b":{"0":[3110],"1":[2551],"2":[2551],"3":[2551],"4":[56],"5":[36],"6":[38],"7":[11],"8":[32],"9":[5],"10":[1],"11":[494],"12":[87],"13":[6],"14":[6],"15":[343],"16":[52],"17":[70],"18":[67],"19":[11],"20":[11],"21":[35],"22":[32],"23":[70],"24":[64],"25":[6],"26":[6],"27":[35],"28":[33],"29":[70],"30":[69],"31":[3],"32":[3],"33":[35],"34":[34],"35":[70],"36":[69],"37":[3],"38":[3],"39":[35],"40":[34]},"fnMap":{"0":{"name":"isFunction","decl":{"start":{"line":21,"column":7},"end":{"line":28,"column":1}},"loc":{"start":{"line":21,"column":7},"end":{"line":28,"column":1}},"line":21},"1":{"name":"isObject","decl":{"start":{"line":47,"column":7},"end":{"line":55,"column":1}},"loc":{"start":{"line":47,"column":7},"end":{"line":55,"column":1}},"line":47},"2":{"name":"isObjectObject","decl":{"start":{"line":66,"column":7},"end":{"line":70,"column":1}},"loc":{"start":{"line":66,"column":7},"end":{"line":70,"column":1}},"line":66},"3":{"name":"isDictionaryObject","decl":{"start":{"line":81,"column":7},"end":{"line":83,"column":1}},"loc":{"start":{"line":81,"column":7},"end":{"line":83,"column":1}},"line":81},"4":{"name":"isStringValue","decl":{"start":{"line":97,"column":7},"end":{"line":99,"column":1}},"loc":{"start":{"line":97,"column":7},"end":{"line":99,"column":1}},"line":97},"5":{"name":"isBoxedString","decl":{"start":{"line":106,"column":7},"end":{"line":112,"column":1}},"loc":{"start":{"line":106,"column":7},"end":{"line":112,"column":1}},"line":106},"6":{"name":"isString","decl":{"start":{"line":119,"column":7},"end":{"line":121,"column":1}},"loc":{"start":{"line":119,"column":7},"end":{"line":121,"column":1}},"line":119},"7":{"name":"isNumberValue","decl":{"start":{"line":135,"column":7},"end":{"line":137,"column":1}},"loc":{"start":{"line":135,"column":7},"end":{"line":137,"column":1}},"line":135},"8":{"name":"isBoxedNumber","decl":{"start":{"line":144,"column":7},"end":{"line":150,"column":1}},"loc":{"start":{"line":144,"column":7},"end":{"line":150,"column":1}},"line":144},"9":{"name":"isNumber","decl":{"start":{"line":157,"column":7},"end":{"line":159,"column":1}},"loc":{"start":{"line":157,"column":7},"end":{"line":159,"column":1}},"line":157},"10":{"name":"isBooleanValue","decl":{"start":{"line":173,"column":7},"end":{"line":175,"column":1}},"loc":{"start":{"line":173,"column":7},"end":{"line":175,"column":1}},"line":173},"11":{"name":"isBoxedBoolean","decl":{"start":{"line":182,"column":7},"end":{"line":188,"column":1}},"loc":{"start":{"line":182,"column":7},"end":{"line":188,"column":1}},"line":182},"12":{"name":"isBoolean","decl":{"start":{"line":195,"column":7},"end":{"line":197,"column":1}},"loc":{"start":{"line":195,"column":7},"end":{"line":197,"column":1}},"line":195},"13":{"name":"isSymbolValue","decl":{"start":{"line":211,"column":7},"end":{"line":213,"column":1}},"loc":{"start":{"line":211,"column":7},"end":{"line":213,"column":1}},"line":211},"14":{"name":"isBoxedSymbol","decl":{"start":{"line":220,"column":7},"end":{"line":226,"column":1}},"loc":{"start":{"line":220,"column":7},"end":{"line":226,"column":1}},"line":220},"15":{"name":"isSymbol","decl":{"start":{"line":233,"column":7},"end":{"line":235,"column":1}},"loc":{"start":{"line":233,"column":7},"end":{"line":235,"column":1}},"line":233},"16":{"name":"isBigIntValue","decl":{"start":{"line":249,"column":7},"end":{"line":251,"column":1}},"loc":{"start":{"line":249,"column":7},"end":{"line":251,"column":1}},"line":249},"17":{"name":"isBoxedBigInt","decl":{"start":{"line":258,"column":7},"end":{"line":264,"column":1}},"loc":{"start":{"line":258,"column":7},"end":{"line":264,"column":1}},"line":258},"18":{"name":"isBigInt","decl":{"start":{"line":271,"column":7},"end":{"line":273,"column":1}},"loc":{"start":{"line":271,"column":7},"end":{"line":273,"column":1}},"line":271}},"f":{"0":3110,"1":56,"2":38,"3":32,"4":494,"5":87,"6":343,"7":70,"8":67,"9":35,"10":70,"11":64,"12":35,"13":70,"14":69,"15":35,"16":70,"17":69,"18":35}}
,"/home/runner/work/es-type-detection/es-type-detection/src/error/index.js": {"path":"/home/runner/work/es-type-detection/es-type-detection/src/error/index.js","all":false,"statementMap":{"0":{"start":{"line":1,"column":0},"end":{"line":1,"column":12}},"2":{"start":{"line":3,"column":0},"end":{"line":3,"column":73}},"3":{"start":{"line":4,"column":0},"end":{"line":4,"column":54}},"5":{"start":{"line":6,"column":0},"end":{"line":6,"column":74}},"7":{"start":{"line":8,"column":0},"end":{"line":8,"column":58}},"9":{"start":{"line":10,"column":0},"end":{"line":10,"column":3}},"10":{"start":{"line":11,"column":0},"end":{"line":11,"column":23}},"11":{"start":{"line":12,"column":0},"end":{"line":12,"column":43}},"12":{"start":{"line":13,"column":0},"end":{"line":13,"column":31}},"13":{"start":{"line":14,"column":0},"end":{"line":14,"column":64}},"14":{"start":{"line":15,"column":0},"end":{"line":15,"column":67}},"15":{"start":{"line":16,"column":0},"end":{"line":16,"column":74}},"16":{"start":{"line":17,"column":0},"end":{"line":17,"column":66}},"17":{"start":{"line":18,"column":0},"end":{"line":18,"column":3}},"18":{"start":{"line":19,"column":0},"end":{"line":19,"column":32}},"19":{"start":{"line":20,"column":0},"end":{"line":20,"column":44}},"21":{"start":{"line":22,"column":0},"end":{"line":22,"column":10}},"22":{"start":{"line":23,"column":0},"end":{"line":23,"column":37}},"23":{"start":{"line":24,"column":0},"end":{"line":24,"column":73}},"24":{"start":{"line":25,"column":0},"end":{"line":25,"column":4}},"25":{"start":{"line":26,"column":0},"end":{"line":26,"column":57}},"26":{"start":{"line":27,"column":0},"end":{"line":27,"column":7}},"27":{"start":{"line":28,"column":0},"end":{"line":28,"column":53}},"28":{"start":{"line":29,"column":0},"end":{"line":29,"column":48}},"29":{"start":{"line":30,"column":0},"end":{"line":30,"column":45}},"30":{"start":{"line":31,"column":0},"end":{"line":31,"column":52}},"31":{"start":{"line":32,"column":0},"end":{"line":32,"column":16}},"32":{"start":{"line":33,"column":0},"end":{"line":33,"column":21}},"33":{"start":{"line":34,"column":0},"end":{"line":34,"column":40}},"34":{"start":{"line":35,"column":0},"end":{"line":35,"column":70}},"35":{"start":{"line":36,"column":0},"end":{"line":36,"column":58}},"36":{"start":{"line":37,"column":0},"end":{"line":37,"column":40}},"37":{"start":{"line":38,"column":0},"end":{"line":38,"column":18}},"38":{"start":{"line":39,"column":0},"end":{"line":39,"column":16}},"39":{"start":{"line":40,"column":0},"end":{"line":40,"column":1}},"41":{"start":{"line":42,"column":0},"end":{"line":42,"column":62}},"43":{"start":{"line":44,"column":0},"end":{"line":44,"column":3}},"44":{"start":{"line":45,"column":0},"end":{"line":45,"column":23}},"45":{"start":{"line":46,"column":0},"end":{"line":46,"column":43}},"46":{"start":{"line":47,"column":0},"end":{"line":47,"column":33}},"47":{"start":{"line":48,"column":0},"end":{"line":48,"column":77}},"48":{"start":{"line":49,"column":0},"end":{"line":49,"column":3}},"49":{"start":{"line":50,"column":0},"end":{"line":50,"column":37}},"50":{"start":{"line":51,"column":0},"end":{"line":51,"column":72}},"51":{"start":{"line":52,"column":0},"end":{"line":52,"column":1}},"53":{"start":{"line":54,"column":0},"end":{"line":54,"column":3}},"54":{"start":{"line":55,"column":0},"end":{"line":55,"column":23}},"55":{"start":{"line":56,"column":0},"end":{"line":56,"column":43}},"56":{"start":{"line":57,"column":0},"end":{"line":57,"column":32}},"57":{"start":{"line":58,"column":0},"end":{"line":58,"column":78}},"58":{"start":{"line":59,"column":0},"end":{"line":59,"column":3}},"59":{"start":{"line":60,"column":0},"end":{"line":60,"column":36}},"60":{"start":{"line":61,"column":0},"end":{"line":61,"column":76}},"61":{"start":{"line":62,"column":0},"end":{"line":62,"column":1}},"63":{"start":{"line":64,"column":0},"end":{"line":64,"column":3}},"64":{"start":{"line":65,"column":0},"end":{"line":65,"column":23}},"65":{"start":{"line":66,"column":0},"end":{"line":66,"column":43}},"66":{"start":{"line":67,"column":0},"end":{"line":67,"column":33}},"67":{"start":{"line":68,"column":0},"end":{"line":68,"column":79}},"68":{"start":{"line":69,"column":0},"end":{"line":69,"column":3}},"69":{"start":{"line":70,"column":0},"end":{"line":70,"column":37}},"70":{"start":{"line":71,"column":0},"end":{"line":71,"column":77}},"71":{"start":{"line":72,"column":0},"end":{"line":72,"column":1}},"73":{"start":{"line":74,"column":0},"end":{"line":74,"column":3}},"74":{"start":{"line":75,"column":0},"end":{"line":75,"column":23}},"75":{"start":{"line":76,"column":0},"end":{"line":76,"column":43}},"76":{"start":{"line":77,"column":0},"end":{"line":77,"column":37}},"77":{"start":{"line":78,"column":0},"end":{"line":78,"column":83}},"78":{"start":{"line":79,"column":0},"end":{"line":79,"column":3}},"79":{"start":{"line":80,"column":0},"end":{"line":80,"column":41}},"80":{"start":{"line":81,"column":0},"end":{"line":81,"column":81}},"81":{"start":{"line":82,"column":0},"end":{"line":82,"column":1}},"83":{"start":{"line":84,"column":0},"end":{"line":84,"column":3}},"84":{"start":{"line":85,"column":0},"end":{"line":85,"column":23}},"85":{"start":{"line":86,"column":0},"end":{"line":86,"column":43}},"86":{"start":{"line":87,"column":0},"end":{"line":87,"column":34}},"87":{"start":{"line":88,"column":0},"end":{"line":88,"column":80}},"88":{"start":{"line":89,"column":0},"end":{"line":89,"column":3}},"89":{"start":{"line":90,"column":0},"end":{"line":90,"column":38}},"90":{"start":{"line":91,"column":0},"end":{"line":91,"column":78}},"91":{"start":{"line":92,"column":0},"end":{"line":92,"column":1}},"93":{"start":{"line":94,"column":0},"end":{"line":94,"column":3}},"94":{"start":{"line":95,"column":0},"end":{"line":95,"column":23}},"95":{"start":{"line":96,"column":0},"end":{"line":96,"column":43}},"96":{"start":{"line":97,"column":0},"end":{"line":97,"column":32}},"97":{"start":{"line":98,"column":0},"end":{"line":98,"column":78}},"98":{"start":{"line":99,"column":0},"end":{"line":99,"column":3}},"99":{"start":{"line":100,"column":0},"end":{"line":100,"column":36}},"100":{"start":{"line":101,"column":0},"end":{"line":101,"column":76}},"101":{"start":{"line":102,"column":0},"end":{"line":102,"column":1}},"103":{"start":{"line":104,"column":0},"end":{"line":104,"column":3}},"104":{"start":{"line":105,"column":0},"end":{"line":105,"column":23}},"105":{"start":{"line":106,"column":0},"end":{"line":106,"column":43}},"106":{"start":{"line":107,"column":0},"end":{"line":107,"column":31}},"107":{"start":{"line":108,"column":0},"end":{"line":108,"column":77}},"108":{"start":{"line":109,"column":0},"end":{"line":109,"column":3}},"109":{"start":{"line":110,"column":0},"end":{"line":110,"column":35}},"110":{"start":{"line":111,"column":0},"end":{"line":111,"column":75}},"111":{"start":{"line":112,"column":0},"end":{"line":112,"column":1}},"113":{"start":{"line":114,"column":0},"end":{"line":114,"column":3}},"114":{"start":{"line":115,"column":0},"end":{"line":115,"column":23}},"115":{"start":{"line":116,"column":0},"end":{"line":116,"column":43}},"116":{"start":{"line":117,"column":0},"end":{"line":117,"column":37}},"117":{"start":{"line":118,"column":0},"end":{"line":118,"column":83}},"118":{"start":{"line":119,"column":0},"end":{"line":119,"column":3}},"119":{"start":{"line":120,"column":0},"end":{"line":120,"column":41}},"120":{"start":{"line":121,"column":0},"end":{"line":121,"column":81}},"121":{"start":{"line":122,"column":0},"end":{"line":122,"column":1}},"123":{"start":{"line":124,"column":0},"end":{"line":124,"column":74}}},"s":{"0":1,"2":1,"3":1,"5":1,"7":1,"9":1,"10":1,"11":1,"12":1,"13":1,"14":1,"15":1,"16":1,"17":1,"18":1,"19":200,"21":200,"22":200,"23":89,"24":200,"25":200,"26":200,"27":200,"28":200,"29":200,"30":200,"31":200,"32":200,"33":200,"34":200,"35":200,"36":200,"37":200,"38":200,"39":200,"41":1,"43":1,"44":1,"45":1,"46":1,"47":1,"48":1,"49":1,"50":20,"51":20,"53":1,"54":1,"55":1,"56":1,"57":1,"58":1,"59":1,"60":20,"61":20,"63":1,"64":1,"65":1,"66":1,"67":1,"68":1,"69":1,"70":20,"71":20,"73":1,"74":1,"75":1,"76":1,"77":1,"78":1,"79":1,"80":20,"81":20,"83":1,"84":1,"85":1,"86":1,"87":1,"88":1,"89":1,"90":20,"91":20,"93":1,"94":1,"95":1,"96":1,"97":1,"98":1,"99":1,"100":20,"101":20,"103":1,"104":1,"105":1,"106":1,"107":1,"108":1,"109":1,"110":20,"111":20,"113":1,"114":1,"115":1,"116":1,"117":1,"118":1,"119":1,"120":20,"121":20,"123":1},"branchMap":{"0":{"type":"branch","line":19,"loc":{"start":{"line":19,"column":7},"end":{"line":40,"column":1}},"locations":[{"start":{"line":19,"column":7},"end":{"line":40,"column":1}}]},"1":{"type":"branch","line":23,"loc":{"start":{"line":23,"column":35},"end":{"line":24,"column":73}},"locations":[{"start":{"line":23,"column":35},"end":{"line":24,"column":73}}]},"2":{"type":"branch","line":24,"loc":{"start":{"line":24,"column":37},"end":{"line":24,"column":72}},"locations":[{"start":{"line":24,"column":37},"end":{"line":24,"column":72}}]},"3":{"type":"branch","line":50,"loc":{"start":{"line":50,"column":7},"end":{"line":52,"column":1}},"locations":[{"start":{"line":50,"column":7},"end":{"line":52,"column":1}}]},"4":{"type":"branch","line":51,"loc":{"start":{"line":51,"column":24},"end":{"line":51,"column":71}},"locations":[{"start":{"line":51,"column":24},"end":{"line":51,"column":71}}]},"5":{"type":"branch","line":60,"loc":{"start":{"line":60,"column":7},"end":{"line":62,"column":1}},"locations":[{"start":{"line":60,"column":7},"end":{"line":62,"column":1}}]},"6":{"type":"branch","line":61,"loc":{"start":{"line":61,"column":24},"end":{"line":61,"column":75}},"locations":[{"start":{"line":61,"column":24},"end":{"line":61,"column":75}}]},"7":{"type":"branch","line":70,"loc":{"start":{"line":70,"column":7},"end":{"line":72,"column":1}},"locations":[{"start":{"line":70,"column":7},"end":{"line":72,"column":1}}]},"8":{"type":"branch","line":71,"loc":{"start":{"line":71,"column":24},"end":{"line":71,"column":76}},"locations":[{"start":{"line":71,"column":24},"end":{"line":71,"column":76}}]},"9":{"type":"branch","line":80,"loc":{"start":{"line":80,"column":7},"end":{"line":82,"column":1}},"locations":[{"start":{"line":80,"column":7},"end":{"line":82,"column":1}}]},"10":{"type":"branch","line":81,"loc":{"start":{"line":81,"column":24},"end":{"line":81,"column":80}},"locations":[{"start":{"line":81,"column":24},"end":{"line":81,"column":80}}]},"11":{"type":"branch","line":90,"loc":{"start":{"line":90,"column":7},"end":{"line":92,"column":1}},"locations":[{"start":{"line":90,"column":7},"end":{"line":92,"column":1}}]},"12":{"type":"branch","line":91,"loc":{"start":{"line":91,"column":24},"end":{"line":91,"column":77}},"locations":[{"start":{"line":91,"column":24},"end":{"line":91,"column":77}}]},"13":{"type":"branch","line":100,"loc":{"start":{"line":100,"column":7},"end":{"line":102,"column":1}},"locations":[{"start":{"line":100,"column":7},"end":{"line":102,"column":1}}]},"14":{"type":"branch","line":101,"loc":{"start":{"line":101,"column":24},"end":{"line":101,"column":75}},"locations":[{"start":{"line":101,"column":24},"end":{"line":101,"column":75}}]},"15":{"type":"branch","line":110,"loc":{"start":{"line":110,"column":7},"end":{"line":112,"column":1}},"locations":[{"start":{"line":110,"column":7},"end":{"line":112,"column":1}}]},"16":{"type":"branch","line":111,"loc":{"start":{"line":111,"column":24},"end":{"line":111,"column":74}},"locations":[{"start":{"line":111,"column":24},"end":{"line":111,"column":74}}]},"17":{"type":"branch","line":120,"loc":{"start":{"line":120,"column":7},"end":{"line":122,"column":1}},"locations":[{"start":{"line":120,"column":7},"end":{"line":122,"column":1}}]},"18":{"type":"branch","line":121,"loc":{"start":{"line":121,"column":24},"end":{"line":121,"column":80}},"locations":[{"start":{"line":121,"column":24},"end":{"line":121,"column":80}}]}},"b":{"0":[200],"1":[89],"2":[24],"3":[20],"4":[12],"5":[20],"6":[12],"7":[20],"8":[12],"9":[20],"10":[12],"11":[20],"12":[12],"13":[20],"14":[12],"15":[20],"16":[12],"17":[20],"18":[12]},"fnMap":{"0":{"name":"isError","decl":{"start":{"line":19,"column":7},"end":{"line":40,"column":1}},"loc":{"start":{"line":19,"column":7},"end":{"line":40,"column":1}},"line":19},"1":{"name":"isErrorError","decl":{"start":{"line":50,"column":7},"end":{"line":52,"column":1}},"loc":{"start":{"line":50,"column":7},"end":{"line":52,"column":1}},"line":50},"2":{"name":"isEvalError","decl":{"start":{"line":60,"column":7},"end":{"line":62,"column":1}},"loc":{"start":{"line":60,"column":7},"end":{"line":62,"column":1}},"line":60},"3":{"name":"isRangeError","decl":{"start":{"line":70,"column":7},"end":{"line":72,"column":1}},"loc":{"start":{"line":70,"column":7},"end":{"line":72,"column":1}},"line":70},"4":{"name":"isReferenceError","decl":{"start":{"line":80,"column":7},"end":{"line":82,"column":1}},"loc":{"start":{"line":80,"column":7},"end":{"line":82,"column":1}},"line":80},"5":{"name":"isSyntaxError","decl":{"start":{"line":90,"column":7},"end":{"line":92,"column":1}},"loc":{"start":{"line":90,"column":7},"end":{"line":92,"column":1}},"line":90},"6":{"name":"isTypeError","decl":{"start":{"line":100,"column":7},"end":{"line":102,"column":1}},"loc":{"start":{"line":100,"column":7},"end":{"line":102,"column":1}},"line":100},"7":{"name":"isURIError","decl":{"start":{"line":110,"column":7},"end":{"line":112,"column":1}},"loc":{"start":{"line":110,"column":7},"end":{"line":112,"column":1}},"line":110},"8":{"name":"isAggregateError","decl":{"start":{"line":120,"column":7},"end":{"line":122,"column":1}},"loc":{"start":{"line":120,"column":7},"end":{"line":122,"column":1}},"line":120}},"f":{"0":200,"1":20,"2":20,"3":20,"4":20,"5":20,"6":20,"7":20,"8":20}}
[...]
":7},"end":{"line":146,"column":1}},"locations":[{"start":{"line":118,"column":7},"end":{"line":146,"column":1}}]},"17":{"type":"branch","line":119,"loc":{"start":{"line":119,"column":37},"end":{"line":119,"column":72}},"locations":[{"start":{"line":119,"column":37},"end":{"line":119,"column":72}}]},"18":{"type":"branch","line":122,"loc":{"start":{"line":122,"column":19},"end":{"line":144,"column":3}},"locations":[{"start":{"line":122,"column":19},"end":{"line":144,"column":3}}]},"19":{"type":"branch","line":137,"loc":{"start":{"line":137,"column":68},"end":{"line":137,"column":73}},"locations":[{"start":{"line":137,"column":68},"end":{"line":137,"column":73}}]},"20":{"type":"branch","line":139,"loc":{"start":{"line":139,"column":38},"end":{"line":139,"column":65}},"locations":[{"start":{"line":139,"column":38},"end":{"line":139,"column":65}}]},"21":{"type":"branch","line":141,"loc":{"start":{"line":141,"column":24},"end":{"line":141,"column":66}},"locations":[{"start":{"line":141,"column":24},"end":{"line":141,"column":66}}]},"22":{"type":"branch","line":141,"loc":{"start":{"line":141,"column":68},"end":{"line":143,"column":5}},"locations":[{"start":{"line":141,"column":68},"end":{"line":143,"column":5}}]},"23":{"type":"branch","line":161,"loc":{"start":{"line":161,"column":7},"end":{"line":225,"column":1}},"locations":[{"start":{"line":161,"column":7},"end":{"line":225,"column":1}}]},"24":{"type":"branch","line":169,"loc":{"start":{"line":169,"column":19},"end":{"line":169,"column":38}},"locations":[{"start":{"line":169,"column":19},"end":{"line":169,"column":38}}]},"25":{"type":"branch","line":169,"loc":{"start":{"line":169,"column":40},"end":{"line":223,"column":3}},"locations":[{"start":{"line":169,"column":40},"end":{"line":223,"column":3}}]},"26":{"type":"branch","line":184,"loc":{"start":{"line":184,"column":70},"end":{"line":184,"column":75}},"locations":[{"start":{"line":184,"column":70},"end":{"line":184,"column":75}}]},"27":{"type":"branch","line":186,"loc":{"start":{"line":186,"column":41},"end":{"line":186,"column":66}},"locations":[{"start":{"line":186,"column":41},"end":{"line":186,"column":66}}]},"28":{"type":"branch","line":205,"loc":{"start":{"line":205,"column":19},"end":{"line":206,"column":39}},"locations":[{"start":{"line":205,"column":19},"end":{"line":206,"column":39}}]},"29":{"type":"branch","line":206,"loc":{"start":{"line":206,"column":40},"end":{"line":207,"column":34}},"locations":[{"start":{"line":206,"column":40},"end":{"line":207,"column":34}}]},"30":{"type":"branch","line":207,"loc":{"start":{"line":207,"column":35},"end":{"line":208,"column":37}},"locations":[{"start":{"line":207,"column":35},"end":{"line":208,"column":37}}]},"31":{"type":"branch","line":214,"loc":{"start":{"line":214,"column":28},"end":{"line":215,"column":29}},"locations":[{"start":{"line":214,"column":28},"end":{"line":215,"column":29}}]},"32":{"type":"branch","line":215,"loc":{"start":{"line":215,"column":30},"end":{"line":218,"column":57}},"locations":[{"start":{"line":215,"column":30},"end":{"line":218,"column":57}}]},"33":{"type":"branch","line":221,"loc":{"start":{"line":221,"column":25},"end":{"line":222,"column":91}},"locations":[{"start":{"line":221,"column":25},"end":{"line":222,"column":91}}]},"34":{"type":"branch","line":234,"loc":{"start":{"line":234,"column":7},"end":{"line":236,"column":1}},"locations":[{"start":{"line":234,"column":7},"end":{"line":236,"column":1}}]},"35":{"type":"branch","line":257,"loc":{"start":{"line":257,"column":7},"end":{"line":324,"column":1}},"locations":[{"start":{"line":257,"column":7},"end":{"line":324,"column":1}}]},"36":{"type":"branch","line":259,"loc":{"start":{"line":259,"column":37},"end":{"line":263,"column":3}},"locations":[{"start":{"line":259,"column":37},"end":{"line":263,"column":3}}]},"37":{"type":"branch","line":263,"loc":{"start":{"line":263,"column":2},"end":{"line":265,"column":29}},"locations":[{"start":{"line":263,"column":2},"end":{"line":265,"column":29}}]},"38":{"type":"branch","line":265,"loc":{"start":{"line":265,"column":29},"end":{"line":265,"column":58}},"locations":[{"start":{"line":265,"column":29},"end":{"line":265,"column":58}}]},"39":{"type":"branch","line":265,"loc":{"start":{"line":265,"column":61},"end":{"line":269,"column":3}},"locations":[{"start":{"line":265,"column":61},"end":{"line":269,"column":3}}]},"40":{"type":"branch","line":269,"loc":{"start":{"line":269,"column":2},"end":{"line":272,"column":34}},"locations":[{"start":{"line":269,"column":2},"end":{"line":272,"column":34}}]},"41":{"type":"branch","line":272,"loc":{"start":{"line":272,"column":34},"end":{"line":274,"column":3}},"locations":[{"start":{"line":272,"column":34},"end":{"line":274,"column":3}}]},"42":{"type":"branch","line":274,"loc":{"start":{"line":274,"column":2},"end":{"line":280,"column":30}},"locations":[{"start":{"line":274,"column":2},"end":{"line":280,"column":30}}]},"43":{"type":"branch","line":280,"loc":{"start":{"line":280,"column":30},"end":{"line":282,"column":3}},"locations":[{"start":{"line":280,"column":30},"end":{"line":282,"column":3}}]},"44":{"type":"branch","line":282,"loc":{"start":{"line":282,"column":2},"end":{"line":283,"column":29}},"locations":[{"start":{"line":282,"column":2},"end":{"line":283,"column":29}}]},"45":{"type":"branch","line":283,"loc":{"start":{"line":283,"column":29},"end":{"line":285,"column":3}},"locations":[{"start":{"line":283,"column":29},"end":{"line":285,"column":3}}]},"46":{"type":"branch","line":285,"loc":{"start":{"line":285,"column":3},"end":{"line":289,"column":3}},"locations":[{"start":{"line":285,"column":3},"end":{"line":289,"column":3}}]},"47":{"type":"branch","line":289,"loc":{"start":{"line":289,"column":2},"end":{"line":292,"column":25}},"locations":[{"start":{"line":289,"column":2},"end":{"line":292,"column":25}}]},"48":{"type":"branch","line":292,"loc":{"start":{"line":292,"column":25},"end":{"line":294,"column":3}},"locations":[{"start":{"line":292,"column":25},"end":{"line":294,"column":3}}]},"49":{"type":"branch","line":294,"loc":{"start":{"line":294,"column":2},"end":{"line":305,"column":91}},"locations":[{"start":{"line":294,"column":2},"end":{"line":305,"column":91}}]},"50":{"type":"branch","line":305,"loc":{"start":{"line":305,"column":91},"end":{"line":305,"column":96}},"locations":[{"start":{"line":305,"column":91},"end":{"line":305,"column":96}}]},"51":{"type":"branch","line":308,"loc":{"start":{"line":308,"column":42},"end":{"line":308,"column":81}},"locations":[{"start":{"line":308,"column":42},"end":{"line":308,"column":81}}]},"52":{"type":"branch","line":310,"loc":{"start":{"line":310,"column":20},"end":{"line":322,"column":3}},"locations":[{"start":{"line":310,"column":20},"end":{"line":322,"column":3}}]},"53":{"type":"branch","line":322,"loc":{"start":{"line":322,"column":2},"end":{"line":324,"column":1}},"locations":[{"start":{"line":322,"column":2},"end":{"line":324,"column":1}}]}},"b":{"0":[305],"1":[303],"2":[9],"3":[294],"4":[279],"5":[3],"6":[261],"7":[72],"8":[18],"9":[72],"10":[72],"11":[66],"12":[72],"13":[66],"14":[54],"15":[12],"16":[102],"17":[101],"18":[7],"19":[0],"20":[5],"21":[6],"22":[4],"23":[102],"24":[8],"25":[7],"26":[0],"27":[5],"28":[4],"29":[0],"30":[0],"31":[0],"32":[0],"33":[0],"34":[34],"35":[37],"36":[9],"37":[28],"38":[2],"39":[2],"40":[26],"41":[2],"42":[24],"43":[2],"44":[22],"45":[6],"46":[16],"47":[22],"48":[2],"49":[20],"50":[15],"51":[16],"52":[16],"53":[20]},"fnMap":{"0":{"name":"hasBuiltinTypeIdentity","decl":{"start":{"line":41,"column":7},"end":{"line":87,"column":1}},"loc":{"start":{"line":41,"column":7},"end":{"line":87,"column":1}},"line":41},"1":{"name":"hasCustomTypeIdentity","decl":{"start":{"line":118,"column":7},"end":{"line":146,"column":1}},"loc":{"start":{"line":118,"column":7},"end":{"line":146,"column":1}},"line":118},"2":{"name":"hasStableTypeIdentity","decl":{"start":{"line":161,"column":7},"end":{"line":225,"column":1}},"loc":{"start":{"line":161,"column":7},"end":{"line":225,"column":1}},"line":161},"3":{"name":"getTrustedType","decl":{"start":{"line":234,"column":7},"end":{"line":236,"column":1}},"loc":{"start":{"line":234,"column":7},"end":{"line":236,"column":1}},"line":234},"4":{"name":"defineStableTypeIdentity","decl":{"start":{"line":257,"column":7},"end":{"line":324,"column":1}},"loc":{"start":{"line":257,"column":7},"end":{"line":324,"column":1}},"line":257}},"f":{"0":305,"1":102,"2":102,"3":34,"4":37}}
,"/home/runner/work/es-type-detection/es-type-detection/src/type-identity/utility.js": {"path":"/home/runner/work/es-type-detection/es-type-detection/src/type-identity/utility.js","all":false,"statementMap":{"0":{"start":{"line":1,"column":0},"end":{"line":1,"column":12}},"2":{"start":{"line":3,"column":0},"end":{"line":3,"column":52}},"3":{"start":{"line":4,"column":0},"end":{"line":4,"column":56}},"5":{"start":{"line":6,"column":0},"end":{"line":6,"column":57}},"6":{"start":{"line":7,"column":0},"end":{"line":7,"column":57}},"8":{"start":{"line":9,"column":0},"end":{"line":9,"column":74}},"10":{"start":{"line":11,"column":0},"end":{"line":11,"column":74}},"11":{"start":{"line":12,"column":0},"end":{"line":12,"column":101}},"13":{"start":{"line":14,"column":0},"end":{"line":14,"column":74}},"15":{"start":{"line":16,"column":0},"end":{"line":16,"column":3}},"16":{"start":{"line":17,"column":0},"end":{"line":17,"column":95}},"17":{"start":{"line":18,"column":0},"end":{"line":18,"column":35}},"18":{"start":{"line":19,"column":0},"end":{"line":19,"column":86}},"19":{"start":{"line":20,"column":0},"end":{"line":20,"column":12}},"20":{"start":{"line":21,"column":0},"end":{"line":21,"column":21}},"21":{"start":{"line":22,"column":0},"end":{"line":22,"column":21}},"22":{"start":{"line":23,"column":0},"end":{"line":23,"column":104}},"23":{"start":{"line":24,"column":0},"end":{"line":24,"column":3}},"24":{"start":{"line":25,"column":0},"end":{"line":25,"column":64}},"25":{"start":{"line":26,"column":0},"end":{"line":26,"column":73}},"27":{"start":{"line":28,"column":0},"end":{"line":28,"column":99}},"28":{"start":{"line":29,"column":0},"end":{"line":29,"column":1}},"30":{"start":{"line":31,"column":0},"end":{"line":31,"column":3}},"31":{"start":{"line":32,"column":0},"end":{"line":32,"column":59}},"32":{"start":{"line":33,"column":0},"end":{"line":33,"column":60}},"33":{"start":{"line":34,"column":0},"end":{"line":34,"column":12}},"34":{"start":{"line":35,"column":0},"end":{"line":35,"column":21}},"35":{"start":{"line":36,"column":0},"end":{"line":36,"column":21}},"36":{"start":{"line":37,"column":0},"end":{"line":37,"column":59}},"37":{"start":{"line":38,"column":0},"end":{"line":38,"column":49}},"38":{"start":{"line":39,"column":0},"end":{"line":39,"column":3}},"39":{"start":{"line":40,"column":0},"end":{"line":40,"column":63}},"40":{"start":{"line":41,"column":0},"end":{"line":41,"column":86}},"42":{"start":{"line":43,"column":0},"end":{"line":43,"column":10}},"43":{"start":{"line":44,"column":0},"end":{"line":44,"column":78}},"44":{"start":{"line":45,"column":0},"end":{"line":45,"column":27}},"45":{"start":{"line":46,"column":0},"end":{"line":46,"column":24}},"46":{"start":{"line":47,"column":0},"end":{"line":47,"column":26}},"47":{"start":{"line":48,"column":0},"end":{"line":48,"column":4}},"48":{"start":{"line":49,"column":0},"end":{"line":49,"column":1}},"50":{"start":{"line":51,"column":0},"end":{"line":51,"column":77}},"51":{"start":{"line":52,"column":0},"end":{"line":52,"column":2}},"52":{"start":{"line":53,"column":0},"end":{"line":53,"column":6}},"53":{"start":{"line":54,"column":0},"end":{"line":54,"column":57}},"54":{"start":{"line":55,"column":0},"end":{"line":55,"column":24}},"55":{"start":{"line":56,"column":0},"end":{"line":56,"column":6}},"56":{"start":{"line":57,"column":0},"end":{"line":57,"column":71}},"57":{"start":{"line":58,"column":0},"end":{"line":58,"column":14}},"58":{"start":{"line":59,"column":0},"end":{"line":59,"column":64}},"59":{"start":{"line":60,"column":0},"end":{"line":60,"column":20}},"60":{"start":{"line":61,"column":0},"end":{"line":61,"column":6}},"61":{"start":{"line":62,"column":0},"end":{"line":62,"column":101}},"62":{"start":{"line":63,"column":0},"end":{"line":63,"column":38}},"63":{"start":{"line":64,"column":0},"end":{"line":64,"column":78}},"64":{"start":{"line":65,"column":0},"end":{"line":65,"column":2}},"65":{"start":{"line":66,"column":0},"end":{"line":66,"column":75}},"66":{"start":{"line":67,"column":0},"end":{"line":67,"column":52}},"67":{"start":{"line":68,"column":0},"end":{"line":68,"column":7}},"68":{"start":{"line":69,"column":0},"end":{"line":69,"column":23}},"69":{"start":{"line":70,"column":0},"end":{"line":70,"column":34}},"70":{"start":{"line":71,"column":0},"end":{"line":71,"column":79}},"71":{"start":{"line":72,"column":0},"end":{"line":72,"column":31}},"72":{"start":{"line":73,"column":0},"end":{"line":73,"column":27}},"73":{"start":{"line":74,"column":0},"end":{"line":74,"column":9}},"74":{"start":{"line":75,"column":0},"end":{"line":75,"column":35}},"75":{"start":{"line":76,"column":0},"end":{"line":76,"column":61}},"76":{"start":{"line":77,"column":0},"end":{"line":77,"column":72}},"77":{"start":{"line":78,"column":0},"end":{"line":78,"column":82}},"78":{"start":{"line":79,"column":0},"end":{"line":79,"column":6}},"79":{"start":{"line":80,"column":0},"end":{"line":80,"column":19}},"80":{"start":{"line":81,"column":0},"end":{"line":81,"column":18}},"81":{"start":{"line":82,"column":0},"end":{"line":82,"column":4}},"82":{"start":{"line":83,"column":0},"end":{"line":83,"column":2}},"83":{"start":{"line":84,"column":0},"end":{"line":84,"column":77}},"84":{"start":{"line":85,"column":0},"end":{"line":85,"column":2}},"85":{"start":{"line":86,"column":0},"end":{"line":86,"column":6}},"86":{"start":{"line":87,"column":0},"end":{"line":87,"column":57}},"87":{"start":{"line":88,"column":0},"end":{"line":88,"column":33}},"88":{"start":{"line":89,"column":0},"end":{"line":89,"column":24}},"89":{"start":{"line":90,"column":0},"end":{"line":90,"column":6}},"90":{"start":{"line":91,"column":0},"end":{"line":91,"column":77}},"91":{"start":{"line":92,"column":0},"end":{"line":92,"column":111}},"92":{"start":{"line":93,"column":0},"end":{"line":93,"column":2}},"93":{"start":{"line":94,"column":0},"end":{"line":94,"column":14}},"94":{"start":{"line":95,"column":0},"end":{"line":95,"column":41}},"95":{"start":{"line":96,"column":0},"end":{"line":96,"column":27}},"96":{"start":{"line":97,"column":0},"end":{"line":97,"column":86}},"97":{"start":{"line":98,"column":0},"end":{"line":98,"column":9}},"98":{"start":{"line":99,"column":0},"end":{"line":99,"column":6}},"99":{"start":{"line":100,"column":0},"end":{"line":100,"column":14}},"100":{"start":{"line":101,"column":0},"end":{"line":101,"column":65}},"101":{"start":{"line":102,"column":0},"end":{"line":102,"column":91}},"102":{"start":{"line":103,"column":0},"end":{"line":103,"column":6}},"103":{"start":{"line":104,"column":0},"end":{"line":104,"column":14}},"104":{"start":{"line":105,"column":0},"end":{"line":105,"column":33}},"105":{"start":{"line":106,"column":0},"end":{"line":106,"column":89}},"106":{"start":{"line":107,"column":0},"end":{"line":107,"column":6}},"107":{"start":{"line":108,"column":0},"end":{"line":108,"column":12}},"108":{"start":{"line":109,"column":0},"end":{"line":109,"column":26}},"109":{"start":{"line":110,"column":0},"end":{"line":110,"column":18}},"110":{"start":{"line":111,"column":0},"end":{"line":111,"column":16}},"111":{"start":{"line":112,"column":0},"end":{"line":112,"column":19}},"112":{"start":{"line":113,"column":0},"end":{"line":113,"column":83}},"113":{"start":{"line":114,"column":0},"end":{"line":114,"column":2}},"114":{"start":{"line":115,"column":0},"end":{"line":115,"column":13}},"115":{"start":{"line":116,"column":0},"end":{"line":116,"column":35}},"116":{"start":{"line":117,"column":0},"end":{"line":117,"column":48}},"117":{"start":{"line":118,"column":0},"end":{"line":118,"column":30}},"118":{"start":{"line":119,"column":0},"end":{"line":119,"column":27}},"119":{"start":{"line":120,"column":0},"end":{"line":120,"column":28}},"120":{"start":{"line":121,"column":0},"end":{"line":121,"column":7}},"121":{"start":{"line":122,"column":0},"end":{"line":122,"column":4}},"122":{"start":{"line":123,"column":0},"end":{"line":123,"column":2}},"123":{"start":{"line":124,"column":0},"end":{"line":124,"column":77}}},"s":{"0":1,"2":1,"3":1,"5":1,"6":1,"8":1,"10":1,"11":1,"13":1,"15":1,"16":1,"17":1,"18":1,"19":1,"20":1,"21":1,"22":1,"23":1,"24":1,"25":58,"27":58,"28":58,"30":1,"31":1,"32":1,"33":1,"34":1,"35":1,"36":1,"37":1,"38":1,"39":1,"40":58,"42":58,"43":58,"44":58,"45":58,"46":57,"47":58,"48":58,"50":1,"51":1,"52":1,"53":1,"54":1,"55":1,"56":1,"57":1,"58":1,"59":1,"60":1,"61":1,"62":1,"63":1,"64":1,"65":1,"66":1,"67":1,"68":1,"69":1,"70":1,"71":1,"72":1,"73":1,"74":1,"75":1,"76":1,"77":1,"78":1,"79":1,"80":1,"81":1,"82":1,"83":1,"84":1,"85":1,"86":1,"87":1,"88":1,"89":1,"90":1,"91":1,"92":1,"93":1,"94":1,"95":1,"96":1,"97":1,"98":1,"99":1,"100":1,"101":1,"102":1,"103":1,"104":1,"105":1,"106":1,"107":1,"108":1,"109":1,"110":1,"111":1,"112":1,"113":1,"114":1,"115":1,"116":1,"117":1,"118":1,"119":1,"120":1,"121":1,"122":1,"123":1},"branchMap":{"0":{"type":"branch","line":25,"loc":{"start":{"line":25,"column":7},"end":{"line":29,"column":1}},"locations":[{"start":{"line":25,"column":7},"end":{"line":29,"column":1}}]},"1":{"type":"branch","line":26,"loc":{"start":{"line":26,"column":67},"end":{"line":26,"column":72}},"locations":[{"start":{"line":26,"column":67},"end":{"line":26,"column":72}}]},"2":{"type":"branch","line":28,"loc":{"start":{"line":28,"column":28},"end":{"line":28,"column":51}},"locations":[{"start":{"line":28,"column":28},"end":{"line":28,"column":51}}]},"3":{"type":"branch","line":28,"loc":{"start":{"line":28,"column":52},"end":{"line":28,"column":73}},"locations":[{"start":{"line":28,"column":52},"end":{"line":28,"column":73}}]},"4":{"type":"branch","line":28,"loc":{"start":{"line":28,"column":74},"end":{"line":28,"column":98}},"locations":[{"start":{"line":28,"column":74},"end":{"line":28,"column":98}}]},"5":{"type":"branch","line":40,"loc":{"start":{"line":40,"column":7},"end":{"line":49,"column":1}},"locations":[{"start":{"line":40,"column":7},"end":{"line":49,"column":1}}]},"6":{"type":"branch","line":41,"loc":{"start":{"line":41,"column":80},"end":{"line":41,"column":85}},"locations":[{"start":{"line":41,"column":80},"end":{"line":41,"column":85}}]},"7":{"type":"branch","line":44,"loc":{"start":{"line":44,"column":25},"end":{"line":44,"column":51}},"locations":[{"start":{"line":44,"column":25},"end":{"line":44,"column":51}}]},"8":{"type":"branch","line":44,"loc":{"start":{"line":44,"column":53},"end":{"line":44,"column":74}},"locations":[{"start":{"line":44,"column":53},"end":{"line":44,"column":74}}]},"9":{"type":"branch","line":44,"loc":{"start":{"line":44,"column":76},"end":{"line":45,"column":24}},"locations":[{"start":{"line":44,"column":76},"end":{"line":45,"column":24}}]},"10":{"type":"branch","line":45,"loc":{"start":{"line":45,"column":25},"end":{"line":46,"column":21}},"locations":[{"start":{"line":45,"column":25},"end":{"line":46,"column":21}}]},"11":{"type":"branch","line":46,"loc":{"start":{"line":46,"column":22},"end":{"line":47,"column":26}},"locations":[{"start":{"line":46,"column":22},"end":{"line":47,"column":26}}]}},"b":{"0":[58],"1":[1],"2":[55],"3":[55],"4":[55],"5":[58],"6":[1],"7":[2],"8":[56],"9":[57],"10":[57],"11":[57]},"fnMap":{"0":{"name":"doesMatchNonEnumerableDescriptorDefault","decl":{"start":{"line":25,"column":7},"end":{"line":29,"column":1}},"loc":{"start":{"line":25,"column":7},"end":{"line":29,"column":1}},"line":25},"1":{"name":"doesMatchStableNonEnumerableDescriptor","decl":{"start":{"line":40,"column":7},"end":{"line":49,"column":1}},"loc":{"start":{"line":40,"column":7},"end":{"line":49,"column":1}},"line":40}},"f":{"0":58,"1":58}}
}
