TN:
SF:src/index.js
FNF:0
FNH:0
DA:1,1
DA:9,1
DA:16,1
DA:38,1
DA:45,1
DA:61,1
DA:73,1
DA:82,1
DA:83,1
DA:84,1
DA:85,1
DA:86,1
DA:87,1
DA:88,1
DA:89,1
DA:90,1
DA:91,1
DA:92,1
DA:93,1
DA:94,1
DA:95,1
DA:96,1
DA:97,1
DA:98,1
DA:99,1
DA:100,1
DA:101,1
DA:102,1
DA:103,1
DA:104,1
DA:105,1
DA:106,1
DA:107,1
DA:108,1
DA:109,1
DA:110,1
DA:111,1
DA:112,1
DA:113,1
DA:114,1
DA:115,1
DA:116,1
DA:117,1
DA:118,1
DA:119,1
DA:120,1
DA:121,1
DA:122,1
DA:123,1
DA:124,1
DA:125,1
DA:126,1
DA:127,1
DA:128,1
DA:129,1
DA:130,1
DA:131,1
DA:132,1
DA:133,1
DA:134,1
DA:135,1
DA:136,1
DA:137,1
DA:138,1
DA:139,1
DA:140,1
DA:141,1
DA:142,1
DA:143,1
DA:144,1
DA:145,1
DA:146,1
DA:147,1
DA:148,1
DA:149,1
DA:150,1
DA:151,1
DA:152,1
DA:153,1
DA:154,1
DA:155,1
DA:156,1
DA:157,1
LF:83
LH:83
BRF:0
BRH:0
end_of_record
TN:
SF:src/utility.js
FN:45,getTypeSignature
FN:97,getTaggedType
FN:114,getDefinedConstructor
FN:205,getDefinedConstructorName
FN:229,getFunctionSource
FN:256,resolveType
FNF:6
FNH:6
FNDA:1337,getTypeSignature
FNDA:254,getTaggedType
FNDA:702,getDefinedConstructor
FNDA:579,getDefinedConstructorName
FNDA:517,getFunctionSource
FNDA:279,resolveType
DA:1,1
DA:3,1
DA:5,1
DA:7,1
DA:8,1
DA:10,1
DA:12,1
DA:13,1
DA:15,1
DA:16,1
DA:18,1
DA:19,1
DA:21,1
DA:23,1
DA:24,1
DA:25,1
DA:26,1
DA:27,1
DA:28,1
DA:29,1
DA:30,1
DA:31,1
DA:32,1
DA:33,1
DA:34,1
DA:35,1
DA:36,1
DA:37,1
DA:38,1
DA:39,1
DA:40,1
DA:41,1
DA:42,1
DA:43,1
DA:44,1
DA:45,1
DA:46,1337
DA:47,1337
DA:49,1337
DA:50,1337
DA:52,1
DA:53,1
DA:54,1
DA:55,1
DA:56,1
DA:57,1
DA:58,1
DA:59,1
DA:60,1
DA:61,1
DA:62,1
DA:63,1
DA:64,1
DA:65,1
DA:66,1
DA:67,1
DA:68,1
DA:69,1
DA:70,1
DA:71,1
DA:72,1
DA:73,1
DA:74,1
DA:75,1
DA:76,1
DA:77,1
DA:78,1
DA:79,1
DA:80,1
DA:81,1
DA:82,1
DA:83,1
DA:84,1
DA:85,1
DA:86,1
DA:87,1
DA:88,1
DA:89,1
DA:90,1
DA:91,1
DA:92,1
DA:93,1
DA:94,1
DA:95,1
DA:96,1
DA:97,1
DA:98,254
DA:100,254
DA:101,254
DA:103,1
DA:105,1
DA:106,1
DA:107,1
DA:108,1
DA:109,1
DA:110,1
DA:111,1
DA:112,1
DA:113,1
DA:114,1
DA:115,702
DA:116,702
DA:117,11
DA:118,11
DA:119,691
DA:120,702
DA:122,702
DA:123,702
DA:124,661
DA:125,661
DA:126,702
DA:127,30
DA:128,30
DA:130,30
DA:131,26
DA:132,26
DA:133,26
DA:134,30
DA:135,4
DA:136,4
DA:137,4
DA:138,4
DA:140,4
DA:141,702
DA:143,702
DA:144,702
DA:145,4
DA:146,4
DA:147,0
DA:148,0
DA:149,0
DA:151,0
DA:152,0
DA:153,702
DA:155,702
DA:156,702
DA:157,0
DA:158,0
DA:159,0
DA:160,0
DA:161,0
DA:163,0
DA:164,0
DA:165,0
DA:166,0
DA:167,0
DA:168,702
DA:169,702
DA:171,1
DA:172,1
DA:173,1
DA:174,1
DA:175,1
DA:176,1
DA:177,1
DA:178,1
DA:179,1
DA:180,1
DA:181,1
DA:182,1
DA:183,1
DA:184,1
DA:185,1
DA:186,1
DA:187,1
DA:188,1
DA:189,1
DA:190,1
DA:191,1
DA:192,1
DA:193,1
DA:194,1
DA:195,1
DA:196,1
DA:197,1
DA:198,1
DA:199,1
DA:200,1
DA:201,1
DA:202,1
DA:203,1
DA:204,1
DA:205,1
DA:206,579
DA:208,579
DA:209,579
DA:211,1
DA:213,1
DA:214,1
DA:215,1
DA:216,1
DA:217,1
DA:218,1
DA:219,1
DA:220,1
DA:221,1
DA:222,1
DA:223,1
DA:224,1
DA:225,1
DA:226,1
DA:227,1
DA:228,1
DA:229,1
DA:230,517
DA:231,517
DA:233,1
DA:234,1
DA:235,1
DA:236,1
DA:237,1
DA:238,1
DA:239,1
DA:240,1
DA:241,1
DA:242,1
DA:243,1
DA:244,1
DA:245,1
DA:246,1
DA:247,1
DA:248,1
DA:249,1
DA:250,1
DA:251,1
DA:252,1
DA:253,1
DA:254,1
DA:255,1
DA:256,1
DA:257,279
DA:258,279
DA:260,279
DA:261,279
DA:262,1
DA:263,1
DA:264,279
DA:266,279
DA:267,279
DA:268,4
DA:269,4
DA:270,4
DA:271,4
DA:272,274
DA:274,274
DA:275,279
DA:277,279
DA:278,279
DA:279,18
DA:280,18
DA:281,256
DA:283,256
DA:284,256
DA:285,256
DA:286,256
DA:287,256
DA:288,256
DA:289,256
DA:290,256
DA:291,256
DA:292,256
DA:293,256
DA:294,256
DA:296,1
LF:264
LH:249
BRDA:45,0,0,1337
BRDA:49,1,0,1335
BRDA:49,2,0,2
BRDA:97,3,0,254
BRDA:100,4,0,253
BRDA:100,5,0,1
BRDA:114,6,0,702
BRDA:116,7,0,11
BRDA:118,8,0,691
BRDA:120,9,0,5
BRDA:120,10,0,686
BRDA:123,11,0,661
BRDA:126,12,0,397
BRDA:126,13,0,30
BRDA:128,14,0,26
BRDA:130,15,0,26
BRDA:134,16,0,4
BRDA:144,17,0,312
BRDA:144,18,0,4
BRDA:146,19,0,0
BRDA:153,20,0,0
BRDA:156,21,0,0
BRDA:205,22,0,579
BRDA:208,23,0,569
BRDA:229,24,0,517
BRDA:256,25,0,279
BRDA:261,26,0,1
BRDA:263,27,0,278
BRDA:264,28,0,4
BRDA:267,29,0,4
BRDA:271,30,0,274
BRDA:275,31,0,1
BRDA:275,32,0,273
BRDA:278,33,0,18
BRDA:280,34,0,256
BRF:35
BRH:32
end_of_record
TN:
SF:src/base/index.js
FN:22,isFunction
FN:49,isObject
FN:69,isObjectObject
FN:85,isDictionaryObject
FN:102,isStringValue
FN:112,isBoxedString
FN:126,isString
FN:143,isNumberValue
FN:153,isBoxedNumber
FN:167,isNumber
FN:184,isBooleanValue
FN:194,isBoxedBoolean
FN:208,isBoolean
FN:225,isSymbolValue
FN:235,isBoxedSymbol
FN:249,isSymbol
FN:266,isBigIntValue
FN:276,isBoxedBigInt
FN:290,isBigInt
FNF:19
FNH:19
FNDA:3359,isFunction
FNDA:56,isObject
FNDA:39,isObjectObject
FNDA:32,isDictionaryObject
FNDA:502,isStringValue
FNDA:87,isBoxedString
FNDA:351,isString
FNDA:70,isNumberValue
FNDA:67,isBoxedNumber
FNDA:35,isNumber
FNDA:70,isBooleanValue
FNDA:64,isBoxedBoolean
FNDA:35,isBoolean
FNDA:70,isSymbolValue
FNDA:69,isBoxedSymbol
FNDA:35,isSymbol
FNDA:70,isBigIntValue
FNDA:69,isBoxedBigInt
FNDA:35,isBigInt
DA:1,1
DA:3,1
DA:5,1
DA:7,1
DA:9,1
DA:10,1
DA:11,1
DA:12,1
DA:13,1
DA:14,1
DA:15,1
DA:16,1
DA:17,1
DA:18,1
DA:19,1
DA:20,1
DA:21,1
DA:22,1
DA:23,3359
DA:24,3359
DA:25,3359
DA:26,3359
DA:27,2680
DA:28,3359
DA:29,3359
DA:30,1
DA:32,1
DA:34,1
DA:35,1
DA:36,1
DA:38,1
DA:39,1
DA:40,1
DA:41,1
DA:42,1
DA:43,1
DA:44,1
DA:45,1
DA:46,1
DA:47,1
DA:48,1
DA:49,1
DA:50,56
DA:51,56
DA:52,56
DA:54,56
DA:55,56
DA:56,56
DA:57,56
DA:59,1
DA:60,1
DA:61,1
DA:62,1
DA:63,1
DA:64,1
DA:65,1
DA:66,1
DA:67,1
DA:68,1
DA:69,1
DA:70,39
DA:71,39
DA:72,39
DA:73,39
DA:75,1
DA:76,1
DA:77,1
DA:78,1
DA:79,1
DA:80,1
DA:81,1
DA:82,1
DA:83,1
DA:84,1
DA:85,1
DA:86,32
DA:87,32
DA:89,1
DA:91,1
DA:92,1
DA:93,1
DA:95,1
DA:96,1
DA:97,1
DA:98,1
DA:99,1
DA:100,1
DA:101,1
DA:102,1
DA:103,502
DA:104,502
DA:105,1
DA:106,1
DA:107,1
DA:108,1
DA:109,1
DA:110,1
DA:111,1
DA:112,1
DA:113,87
DA:114,87
DA:115,87
DA:116,6
DA:117,87
DA:118,87
DA:119,1
DA:120,1
DA:121,1
DA:122,1
DA:123,1
DA:124,1
DA:125,1
DA:126,1
DA:127,351
DA:128,351
DA:130,1
DA:132,1
DA:133,1
DA:134,1
DA:136,1
DA:137,1
DA:138,1
DA:139,1
DA:140,1
DA:141,1
DA:142,1
DA:143,1
DA:144,70
DA:145,70
DA:146,1
DA:147,1
DA:148,1
DA:149,1
DA:150,1
DA:151,1
DA:152,1
DA:153,1
DA:154,67
DA:155,67
DA:156,67
DA:157,11
DA:158,67
DA:159,67
DA:160,1
DA:161,1
DA:162,1
DA:163,1
DA:164,1
DA:165,1
DA:166,1
DA:167,1
DA:168,35
DA:169,35
DA:171,1
DA:173,1
DA:174,1
DA:175,1
DA:177,1
DA:178,1
DA:179,1
DA:180,1
DA:181,1
DA:182,1
DA:183,1
DA:184,1
DA:185,70
DA:186,70
DA:187,1
DA:188,1
DA:189,1
DA:190,1
DA:191,1
DA:192,1
DA:193,1
DA:194,1
DA:195,64
DA:196,64
DA:197,64
DA:198,6
DA:199,64
DA:200,64
DA:201,1
DA:202,1
DA:203,1
DA:204,1
DA:205,1
DA:206,1
DA:207,1
DA:208,1
DA:209,35
DA:210,35
DA:212,1
DA:214,1
DA:215,1
DA:216,1
DA:218,1
DA:219,1
DA:220,1
DA:221,1
DA:222,1
DA:223,1
DA:224,1
DA:225,1
DA:226,70
DA:227,70
DA:228,1
DA:229,1
DA:230,1
DA:231,1
DA:232,1
DA:233,1
DA:234,1
DA:235,1
DA:236,69
DA:237,69
DA:238,69
DA:239,3
DA:240,69
DA:241,69
DA:242,1
DA:243,1
DA:244,1
DA:245,1
DA:246,1
DA:247,1
DA:248,1
DA:249,1
DA:250,35
DA:251,35
DA:253,1
DA:255,1
DA:256,1
DA:257,1
DA:259,1
DA:260,1
DA:261,1
DA:262,1
DA:263,1
DA:264,1
DA:265,1
DA:266,1
DA:267,70
DA:268,70
DA:269,1
DA:270,1
DA:271,1
DA:272,1
DA:273,1
DA:274,1
DA:275,1
DA:276,1
DA:277,69
DA:278,69
DA:279,69
DA:280,3
DA:281,69
DA:282,69
DA:283,1
DA:284,1
DA:285,1
DA:286,1
DA:287,1
DA:288,1
DA:289,1
DA:290,1
DA:291,35
DA:292,35
DA:294,1
LF:268
LH:268
BRDA:22,0,0,3359
BRDA:24,1,0,2680
BRDA:25,2,0,2680
BRDA:26,3,0,2680
BRDA:49,4,0,56
BRDA:52,5,0,36
BRDA:69,6,0,39
BRDA:71,7,0,12
BRDA:85,8,0,32
BRDA:86,9,0,5
BRDA:86,10,0,1
BRDA:102,11,0,502
BRDA:112,12,0,87
BRDA:114,13,0,6
BRDA:115,14,0,6
BRDA:126,15,0,351
BRDA:127,16,0,52
BRDA:143,17,0,70
BRDA:153,18,0,67
BRDA:155,19,0,11
BRDA:156,20,0,11
BRDA:167,21,0,35
BRDA:168,22,0,32
BRDA:184,23,0,70
BRDA:194,24,0,64
BRDA:196,25,0,6
BRDA:197,26,0,6
BRDA:208,27,0,35
BRDA:209,28,0,33
BRDA:225,29,0,70
BRDA:235,30,0,69
BRDA:237,31,0,3
BRDA:238,32,0,3
BRDA:249,33,0,35
BRDA:250,34,0,34
BRDA:266,35,0,70
BRDA:276,36,0,69
BRDA:278,37,0,3
BRDA:279,38,0,3
BRDA:290,39,0,35
BRDA:291,40,0,34
BRF:41
BRH:41
end_of_record
TN:
SF:src/error/index.js
FN:20,isError
FN:52,isErrorError
FN:63,isEvalError
FN:74,isRangeError
FN:85,isReferenceError
FN:96,isSyntaxError
FN:107,isTypeError
FN:118,isURIError
FN:129,isAggregateError
FNF:9
FNH:9
FNDA:200,isError
FNDA:20,isErrorError
FNDA:20,isEvalError
FNDA:20,isRangeError
FNDA:20,isReferenceError
FNDA:20,isSyntaxError
FNDA:20,isTypeError
FNDA:20,isURIError
FNDA:20,isAggregateError
DA:1,1
DA:3,1
DA:4,1
DA:6,1
DA:8,1
DA:10,1
DA:11,1
DA:12,1
DA:13,1
DA:14,1
DA:15,1
DA:16,1
DA:17,1
DA:18,1
DA:19,1
DA:20,1
DA:21,200
DA:23,200
DA:24,200
DA:25,89
DA:26,200
DA:27,200
DA:28,200
DA:29,200
DA:30,200
DA:31,200
DA:32,200
DA:33,200
DA:34,200
DA:35,200
DA:36,200
DA:37,200
DA:38,200
DA:39,200
DA:40,200
DA:41,200
DA:43,1
DA:45,1
DA:46,1
DA:47,1
DA:48,1
DA:49,1
DA:50,1
DA:51,1
DA:52,1
DA:53,20
DA:54,20
DA:56,1
DA:57,1
DA:58,1
DA:59,1
DA:60,1
DA:61,1
DA:62,1
DA:63,1
DA:64,20
DA:65,20
DA:67,1
DA:68,1
DA:69,1
DA:70,1
DA:71,1
DA:72,1
DA:73,1
DA:74,1
DA:75,20
DA:76,20
DA:78,1
DA:79,1
DA:80,1
DA:81,1
DA:82,1
DA:83,1
DA:84,1
DA:85,1
DA:86,20
DA:87,20
DA:89,1
DA:90,1
DA:91,1
DA:92,1
DA:93,1
DA:94,1
DA:95,1
DA:96,1
DA:97,20
DA:98,20
DA:100,1
DA:101,1
DA:102,1
DA:103,1
DA:104,1
DA:105,1
DA:106,1
DA:107,1
DA:108,20
DA:109,20
DA:111,1
DA:112,1
DA:113,1
DA:114,1
DA:115,1
DA:116,1
DA:117,1
DA:118,1
DA:119,20
DA:120,20
DA:122,1
DA:123,1
DA:124,1
DA:125,1
DA:126,1
DA:127,1
DA:128,1
DA:129,1
DA:130,20
DA:131,20
DA:133,1
LF:118
LH:118
BRDA:20,0,0,200
BRDA:24,1,0,89
BRDA:25,2,0,24
BRDA:52,3,0,20
BRDA:53,4,0,12
BRDA:63,5,0,20
BRDA:64,6,0,12
BRDA:74,7,0,20
BRDA:75,8,0,12
BRDA:85,9,0,20
BRDA:86,10,0,12
BRDA:96,11,0,20
BRDA:97,12,0,12
BRDA:107,13,0,20
BRDA:108,14,0,12
BRDA:118,15,0,20
BRDA:119,16,0,12
BRDA:129,17,0,20
BRDA:130,18,0,12
BRF:19
BRH:19
end_of_record
TN:
SF:src/error/utility.js
FN:19,hasMatchingErrorPrototype
FNF:1
FNH:1
FNDA:24,hasMatchingErrorPrototype
DA:1,1
DA:3,1
DA:5,1
DA:6,1
DA:8,1
DA:10,1
DA:11,1
DA:12,1
DA:13,1
DA:14,1
DA:15,1
DA:16,1
DA:17,1
DA:18,1
DA:19,1
DA:20,24
DA:22,24
DA:23,24
DA:24,11
DA:25,11
DA:26,13
DA:28,13
DA:29,24
DA:31,24
DA:32,24
DA:33,24
DA:34,24
DA:35,24
DA:36,24
DA:37,24
DA:38,24
DA:40,24
DA:42,24
DA:43,24
DA:44,24
DA:45,24
DA:46,24
DA:47,24
DA:48,11
DA:49,24
DA:50,24
DA:52,1
DA:54,1
DA:55,1
DA:56,1
DA:57,1
DA:58,1
DA:59,1
DA:60,1
DA:61,1
DA:62,1
DA:63,1
DA:64,1
DA:65,1
DA:66,1
DA:67,1
DA:68,1
DA:69,1
DA:70,1
DA:71,1
DA:72,1
DA:73,1
DA:75,1
LF:63
LH:63
BRDA:19,0,0,24
BRDA:20,1,0,11
BRDA:23,2,0,11
BRDA:25,3,0,13
BRDA:29,4,0,0
BRDA:32,5,0,0
BRDA:34,6,0,11
BRDA:36,7,0,10
BRDA:38,8,0,0
BRDA:43,9,0,13
BRDA:43,10,0,12
BRDA:44,11,0,2
BRDA:44,12,0,2
BRDA:45,13,0,2
BRDA:46,14,0,2
BRDA:47,15,0,11
BRF:16
BRH:13
end_of_record
TN:
SF:src/flow/index.js
FN:21,isGenerator
FN:36,isAsyncGenerator
FN:54,isAnyGenerator
FN:79,doesMatchThenable
FN:98,doesMatchSafeThenable
FN:112,isPromise
FNF:6
FNH:6
FNDA:12,isGenerator
FNDA:12,isAsyncGenerator
FNDA:20,isAnyGenerator
FNDA:12,doesMatchThenable
FNDA:12,doesMatchSafeThenable
FNDA:12,isPromise
DA:1,1
DA:3,1
DA:5,1
DA:6,1
DA:8,1
DA:10,1
DA:12,1
DA:13,1
DA:14,1
DA:15,1
DA:16,1
DA:17,1
DA:18,1
DA:19,1
DA:20,1
DA:21,1
DA:22,12
DA:23,12
DA:25,1
DA:27,1
DA:28,1
DA:29,1
DA:30,1
DA:31,1
DA:32,1
DA:33,1
DA:34,1
DA:35,1
DA:36,1
DA:37,12
DA:38,12
DA:39,12
DA:40,12
DA:42,1
DA:44,1
DA:45,1
DA:46,1
DA:47,1
DA:48,1
DA:49,1
DA:50,1
DA:51,1
DA:52,1
DA:53,1
DA:54,1
DA:55,20
DA:56,15
DA:57,15
DA:59,15
DA:60,15
DA:61,5
DA:62,5
DA:64,1
DA:66,1
DA:68,1
DA:69,1
DA:70,1
DA:71,1
DA:72,1
DA:73,1
DA:74,1
DA:75,1
DA:76,1
DA:77,1
DA:78,1
DA:79,1
DA:80,12
DA:81,12
DA:83,1
DA:84,1
DA:85,1
DA:86,1
DA:87,1
DA:88,1
DA:89,1
DA:90,1
DA:91,1
DA:92,1
DA:93,1
DA:94,1
DA:95,1
DA:96,1
DA:97,1
DA:98,1
DA:99,12
DA:100,12
DA:102,1
DA:104,1
DA:105,1
DA:106,1
DA:107,1
DA:108,1
DA:109,1
DA:110,1
DA:111,1
DA:112,1
DA:113,12
DA:114,12
DA:116,1
LF:99
LH:99
BRDA:21,0,0,12
BRDA:22,1,0,2
BRDA:36,2,0,12
BRDA:38,3,0,2
BRDA:54,4,0,20
BRDA:55,5,0,15
BRDA:59,6,0,13
BRDA:60,7,0,5
BRDA:79,8,0,12
BRDA:80,9,0,5
BRDA:98,10,0,12
BRDA:99,11,0,5
BRDA:112,12,0,12
BRDA:113,13,0,1
BRF:14
BRH:14
end_of_record
TN:
SF:src/function/index.js
FN:29,isClass
FN:73,isGeneratorFunction
FN:92,isAsyncGeneratorFunction
FN:112,isAnyGeneratorFunction
FN:144,isAsyncFunction
FN:163,isAsyncNonArrow
FN:180,isAsyncArrow
FN:199,isNonAsyncArrow
FN:215,isArrow
FN:238,isES3Function
FN:266,isConciseGenericMethod
FN:304,isGenericFunction
FN:391,isUnnamedFunction
FNF:13
FNH:13
FNDA:391,isClass
FNDA:60,isGeneratorFunction
FNDA:60,isAsyncGeneratorFunction
FNDA:97,isAnyGeneratorFunction
FNDA:188,isAsyncFunction
FNDA:60,isAsyncNonArrow
FNDA:60,isAsyncArrow
FNDA:60,isNonAsyncArrow
FNDA:126,isArrow
FNDA:62,isES3Function
FNDA:60,isConciseGenericMethod
FNDA:73,isGenericFunction
FNDA:60,isUnnamedFunction
DA:1,1
DA:3,1
DA:4,1
DA:13,1
DA:15,1
DA:17,1
DA:19,1
DA:20,1
DA:21,1
DA:22,1
DA:23,1
DA:24,1
DA:25,1
DA:26,1
DA:27,1
DA:28,1
DA:29,1
DA:30,391
DA:31,391
DA:32,391
DA:33,391
DA:34,391
DA:36,1
DA:37,1
DA:38,1
DA:39,1
DA:40,1
DA:41,1
DA:42,1
DA:43,1
DA:44,1
DA:45,1
DA:46,1
DA:47,1
DA:48,1
DA:49,1
DA:50,1
DA:51,1
DA:52,1
DA:53,1
DA:54,1
DA:55,1
DA:56,1
DA:57,1
DA:58,1
DA:60,1
DA:62,1
DA:64,1
DA:65,1
DA:66,1
DA:67,1
DA:68,1
DA:69,1
DA:70,1
DA:71,1
DA:72,1
DA:73,1
DA:74,60
DA:75,60
DA:76,60
DA:77,6
DA:78,60
DA:79,60
DA:81,1
DA:83,1
DA:84,1
DA:85,1
DA:86,1
DA:87,1
DA:88,1
DA:89,1
DA:90,1
DA:91,1
DA:92,1
DA:93,60
DA:94,60
DA:95,60
DA:96,6
DA:97,60
DA:98,60
DA:100,1
DA:102,1
DA:103,1
DA:104,1
DA:105,1
DA:106,1
DA:107,1
DA:108,1
DA:109,1
DA:110,1
DA:111,1
DA:112,1
DA:113,97
DA:114,91
DA:115,91
DA:117,91
DA:118,91
DA:119,91
DA:120,91
DA:121,91
DA:122,91
DA:123,6
DA:124,6
DA:126,1
DA:128,1
DA:130,1
DA:131,1
DA:132,1
DA:133,1
DA:134,1
DA:135,1
DA:136,1
DA:137,1
DA:138,1
DA:139,1
DA:140,1
DA:141,1
DA:142,1
DA:143,1
DA:144,1
DA:145,188
DA:146,188
DA:147,188
DA:148,34
DA:149,188
DA:150,188
DA:152,1
DA:153,1
DA:154,1
DA:155,1
DA:156,1
DA:157,1
DA:158,1
DA:159,1
DA:160,1
DA:161,1
DA:162,1
DA:163,1
DA:164,60
DA:165,60
DA:166,10
DA:167,10
DA:168,60
DA:169,60
DA:171,1
DA:172,1
DA:173,1
DA:174,1
DA:175,1
DA:176,1
DA:177,1
DA:178,1
DA:179,1
DA:180,1
DA:181,60
DA:182,60
DA:183,10
DA:184,10
DA:185,60
DA:186,60
DA:188,1
DA:190,1
DA:191,1
DA:192,1
DA:193,1
DA:194,1
DA:195,1
DA:196,1
DA:197,1
DA:198,1
DA:199,1
DA:200,60
DA:201,60
DA:203,1
DA:205,1
DA:206,1
DA:207,1
DA:208,1
DA:209,1
DA:210,1
DA:211,1
DA:212,1
DA:213,1
DA:214,1
DA:215,1
DA:216,126
DA:217,126
DA:218,114
DA:219,114
DA:220,126
DA:221,126
DA:223,1
DA:225,1
DA:227,1
DA:228,1
DA:229,1
DA:230,1
DA:231,1
DA:232,1
DA:233,1
DA:234,1
DA:235,1
DA:236,1
DA:237,1
DA:238,1
DA:239,62
DA:240,62
DA:241,62
DA:242,62
DA:243,6
DA:245,62
DA:246,62
DA:247,62
DA:248,62
DA:250,1
DA:252,1
DA:254,1
DA:255,1
DA:256,1
DA:257,1
DA:258,1
DA:259,1
DA:260,1
DA:261,1
DA:262,1
DA:263,1
DA:264,1
DA:265,1
DA:266,1
DA:267,60
DA:268,60
DA:269,60
DA:270,60
DA:271,60
DA:272,6
DA:273,6
DA:275,6
DA:276,60
DA:277,60
DA:279,1
DA:281,1
DA:282,1
DA:283,1
DA:284,1
DA:285,1
DA:286,1
DA:287,1
DA:288,1
DA:289,1
DA:290,1
DA:291,1
DA:292,1
DA:293,1
DA:294,1
DA:295,1
DA:296,1
DA:297,1
DA:298,1
DA:299,1
DA:300,1
DA:301,1
DA:302,1
DA:303,1
DA:304,1
DA:305,73
DA:306,73
DA:307,59
DA:308,59
DA:309,59
DA:310,9
DA:311,59
DA:312,39
DA:313,39
DA:314,59
DA:315,73
DA:316,73
DA:317,73
DA:318,73
DA:319,73
DA:320,73
DA:321,73
DA:322,73
DA:323,73
DA:324,73
DA:325,73
DA:326,73
DA:327,73
DA:328,73
DA:329,73
DA:330,73
DA:331,73
DA:332,73
DA:333,73
DA:334,73
DA:335,73
DA:336,73
DA:337,73
DA:338,73
DA:340,1
DA:341,1
DA:342,1
DA:343,1
DA:344,1
DA:345,1
DA:346,1
DA:347,1
DA:348,1
DA:349,1
DA:350,1
DA:351,1
DA:352,1
DA:353,1
DA:354,1
DA:355,1
DA:356,1
DA:357,1
DA:358,1
DA:359,1
DA:360,1
DA:361,1
DA:362,1
DA:363,1
DA:364,1
DA:365,1
DA:366,1
DA:367,1
DA:368,1
DA:369,1
DA:370,1
DA:371,1
DA:372,1
DA:373,1
DA:374,1
DA:375,1
DA:376,1
DA:377,1
DA:379,1
DA:381,1
DA:382,1
DA:383,1
DA:384,1
DA:385,1
DA:386,1
DA:387,1
DA:388,1
DA:389,1
DA:390,1
DA:391,1
DA:392,60
DA:393,60
DA:395,1
LF:351
LH:351
BRDA:29,0,0,391
BRDA:31,1,0,370
BRDA:73,2,0,60
BRDA:75,3,0,54
BRDA:76,4,0,6
BRDA:92,5,0,60
BRDA:94,6,0,54
BRDA:95,7,0,6
BRDA:112,8,0,97
BRDA:113,9,0,91
BRDA:120,10,0,73
BRDA:122,11,0,6
BRDA:144,12,0,188
BRDA:146,13,0,170
BRDA:147,14,0,34
BRDA:163,15,0,60
BRDA:165,16,0,10
BRDA:180,17,0,60
BRDA:182,18,0,10
BRDA:199,19,0,60
BRDA:200,20,0,8
BRDA:215,21,0,126
BRDA:217,22,0,114
BRDA:238,23,0,62
BRDA:240,24,0,56
BRDA:241,25,0,18
BRDA:242,26,0,6
BRDA:266,27,0,60
BRDA:268,28,0,54
BRDA:269,29,0,16
BRDA:270,30,0,6
BRDA:271,31,0,6
BRDA:304,32,0,73
BRDA:306,33,0,59
BRDA:309,34,0,20
BRDA:309,35,0,9
BRDA:311,36,0,39
BRDA:312,37,0,19
BRDA:313,38,0,7
BRDA:391,39,0,60
BRDA:392,40,0,54
BRF:41
BRH:41
end_of_record
TN:
SF:src/function/utility.js
FN:18,hasOwnPrototype
FN:32,hasOwnWritablePrototype
FN:60,hasConstructSlot
FN:64,construct
FN:95,isConstructable
FNF:5
FNH:5
FNDA:202,hasOwnPrototype
FNDA:95,hasOwnWritablePrototype
FNDA:125,hasConstructSlot
FNDA:80,construct
FNDA:93,isConstructable
DA:1,1
DA:3,1
DA:4,1
DA:6,1
DA:8,1
DA:10,1
DA:11,1
DA:12,1
DA:13,1
DA:14,1
DA:15,1
DA:16,1
DA:17,1
DA:18,1
DA:19,202
DA:20,202
DA:22,1
DA:23,1
DA:24,1
DA:25,1
DA:26,1
DA:27,1
DA:28,1
DA:29,1
DA:30,1
DA:31,1
DA:32,1
DA:33,95
DA:34,95
DA:36,1
DA:38,1
DA:39,1
DA:40,1
DA:41,1
DA:42,1
DA:43,1
DA:44,1
DA:45,1
DA:46,1
DA:47,1
DA:48,1
DA:49,1
DA:50,1
DA:51,1
DA:52,1
DA:53,1
DA:54,1
DA:55,1
DA:56,1
DA:57,1
DA:58,1
DA:59,1
DA:60,1
DA:61,125
DA:62,125
DA:63,125
DA:64,125
DA:65,125
DA:66,125
DA:67,45
DA:68,45
DA:69,125
DA:70,125
DA:72,1
DA:73,1
DA:74,1
DA:75,1
DA:76,1
DA:77,1
DA:78,1
DA:79,1
DA:80,1
DA:81,1
DA:82,1
DA:83,1
DA:84,1
DA:85,1
DA:86,1
DA:87,1
DA:88,1
DA:89,1
DA:90,1
DA:91,1
DA:92,1
DA:93,1
DA:94,1
DA:95,1
DA:96,93
DA:97,93
DA:98,93
DA:100,1
DA:101,1
DA:102,1
DA:103,1
DA:104,1
DA:105,1
DA:106,1
DA:107,1
DA:108,1
DA:109,1
DA:110,1
DA:111,1
DA:112,1
DA:113,1
DA:114,1
DA:115,1
DA:116,1
DA:117,1
DA:118,1
DA:119,1
DA:120,1
DA:121,1
DA:122,1
DA:123,1
DA:124,1
DA:125,1
DA:126,1
DA:127,1
DA:128,1
DA:129,1
DA:130,1
DA:131,1
DA:132,1
DA:133,1
DA:134,1
DA:135,1
DA:136,1
DA:137,1
DA:138,1
DA:139,1
DA:140,1
DA:141,1
DA:142,1
DA:143,1
DA:144,1
DA:145,1
LF:136
LH:136
BRDA:18,0,0,202
BRDA:32,1,0,95
BRDA:33,2,0,79
BRDA:60,3,0,125
BRDA:66,4,0,45
BRDA:64,5,0,80
BRDA:95,6,0,93
BRDA:96,7,0,89
BRDA:96,8,0,69
BRF:9
BRH:9
end_of_record
TN:
SF:src/type-identity/index.js
FN:42,hasBuiltinTypeIdentity
FN:120,hasCustomTypeIdentity
FN:164,hasStableTypeIdentity
FN:237,getTrustedType
FN:261,defineStableTypeIdentity
FNF:5
FNH:5
FNDA:305,hasBuiltinTypeIdentity
FNDA:102,hasCustomTypeIdentity
FNDA:102,hasStableTypeIdentity
FNDA:34,getTrustedType
FNDA:37,defineStableTypeIdentity
DA:1,1
DA:3,1
DA:11,1
DA:12,1
DA:14,1
DA:15,1
DA:17,1
DA:19,1
DA:20,1
DA:22,1
DA:24,1
DA:26,1
DA:28,1
DA:29,1
DA:30,1
DA:31,1
DA:32,1
DA:33,1
DA:34,1
DA:35,1
DA:36,1
DA:37,1
DA:38,1
DA:39,1
DA:40,1
DA:41,1
DA:42,1
DA:43,305
DA:45,305
DA:46,303
DA:47,303
DA:49,303
DA:50,303
DA:51,303
DA:52,303
DA:53,279
DA:55,279
DA:56,279
DA:58,279
DA:59,279
DA:60,279
DA:62,279
DA:63,279
DA:64,279
DA:66,279
DA:68,279
DA:69,279
DA:70,279
DA:71,279
DA:72,72
DA:73,279
DA:74,72
DA:75,279
DA:76,279
DA:77,279
DA:79,279
DA:80,279
DA:81,72
DA:82,66
DA:83,66
DA:84,279
DA:85,279
DA:86,303
DA:87,305
DA:88,305
DA:89,1
DA:90,1
DA:91,1
DA:92,1
DA:93,1
DA:94,1
DA:95,1
DA:96,1
DA:97,1
DA:98,1
DA:99,1
DA:100,1
DA:101,1
DA:102,1
DA:103,1
DA:104,1
DA:106,1
DA:107,1
DA:108,1
DA:109,1
DA:110,1
DA:111,1
DA:112,1
DA:113,1
DA:114,1
DA:115,1
DA:116,1
DA:117,1
DA:118,1
DA:119,1
DA:120,1
DA:121,102
DA:123,102
DA:124,102
DA:125,7
DA:126,7
DA:128,7
DA:130,7
DA:131,7
DA:133,7
DA:134,7
DA:135,7
DA:137,7
DA:138,7
DA:139,7
DA:141,7
DA:143,7
DA:144,4
DA:145,4
DA:146,7
DA:147,102
DA:148,102
DA:150,1
DA:151,1
DA:152,1
DA:153,1
DA:154,1
DA:155,1
DA:156,1
DA:157,1
DA:158,1
DA:159,1
DA:160,1
DA:161,1
DA:162,1
DA:163,1
DA:164,1
DA:165,102
DA:167,102
DA:168,102
DA:169,102
DA:170,102
DA:172,102
DA:173,7
DA:174,7
DA:176,7
DA:178,7
DA:179,7
DA:181,7
DA:182,7
DA:183,7
DA:185,7
DA:186,7
DA:187,7
DA:189,7
DA:191,7
DA:192,7
DA:193,7
DA:194,7
DA:195,7
DA:196,7
DA:197,7
DA:198,7
DA:199,7
DA:200,7
DA:201,7
DA:202,7
DA:203,7
DA:204,7
DA:205,7
DA:206,7
DA:207,7
DA:208,7
DA:209,7
DA:210,7
DA:211,7
DA:213,7
DA:214,7
DA:216,7
DA:217,7
DA:218,7
DA:219,0
DA:220,0
DA:221,7
DA:223,7
DA:224,7
DA:225,7
DA:226,7
DA:227,102
DA:228,102
DA:230,1
DA:232,1
DA:233,1
DA:234,1
DA:235,1
DA:236,1
DA:237,1
DA:238,34
DA:239,34
DA:241,1
DA:242,1
DA:243,1
DA:244,1
DA:245,1
DA:246,1
DA:247,1
DA:248,1
DA:249,1
DA:250,1
DA:251,1
DA:252,1
DA:253,1
DA:254,1
DA:255,1
DA:256,1
DA:257,1
DA:258,1
DA:259,1
DA:260,1
DA:261,1
DA:262,37
DA:263,37
DA:264,9
DA:265,9
DA:266,9
DA:267,9
DA:268,28
DA:269,37
DA:270,2
DA:271,2
DA:272,2
DA:273,2
DA:275,26
DA:276,37
DA:277,2
DA:278,2
DA:279,24
DA:280,24
DA:281,24
DA:283,24
DA:284,37
DA:285,2
DA:286,2
DA:287,37
DA:288,6
DA:289,37
DA:290,16
DA:291,16
DA:292,16
DA:293,16
DA:295,22
DA:296,37
DA:297,2
DA:298,2
DA:299,20
DA:301,20
DA:302,20
DA:303,20
DA:304,20
DA:305,20
DA:306,20
DA:308,20
DA:309,37
DA:311,37
DA:312,37
DA:314,37
DA:315,16
DA:316,16
DA:317,16
DA:318,16
DA:319,16
DA:320,16
DA:321,16
DA:322,16
DA:323,16
DA:324,16
DA:325,16
DA:326,16
DA:327,20
DA:328,20
DA:330,1
LF:276
LH:274
BRDA:42,0,0,305
BRDA:45,1,0,303
BRDA:47,2,0,9
BRDA:52,3,0,294
BRDA:52,4,0,279
BRDA:64,5,0,3
BRDA:66,6,0,261
BRDA:71,7,0,72
BRDA:73,8,0,18
BRDA:73,9,0,72
BRDA:75,10,0,72
BRDA:76,11,0,66
BRDA:80,12,0,72
BRDA:81,13,0,66
BRDA:83,14,0,54
BRDA:84,15,0,12
BRDA:120,16,0,102
BRDA:121,17,0,101
BRDA:124,18,0,7
BRDA:139,19,0,0
BRDA:141,20,0,5
BRDA:143,21,0,6
BRDA:143,22,0,4
BRDA:164,23,0,102
BRDA:172,24,0,8
BRDA:172,25,0,7
BRDA:187,26,0,0
BRDA:189,27,0,5
BRDA:208,28,0,4
BRDA:209,29,0,0
BRDA:210,30,0,0
BRDA:217,31,0,0
BRDA:218,32,0,0
BRDA:224,33,0,0
BRDA:237,34,0,34
BRDA:261,35,0,37
BRDA:263,36,0,9
BRDA:267,37,0,28
BRDA:269,38,0,2
BRDA:269,39,0,2
BRDA:273,40,0,26
BRDA:276,41,0,2
BRDA:278,42,0,24
BRDA:284,43,0,2
BRDA:286,44,0,22
BRDA:287,45,0,6
BRDA:289,46,0,16
BRDA:293,47,0,22
BRDA:296,48,0,2
BRDA:298,49,0,20
BRDA:309,50,0,15
BRDA:312,51,0,16
BRDA:314,52,0,16
BRDA:326,53,0,20
BRF:54
BRH:47
end_of_record
TN:
SF:src/type-identity/utility.js
FN:26,doesMatchNonEnumerableDescriptorDefault
FN:42,doesMatchStableNonEnumerableDescriptor
FNF:2
FNH:2
FNDA:58,doesMatchNonEnumerableDescriptorDefault
FNDA:58,doesMatchStableNonEnumerableDescriptor
DA:1,1
DA:3,1
DA:4,1
DA:6,1
DA:7,1
DA:9,1
DA:11,1
DA:12,1
DA:14,1
DA:16,1
DA:17,1
DA:18,1
DA:19,1
DA:20,1
DA:21,1
DA:22,1
DA:23,1
DA:24,1
DA:25,1
DA:26,1
DA:27,58
DA:29,58
DA:30,58
DA:32,1
DA:33,1
DA:34,1
DA:35,1
DA:36,1
DA:37,1
DA:38,1
DA:39,1
DA:40,1
DA:41,1
DA:42,1
DA:43,58
DA:45,58
DA:46,58
DA:47,58
DA:48,58
DA:49,57
DA:50,58
DA:51,58
DA:53,1
DA:54,1
DA:55,1
DA:56,1
DA:57,1
DA:58,1
DA:59,1
DA:60,1
DA:61,1
DA:62,1
DA:63,1
DA:64,1
DA:65,1
DA:66,1
DA:67,1
DA:68,1
DA:69,1
DA:70,1
DA:71,1
DA:72,1
DA:73,1
DA:74,1
DA:75,1
DA:76,1
DA:77,1
DA:78,1
DA:79,1
DA:80,1
DA:81,1
DA:82,1
DA:83,1
DA:84,1
DA:85,1
DA:86,1
DA:87,1
DA:88,1
DA:89,1
DA:90,1
DA:91,1
DA:92,1
DA:93,1
DA:94,1
DA:95,1
DA:96,1
DA:97,1
DA:98,1
DA:99,1
DA:100,1
DA:101,1
DA:102,1
DA:103,1
DA:104,1
DA:105,1
DA:106,1
DA:107,1
DA:108,1
DA:109,1
DA:110,1
DA:111,1
DA:112,1
DA:113,1
DA:114,1
DA:115,1
DA:116,1
DA:117,1
DA:118,1
DA:119,1
DA:120,1
DA:121,1
DA:122,1
DA:123,1
DA:124,1
DA:125,1
DA:126,1
DA:127,1
DA:128,1
LF:118
LH:118
BRDA:26,0,0,58
BRDA:27,1,0,1
BRDA:29,2,0,55
BRDA:29,3,0,55
BRDA:29,4,0,55
BRDA:42,5,0,58
BRDA:43,6,0,1
BRDA:46,7,0,2
BRDA:46,8,0,56
BRDA:46,9,0,57
BRDA:47,10,0,57
BRDA:48,11,0,57
BRF:12
BRH:12
end_of_record
