TN:
SF:src/index.js
FNF:0
FNH:0
DA:1,1
DA:9,1
DA:16,1
DA:38,1
DA:45,1
DA:61,1
DA:73,1
DA:82,1
DA:83,1
DA:84,1
DA:85,1
DA:86,1
DA:87,1
DA:88,1
DA:89,1
DA:90,1
DA:91,1
DA:92,1
DA:93,1
DA:94,1
DA:95,1
DA:96,1
DA:97,1
DA:98,1
DA:99,1
DA:100,1
DA:101,1
DA:102,1
DA:103,1
DA:104,1
DA:105,1
DA:106,1
DA:107,1
DA:108,1
DA:109,1
DA:110,1
DA:111,1
DA:112,1
DA:113,1
DA:114,1
DA:115,1
DA:116,1
DA:117,1
DA:118,1
DA:119,1
DA:120,1
DA:121,1
DA:122,1
DA:123,1
DA:124,1
DA:125,1
DA:126,1
DA:127,1
DA:128,1
DA:129,1
DA:130,1
DA:131,1
DA:132,1
DA:133,1
DA:134,1
DA:135,1
DA:136,1
DA:137,1
DA:138,1
DA:139,1
DA:140,1
DA:141,1
DA:142,1
DA:143,1
DA:144,1
DA:145,1
DA:146,1
DA:147,1
DA:148,1
DA:149,1
DA:150,1
DA:151,1
DA:152,1
DA:153,1
DA:154,1
DA:155,1
LF:81
LH:81
BRF:0
BRH:0
end_of_record
TN:
SF:src/utility.js
FN:44,getTypeSignature
FN:95,getTaggedType
FN:111,getDefinedConstructor
FN:201,getDefinedConstructorName
FN:224,getFunctionSource
FN:250,resolveType
FNF:6
FNH:6
FNDA:1288,getTypeSignature
FNDA:246,getTaggedType
FNDA:693,getDefinedConstructor
FNDA:570,getDefinedConstructorName
FNDA:501,getFunctionSource
FNDA:271,resolveType
DA:1,1
DA:3,1
DA:5,1
DA:7,1
DA:8,1
DA:10,1
DA:12,1
DA:13,1
DA:15,1
DA:16,1
DA:18,1
DA:19,1
DA:21,1
DA:23,1
DA:24,1
DA:25,1
DA:26,1
DA:27,1
DA:28,1
DA:29,1
DA:30,1
DA:31,1
DA:32,1
DA:33,1
DA:34,1
DA:35,1
DA:36,1
DA:37,1
DA:38,1
DA:39,1
DA:40,1
DA:41,1
DA:42,1
DA:43,1
DA:44,1
DA:45,1288
DA:46,1288
DA:48,1288
DA:49,1288
DA:51,1
DA:52,1
DA:53,1
DA:54,1
DA:55,1
DA:56,1
DA:57,1
DA:58,1
DA:59,1
DA:60,1
DA:61,1
DA:62,1
DA:63,1
DA:64,1
DA:65,1
DA:66,1
DA:67,1
DA:68,1
DA:69,1
DA:70,1
DA:71,1
DA:72,1
DA:73,1
DA:74,1
DA:75,1
DA:76,1
DA:77,1
DA:78,1
DA:79,1
DA:80,1
DA:81,1
DA:82,1
DA:83,1
DA:84,1
DA:85,1
DA:86,1
DA:87,1
DA:88,1
DA:89,1
DA:90,1
DA:91,1
DA:92,1
DA:93,1
DA:94,1
DA:95,1
DA:96,246
DA:98,246
DA:99,246
DA:101,1
DA:103,1
DA:104,1
DA:105,1
DA:106,1
DA:107,1
DA:108,1
DA:109,1
DA:110,1
DA:111,1
DA:112,693
DA:113,693
DA:114,11
DA:115,11
DA:116,682
DA:117,693
DA:119,693
DA:120,693
DA:121,652
DA:122,652
DA:123,693
DA:124,30
DA:125,30
DA:127,30
DA:128,26
DA:129,26
DA:130,26
DA:131,30
DA:132,4
DA:133,4
DA:134,4
DA:135,4
DA:137,4
DA:138,693
DA:140,693
DA:141,693
DA:142,4
DA:143,4
DA:144,0
DA:145,0
DA:146,0
DA:148,0
DA:149,0
DA:150,693
DA:152,693
DA:153,693
DA:154,0
DA:155,0
DA:156,0
DA:157,0
DA:158,0
DA:160,0
DA:161,0
DA:162,0
DA:163,0
DA:164,0
DA:165,693
DA:166,693
DA:168,1
DA:169,1
DA:170,1
DA:171,1
DA:172,1
DA:173,1
DA:174,1
DA:175,1
DA:176,1
DA:177,1
DA:178,1
DA:179,1
DA:180,1
DA:181,1
DA:182,1
DA:183,1
DA:184,1
DA:185,1
DA:186,1
DA:187,1
DA:188,1
DA:189,1
DA:190,1
DA:191,1
DA:192,1
DA:193,1
DA:194,1
DA:195,1
DA:196,1
DA:197,1
DA:198,1
DA:199,1
DA:200,1
DA:201,1
DA:202,570
DA:204,570
DA:205,570
DA:207,1
DA:209,1
DA:210,1
DA:211,1
DA:212,1
DA:213,1
DA:214,1
DA:215,1
DA:216,1
DA:217,1
DA:218,1
DA:219,1
DA:220,1
DA:221,1
DA:222,1
DA:223,1
DA:224,1
DA:225,501
DA:226,501
DA:228,1
DA:229,1
DA:230,1
DA:231,1
DA:232,1
DA:233,1
DA:234,1
DA:235,1
DA:236,1
DA:237,1
DA:238,1
DA:239,1
DA:240,1
DA:241,1
DA:242,1
DA:243,1
DA:244,1
DA:245,1
DA:246,1
DA:247,1
DA:248,1
DA:249,1
DA:250,1
DA:251,271
DA:252,271
DA:254,271
DA:255,271
DA:256,1
DA:257,1
DA:258,271
DA:260,271
DA:261,271
DA:262,4
DA:263,4
DA:264,4
DA:265,4
DA:266,266
DA:268,266
DA:269,271
DA:271,271
DA:272,271
DA:273,18
DA:274,18
DA:275,248
DA:277,248
DA:278,248
DA:279,248
DA:280,248
DA:281,248
DA:282,248
DA:283,248
DA:284,248
DA:285,248
DA:286,248
DA:287,248
DA:288,248
DA:290,1
LF:258
LH:243
BRDA:44,0,0,1288
BRDA:48,1,0,1286
BRDA:48,2,0,2
BRDA:95,3,0,246
BRDA:98,4,0,245
BRDA:98,5,0,1
BRDA:111,6,0,693
BRDA:113,7,0,11
BRDA:115,8,0,682
BRDA:117,9,0,5
BRDA:117,10,0,677
BRDA:120,11,0,652
BRDA:123,12,0,397
BRDA:123,13,0,30
BRDA:125,14,0,26
BRDA:127,15,0,26
BRDA:131,16,0,4
BRDA:141,17,0,312
BRDA:141,18,0,4
BRDA:143,19,0,0
BRDA:150,20,0,0
BRDA:153,21,0,0
BRDA:201,22,0,570
BRDA:204,23,0,560
BRDA:224,24,0,501
BRDA:250,25,0,271
BRDA:255,26,0,1
BRDA:257,27,0,270
BRDA:258,28,0,4
BRDA:261,29,0,4
BRDA:265,30,0,266
BRDA:269,31,0,1
BRDA:269,32,0,265
BRDA:272,33,0,18
BRDA:274,34,0,248
BRF:35
BRH:32
end_of_record
TN:
SF:src/base/index.js
FN:21,isFunction
FN:47,isObject
FN:66,isObjectObject
FN:81,isDictionaryObject
FN:97,isStringValue
FN:106,isBoxedString
FN:119,isString
FN:135,isNumberValue
FN:144,isBoxedNumber
FN:157,isNumber
FN:173,isBooleanValue
FN:182,isBoxedBoolean
FN:195,isBoolean
FN:211,isSymbolValue
FN:220,isBoxedSymbol
FN:233,isSymbol
FN:249,isBigIntValue
FN:258,isBoxedBigInt
FN:271,isBigInt
FNF:19
FNH:19
FNDA:3110,isFunction
FNDA:56,isObject
FNDA:38,isObjectObject
FNDA:32,isDictionaryObject
FNDA:494,isStringValue
FNDA:87,isBoxedString
FNDA:343,isString
FNDA:70,isNumberValue
FNDA:67,isBoxedNumber
FNDA:35,isNumber
FNDA:70,isBooleanValue
FNDA:64,isBoxedBoolean
FNDA:35,isBoolean
FNDA:70,isSymbolValue
FNDA:69,isBoxedSymbol
FNDA:35,isSymbol
FNDA:70,isBigIntValue
FNDA:69,isBoxedBigInt
FNDA:35,isBigInt
DA:1,1
DA:3,1
DA:5,1
DA:7,1
DA:9,1
DA:10,1
DA:11,1
DA:12,1
DA:13,1
DA:14,1
DA:15,1
DA:16,1
DA:17,1
DA:18,1
DA:19,1
DA:20,1
DA:21,1
DA:22,3110
DA:23,3110
DA:24,3110
DA:25,3110
DA:26,2551
DA:27,3110
DA:28,3110
DA:29,1
DA:31,1
DA:33,1
DA:34,1
DA:35,1
DA:37,1
DA:38,1
DA:39,1
DA:40,1
DA:41,1
DA:42,1
DA:43,1
DA:44,1
DA:45,1
DA:46,1
DA:47,1
DA:48,56
DA:49,56
DA:50,56
DA:52,56
DA:53,56
DA:54,56
DA:55,56
DA:57,1
DA:58,1
DA:59,1
DA:60,1
DA:61,1
DA:62,1
DA:63,1
DA:64,1
DA:65,1
DA:66,1
DA:67,38
DA:68,38
DA:69,38
DA:70,38
DA:72,1
DA:73,1
DA:74,1
DA:75,1
DA:76,1
DA:77,1
DA:78,1
DA:79,1
DA:80,1
DA:81,1
DA:82,32
DA:83,32
DA:85,1
DA:87,1
DA:88,1
DA:89,1
DA:91,1
DA:92,1
DA:93,1
DA:94,1
DA:95,1
DA:96,1
DA:97,1
DA:98,494
DA:99,494
DA:100,1
DA:101,1
DA:102,1
DA:103,1
DA:104,1
DA:105,1
DA:106,1
DA:107,87
DA:108,87
DA:109,87
DA:110,6
DA:111,87
DA:112,87
DA:113,1
DA:114,1
DA:115,1
DA:116,1
DA:117,1
DA:118,1
DA:119,1
DA:120,343
DA:121,343
DA:123,1
DA:125,1
DA:126,1
DA:127,1
DA:129,1
DA:130,1
DA:131,1
DA:132,1
DA:133,1
DA:134,1
DA:135,1
DA:136,70
DA:137,70
DA:138,1
DA:139,1
DA:140,1
DA:141,1
DA:142,1
DA:143,1
DA:144,1
DA:145,67
DA:146,67
DA:147,67
DA:148,11
DA:149,67
DA:150,67
DA:151,1
DA:152,1
DA:153,1
DA:154,1
DA:155,1
DA:156,1
DA:157,1
DA:158,35
DA:159,35
DA:161,1
DA:163,1
DA:164,1
DA:165,1
DA:167,1
DA:168,1
DA:169,1
DA:170,1
DA:171,1
DA:172,1
DA:173,1
DA:174,70
DA:175,70
DA:176,1
DA:177,1
DA:178,1
DA:179,1
DA:180,1
DA:181,1
DA:182,1
DA:183,64
DA:184,64
DA:185,64
DA:186,6
DA:187,64
DA:188,64
DA:189,1
DA:190,1
DA:191,1
DA:192,1
DA:193,1
DA:194,1
DA:195,1
DA:196,35
DA:197,35
DA:199,1
DA:201,1
DA:202,1
DA:203,1
DA:205,1
DA:206,1
DA:207,1
DA:208,1
DA:209,1
DA:210,1
DA:211,1
DA:212,70
DA:213,70
DA:214,1
DA:215,1
DA:216,1
DA:217,1
DA:218,1
DA:219,1
DA:220,1
DA:221,69
DA:222,69
DA:223,69
DA:224,3
DA:225,69
DA:226,69
DA:227,1
DA:228,1
DA:229,1
DA:230,1
DA:231,1
DA:232,1
DA:233,1
DA:234,35
DA:235,35
DA:237,1
DA:239,1
DA:240,1
DA:241,1
DA:243,1
DA:244,1
DA:245,1
DA:246,1
DA:247,1
DA:248,1
DA:249,1
DA:250,70
DA:251,70
DA:252,1
DA:253,1
DA:254,1
DA:255,1
DA:256,1
DA:257,1
DA:258,1
DA:259,69
DA:260,69
DA:261,69
DA:262,3
DA:263,69
DA:264,69
DA:265,1
DA:266,1
DA:267,1
DA:268,1
DA:269,1
DA:270,1
DA:271,1
DA:272,35
DA:273,35
DA:275,1
LF:249
LH:249
BRDA:21,0,0,3110
BRDA:23,1,0,2551
BRDA:24,2,0,2551
BRDA:25,3,0,2551
BRDA:47,4,0,56
BRDA:50,5,0,36
BRDA:66,6,0,38
BRDA:68,7,0,11
BRDA:81,8,0,32
BRDA:82,9,0,5
BRDA:82,10,0,1
BRDA:97,11,0,494
BRDA:106,12,0,87
BRDA:108,13,0,6
BRDA:109,14,0,6
BRDA:119,15,0,343
BRDA:120,16,0,52
BRDA:135,17,0,70
BRDA:144,18,0,67
BRDA:146,19,0,11
BRDA:147,20,0,11
BRDA:157,21,0,35
BRDA:158,22,0,32
BRDA:173,23,0,70
BRDA:182,24,0,64
BRDA:184,25,0,6
BRDA:185,26,0,6
BRDA:195,27,0,35
BRDA:196,28,0,33
BRDA:211,29,0,70
BRDA:220,30,0,69
BRDA:222,31,0,3
BRDA:223,32,0,3
BRDA:233,33,0,35
BRDA:234,34,0,34
BRDA:249,35,0,70
BRDA:258,36,0,69
BRDA:260,37,0,3
BRDA:261,38,0,3
BRDA:271,39,0,35
BRDA:272,40,0,34
BRF:41
BRH:41
end_of_record
TN:
SF:src/error/index.js
FN:19,isError
FN:50,isErrorError
FN:60,isEvalError
FN:70,isRangeError
FN:80,isReferenceError
FN:90,isSyntaxError
FN:100,isTypeError
FN:110,isURIError
FN:120,isAggregateError
FNF:9
FNH:9
FNDA:200,isError
FNDA:20,isErrorError
FNDA:20,isEvalError
FNDA:20,isRangeError
FNDA:20,isReferenceError
FNDA:20,isSyntaxError
FNDA:20,isTypeError
FNDA:20,isURIError
FNDA:20,isAggregateError
DA:1,1
DA:3,1
DA:4,1
DA:6,1
DA:8,1
DA:10,1
DA:11,1
DA:12,1
DA:13,1
DA:14,1
DA:15,1
DA:16,1
DA:17,1
DA:18,1
DA:19,1
DA:20,200
DA:22,200
DA:23,200
DA:24,89
DA:25,200
DA:26,200
DA:27,200
DA:28,200
DA:29,200
DA:30,200
DA:31,200
DA:32,200
DA:33,200
DA:34,200
DA:35,200
DA:36,200
DA:37,200
DA:38,200
DA:39,200
DA:40,200
DA:42,1
DA:44,1
DA:45,1
DA:46,1
DA:47,1
DA:48,1
DA:49,1
DA:50,1
DA:51,20
DA:52,20
DA:54,1
DA:55,1
DA:56,1
DA:57,1
DA:58,1
DA:59,1
DA:60,1
DA:61,20
DA:62,20
DA:64,1
DA:65,1
DA:66,1
DA:67,1
DA:68,1
DA:69,1
DA:70,1
DA:71,20
DA:72,20
DA:74,1
DA:75,1
DA:76,1
DA:77,1
DA:78,1
DA:79,1
DA:80,1
DA:81,20
DA:82,20
DA:84,1
DA:85,1
DA:86,1
DA:87,1
DA:88,1
DA:89,1
DA:90,1
DA:91,20
DA:92,20
DA:94,1
DA:95,1
DA:96,1
DA:97,1
DA:98,1
DA:99,1
DA:100,1
DA:101,20
DA:102,20
DA:104,1
DA:105,1
DA:106,1
DA:107,1
DA:108,1
DA:109,1
DA:110,1
DA:111,20
DA:112,20
DA:114,1
DA:115,1
DA:116,1
DA:117,1
DA:118,1
DA:119,1
DA:120,1
DA:121,20
DA:122,20
DA:124,1
LF:109
LH:109
BRDA:19,0,0,200
BRDA:23,1,0,89
BRDA:24,2,0,24
BRDA:50,3,0,20
BRDA:51,4,0,12
BRDA:60,5,0,20
BRDA:61,6,0,12
BRDA:70,7,0,20
BRDA:71,8,0,12
BRDA:80,9,0,20
BRDA:81,10,0,12
BRDA:90,11,0,20
BRDA:91,12,0,12
BRDA:100,13,0,20
BRDA:101,14,0,12
BRDA:110,15,0,20
BRDA:111,16,0,12
BRDA:120,17,0,20
BRDA:121,18,0,12
BRF:19
BRH:19
end_of_record
TN:
SF:src/error/utility.js
FN:18,hasMatchingErrorPrototype
FNF:1
FNH:1
FNDA:24,hasMatchingErrorPrototype
DA:1,1
DA:3,1
DA:5,1
DA:6,1
DA:8,1
DA:10,1
DA:11,1
DA:12,1
DA:13,1
DA:14,1
DA:15,1
DA:16,1
DA:17,1
DA:18,1
DA:19,24
DA:21,24
DA:22,24
DA:23,11
DA:24,11
DA:25,13
DA:27,13
DA:28,24
DA:30,24
DA:31,24
DA:32,24
DA:33,24
DA:34,24
DA:35,24
DA:36,24
DA:37,24
DA:39,24
DA:41,24
DA:42,24
DA:43,24
DA:44,24
DA:45,24
DA:46,24
DA:47,11
DA:48,24
DA:49,24
DA:51,1
DA:53,1
DA:54,1
DA:55,1
DA:56,1
DA:57,1
DA:58,1
DA:59,1
DA:60,1
DA:61,1
DA:62,1
DA:63,1
DA:64,1
DA:65,1
DA:66,1
DA:67,1
DA:68,1
DA:69,1
DA:70,1
DA:71,1
DA:73,1
LF:61
LH:61
BRDA:18,0,0,24
BRDA:19,1,0,11
BRDA:22,2,0,11
BRDA:24,3,0,13
BRDA:28,4,0,0
BRDA:31,5,0,0
BRDA:33,6,0,11
BRDA:35,7,0,10
BRDA:37,8,0,0
BRDA:42,9,0,13
BRDA:42,10,0,12
BRDA:43,11,0,2
BRDA:43,12,0,2
BRDA:44,13,0,2
BRDA:45,14,0,2
BRDA:46,15,0,11
BRF:16
BRH:13
end_of_record
TN:
SF:src/flow/index.js
FN:20,isGenerator
FN:34,isAsyncGenerator
FN:51,isAnyGenerator
FN:75,doesMatchThenable
FN:93,doesMatchSafeThenable
FN:106,isPromise
FNF:6
FNH:6
FNDA:12,isGenerator
FNDA:12,isAsyncGenerator
FNDA:20,isAnyGenerator
FNDA:12,doesMatchThenable
FNDA:12,doesMatchSafeThenable
FNDA:12,isPromise
DA:1,1
DA:3,1
DA:5,1
DA:6,1
DA:8,1
DA:10,1
DA:12,1
DA:13,1
DA:14,1
DA:15,1
DA:16,1
DA:17,1
DA:18,1
DA:19,1
DA:20,1
DA:21,12
DA:22,12
DA:24,1
DA:26,1
DA:27,1
DA:28,1
DA:29,1
DA:30,1
DA:31,1
DA:32,1
DA:33,1
DA:34,1
DA:35,12
DA:36,12
DA:37,12
DA:38,12
DA:40,1
DA:42,1
DA:43,1
DA:44,1
DA:45,1
DA:46,1
DA:47,1
DA:48,1
DA:49,1
DA:50,1
DA:51,1
DA:52,20
DA:53,15
DA:54,15
DA:56,15
DA:57,15
DA:58,5
DA:59,5
DA:61,1
DA:63,1
DA:65,1
DA:66,1
DA:67,1
DA:68,1
DA:69,1
DA:70,1
DA:71,1
DA:72,1
DA:73,1
DA:74,1
DA:75,1
DA:76,12
DA:77,12
DA:79,1
DA:80,1
DA:81,1
DA:82,1
DA:83,1
DA:84,1
DA:85,1
DA:86,1
DA:87,1
DA:88,1
DA:89,1
DA:90,1
DA:91,1
DA:92,1
DA:93,1
DA:94,12
DA:95,12
DA:97,1
DA:99,1
DA:100,1
DA:101,1
DA:102,1
DA:103,1
DA:104,1
DA:105,1
DA:106,1
DA:107,12
DA:108,12
DA:110,1
LF:93
LH:93
BRDA:20,0,0,12
BRDA:21,1,0,2
BRDA:34,2,0,12
BRDA:36,3,0,2
BRDA:51,4,0,20
BRDA:52,5,0,15
BRDA:56,6,0,13
BRDA:57,7,0,5
BRDA:75,8,0,12
BRDA:76,9,0,5
BRDA:93,10,0,12
BRDA:94,11,0,5
BRDA:106,12,0,12
BRDA:107,13,0,1
BRF:14
BRH:14
end_of_record
TN:
SF:src/function/index.js
FN:28,isClass
FN:70,isGeneratorFunction
FN:88,isAsyncGeneratorFunction
FN:107,isAnyGeneratorFunction
FN:138,isAsyncFunction
FN:156,isAsyncNonArrow
FN:172,isAsyncArrow
FN:190,isNonAsyncArrow
FN:205,isArrow
FN:227,isES3Function
FN:254,isConciseGenericMethod
FN:291,isGenericFunction
FN:376,isUnnamedFunction
FNF:13
FNH:13
FNDA:391,isClass
FNDA:52,isGeneratorFunction
FNDA:52,isAsyncGeneratorFunction
FNDA:89,isAnyGeneratorFunction
FNDA:164,isAsyncFunction
FNDA:52,isAsyncNonArrow
FNDA:52,isAsyncArrow
FNDA:52,isNonAsyncArrow
FNDA:110,isArrow
FNDA:54,isES3Function
FNDA:52,isConciseGenericMethod
FNDA:65,isGenericFunction
FNDA:52,isUnnamedFunction
DA:1,1
DA:3,1
DA:4,1
DA:13,1
DA:15,1
DA:17,1
DA:19,1
DA:20,1
DA:21,1
DA:22,1
DA:23,1
DA:24,1
DA:25,1
DA:26,1
DA:27,1
DA:28,1
DA:29,391
DA:30,391
DA:31,391
DA:32,391
DA:33,391
DA:35,1
DA:36,1
DA:37,1
DA:38,1
DA:39,1
DA:40,1
DA:41,1
DA:42,1
DA:43,1
DA:44,1
DA:45,1
DA:46,1
DA:47,1
DA:48,1
DA:49,1
DA:50,1
DA:51,1
DA:52,1
DA:53,1
DA:54,1
DA:55,1
DA:56,1
DA:58,1
DA:60,1
DA:62,1
DA:63,1
DA:64,1
DA:65,1
DA:66,1
DA:67,1
DA:68,1
DA:69,1
DA:70,1
DA:71,52
DA:72,52
DA:73,52
DA:74,6
DA:75,52
DA:76,52
DA:78,1
DA:80,1
DA:81,1
DA:82,1
DA:83,1
DA:84,1
DA:85,1
DA:86,1
DA:87,1
DA:88,1
DA:89,52
DA:90,52
DA:91,52
DA:92,6
DA:93,52
DA:94,52
DA:96,1
DA:98,1
DA:99,1
DA:100,1
DA:101,1
DA:102,1
DA:103,1
DA:104,1
DA:105,1
DA:106,1
DA:107,1
DA:108,89
DA:109,83
DA:110,83
DA:112,83
DA:113,83
DA:114,83
DA:115,83
DA:116,83
DA:117,83
DA:118,6
DA:119,6
DA:121,1
DA:123,1
DA:125,1
DA:126,1
DA:127,1
DA:128,1
DA:129,1
DA:130,1
DA:131,1
DA:132,1
DA:133,1
DA:134,1
DA:135,1
DA:136,1
DA:137,1
DA:138,1
DA:139,164
DA:140,164
DA:141,164
DA:142,34
DA:143,164
DA:144,164
DA:146,1
DA:147,1
DA:148,1
DA:149,1
DA:150,1
DA:151,1
DA:152,1
DA:153,1
DA:154,1
DA:155,1
DA:156,1
DA:157,52
DA:158,52
DA:159,10
DA:160,10
DA:161,52
DA:162,52
DA:164,1
DA:165,1
DA:166,1
DA:167,1
DA:168,1
DA:169,1
DA:170,1
DA:171,1
DA:172,1
DA:173,52
DA:174,52
DA:175,10
DA:176,10
DA:177,52
DA:178,52
DA:180,1
DA:182,1
DA:183,1
DA:184,1
DA:185,1
DA:186,1
DA:187,1
DA:188,1
DA:189,1
DA:190,1
DA:191,52
DA:192,52
DA:194,1
DA:196,1
DA:197,1
DA:198,1
DA:199,1
DA:200,1
DA:201,1
DA:202,1
DA:203,1
DA:204,1
DA:205,1
DA:206,110
DA:207,110
DA:208,98
DA:209,98
DA:210,110
DA:211,110
DA:213,1
DA:215,1
DA:217,1
DA:218,1
DA:219,1
DA:220,1
DA:221,1
DA:222,1
DA:223,1
DA:224,1
DA:225,1
DA:226,1
DA:227,1
DA:228,54
DA:229,54
DA:230,54
DA:231,54
DA:232,6
DA:234,54
DA:235,54
DA:236,54
DA:237,54
DA:239,1
DA:241,1
DA:243,1
DA:244,1
DA:245,1
DA:246,1
DA:247,1
DA:248,1
DA:249,1
DA:250,1
DA:251,1
DA:252,1
DA:253,1
DA:254,1
DA:255,52
DA:256,52
DA:257,52
DA:258,52
DA:259,52
DA:260,6
DA:261,6
DA:263,6
DA:264,52
DA:265,52
DA:267,1
DA:269,1
DA:270,1
DA:271,1
DA:272,1
DA:273,1
DA:274,1
DA:275,1
DA:276,1
DA:277,1
DA:278,1
DA:279,1
DA:280,1
DA:281,1
DA:282,1
DA:283,1
DA:284,1
DA:285,1
DA:286,1
DA:287,1
DA:288,1
DA:289,1
DA:290,1
DA:291,1
DA:292,65
DA:293,65
DA:294,51
DA:295,51
DA:296,51
DA:297,9
DA:298,51
DA:299,31
DA:300,31
DA:301,51
DA:302,65
DA:303,65
DA:304,65
DA:305,65
DA:306,65
DA:307,65
DA:308,65
DA:309,65
DA:310,65
DA:311,65
DA:312,65
DA:313,65
DA:314,65
DA:315,65
DA:316,65
DA:317,65
DA:318,65
DA:319,65
DA:320,65
DA:321,65
DA:322,65
DA:323,65
DA:324,65
DA:325,65
DA:327,1
DA:328,1
DA:329,1
DA:330,1
DA:331,1
DA:332,1
DA:333,1
DA:334,1
DA:335,1
DA:336,1
DA:337,1
DA:338,1
DA:339,1
DA:340,1
DA:341,1
DA:342,1
DA:343,1
DA:344,1
DA:345,1
DA:346,1
DA:347,1
DA:348,1
DA:349,1
DA:350,1
DA:351,1
DA:352,1
DA:353,1
DA:354,1
DA:355,1
DA:356,1
DA:357,1
DA:358,1
DA:359,1
DA:360,1
DA:361,1
DA:362,1
DA:363,1
DA:365,1
DA:367,1
DA:368,1
DA:369,1
DA:370,1
DA:371,1
DA:372,1
DA:373,1
DA:374,1
DA:375,1
DA:376,1
DA:377,52
DA:378,52
DA:380,1
LF:336
LH:336
BRDA:28,0,0,391
BRDA:30,1,0,370
BRDA:70,2,0,52
BRDA:72,3,0,46
BRDA:73,4,0,6
BRDA:88,5,0,52
BRDA:90,6,0,46
BRDA:91,7,0,6
BRDA:107,8,0,89
BRDA:108,9,0,83
BRDA:115,10,0,65
BRDA:117,11,0,6
BRDA:138,12,0,164
BRDA:140,13,0,146
BRDA:141,14,0,34
BRDA:156,15,0,52
BRDA:158,16,0,10
BRDA:172,17,0,52
BRDA:174,18,0,10
BRDA:190,19,0,52
BRDA:191,20,0,8
BRDA:205,21,0,110
BRDA:207,22,0,98
BRDA:227,23,0,54
BRDA:229,24,0,48
BRDA:230,25,0,18
BRDA:231,26,0,6
BRDA:254,27,0,52
BRDA:256,28,0,46
BRDA:257,29,0,16
BRDA:258,30,0,6
BRDA:259,31,0,6
BRDA:291,32,0,65
BRDA:293,33,0,51
BRDA:296,34,0,20
BRDA:296,35,0,9
BRDA:298,36,0,31
BRDA:299,37,0,19
BRDA:300,38,0,7
BRDA:376,39,0,52
BRDA:377,40,0,46
BRF:41
BRH:41
end_of_record
TN:
SF:src/function/utility.js
FN:17,hasOwnPrototype
FN:30,hasOwnWritablePrototype
FN:57,hasConstructSlot
FN:61,construct
FN:90,isConstructable
FNF:5
FNH:5
FNDA:97,hasOwnPrototype
FNDA:79,hasOwnWritablePrototype
FNDA:129,hasConstructSlot
FNDA:64,construct
FNDA:85,isConstructable
DA:1,1
DA:3,1
DA:4,1
DA:6,1
DA:8,1
DA:10,1
DA:11,1
DA:12,1
DA:13,1
DA:14,1
DA:15,1
DA:16,1
DA:17,1
DA:18,97
DA:19,97
DA:21,1
DA:22,1
DA:23,1
DA:24,1
DA:25,1
DA:26,1
DA:27,1
DA:28,1
DA:29,1
DA:30,1
DA:31,79
DA:32,79
DA:34,1
DA:36,1
DA:37,1
DA:38,1
DA:39,1
DA:40,1
DA:41,1
DA:42,1
DA:43,1
DA:44,1
DA:45,1
DA:46,1
DA:47,1
DA:48,1
DA:49,1
DA:50,1
DA:51,1
DA:52,1
DA:53,1
DA:54,1
DA:55,1
DA:56,1
DA:57,1
DA:58,129
DA:59,129
DA:60,129
DA:61,129
DA:62,129
DA:63,129
DA:64,65
DA:65,65
DA:66,129
DA:67,129
DA:69,1
DA:70,1
DA:71,1
DA:72,1
DA:73,1
DA:74,1
DA:75,1
DA:76,1
DA:77,1
DA:78,1
DA:79,1
DA:80,1
DA:81,1
DA:82,1
DA:83,1
DA:84,1
DA:85,1
DA:86,1
DA:87,1
DA:88,1
DA:89,1
DA:90,1
DA:91,85
DA:92,85
DA:94,1
DA:95,1
DA:96,1
DA:97,1
DA:98,1
DA:99,1
DA:100,1
DA:101,1
DA:102,1
DA:103,1
DA:104,1
DA:105,1
DA:106,1
DA:107,1
DA:108,1
DA:109,1
DA:110,1
DA:111,1
DA:112,1
DA:113,1
DA:114,1
DA:115,1
DA:116,1
DA:117,1
DA:118,1
DA:119,1
DA:120,1
DA:121,1
DA:122,1
DA:123,1
DA:124,1
DA:125,1
DA:126,1
DA:127,1
DA:128,1
DA:129,1
DA:130,1
DA:131,1
DA:132,1
DA:133,1
DA:134,1
DA:135,1
DA:136,1
DA:137,1
DA:138,1
LF:129
LH:129
BRDA:17,0,0,97
BRDA:30,1,0,79
BRDA:31,2,0,63
BRDA:57,3,0,129
BRDA:63,4,0,65
BRDA:61,5,0,64
BRDA:90,6,0,85
BRDA:91,7,0,81
BRF:8
BRH:8
end_of_record
TN:
SF:src/type-identity/index.js
FN:41,hasBuiltinTypeIdentity
FN:118,hasCustomTypeIdentity
FN:161,hasStableTypeIdentity
FN:234,getTrustedType
FN:257,defineStableTypeIdentity
FNF:5
FNH:5
FNDA:305,hasBuiltinTypeIdentity
FNDA:102,hasCustomTypeIdentity
FNDA:102,hasStableTypeIdentity
FNDA:34,getTrustedType
FNDA:37,defineStableTypeIdentity
DA:1,1
DA:3,1
DA:11,1
DA:12,1
DA:14,1
DA:15,1
DA:17,1
DA:19,1
DA:20,1
DA:22,1
DA:24,1
DA:26,1
DA:28,1
DA:29,1
DA:30,1
DA:31,1
DA:32,1
DA:33,1
DA:34,1
DA:35,1
DA:36,1
DA:37,1
DA:38,1
DA:39,1
DA:40,1
DA:41,1
DA:42,305
DA:44,305
DA:45,303
DA:46,303
DA:48,303
DA:49,303
DA:50,303
DA:51,303
DA:52,279
DA:54,279
DA:55,279
DA:57,279
DA:58,279
DA:59,279
DA:61,279
DA:62,279
DA:63,279
DA:65,279
DA:67,279
DA:68,279
DA:69,279
DA:70,279
DA:71,72
DA:72,279
DA:73,72
DA:74,279
DA:75,279
DA:76,279
DA:78,279
DA:79,279
DA:80,72
DA:81,66
DA:82,66
DA:83,279
DA:84,279
DA:85,303
DA:86,305
DA:87,305
DA:88,1
DA:89,1
DA:90,1
DA:91,1
DA:92,1
DA:93,1
DA:94,1
DA:95,1
DA:96,1
DA:97,1
DA:98,1
DA:99,1
DA:100,1
DA:101,1
DA:102,1
DA:103,1
DA:105,1
DA:106,1
DA:107,1
DA:108,1
DA:109,1
DA:110,1
DA:111,1
DA:112,1
DA:113,1
DA:114,1
DA:115,1
DA:116,1
DA:117,1
DA:118,1
DA:119,102
DA:121,102
DA:122,102
DA:123,7
DA:124,7
DA:126,7
DA:128,7
DA:129,7
DA:131,7
DA:132,7
DA:133,7
DA:135,7
DA:136,7
DA:137,7
DA:139,7
DA:141,7
DA:142,4
DA:143,4
DA:144,7
DA:145,102
DA:146,102
DA:148,1
DA:149,1
DA:150,1
DA:151,1
DA:152,1
DA:153,1
DA:154,1
DA:155,1
DA:156,1
DA:157,1
DA:158,1
DA:159,1
DA:160,1
DA:161,1
DA:162,102
DA:164,102
DA:165,102
DA:166,102
DA:167,102
DA:169,102
DA:170,7
DA:171,7
DA:173,7
DA:175,7
DA:176,7
DA:178,7
DA:179,7
DA:180,7
DA:182,7
DA:183,7
DA:184,7
DA:186,7
DA:188,7
DA:189,7
DA:190,7
DA:191,7
DA:192,7
DA:193,7
DA:194,7
DA:195,7
DA:196,7
DA:197,7
DA:198,7
DA:199,7
DA:200,7
DA:201,7
DA:202,7
DA:203,7
DA:204,7
DA:205,7
DA:206,7
DA:207,7
DA:208,7
DA:210,7
DA:211,7
DA:213,7
DA:214,7
DA:215,7
DA:216,0
DA:217,0
DA:218,7
DA:220,7
DA:221,7
DA:222,7
DA:223,7
DA:224,102
DA:225,102
DA:227,1
DA:229,1
DA:230,1
DA:231,1
DA:232,1
DA:233,1
DA:234,1
DA:235,34
DA:236,34
DA:238,1
DA:239,1
DA:240,1
DA:241,1
DA:242,1
DA:243,1
DA:244,1
DA:245,1
DA:246,1
DA:247,1
DA:248,1
DA:249,1
DA:250,1
DA:251,1
DA:252,1
DA:253,1
DA:254,1
DA:255,1
DA:256,1
DA:257,1
DA:258,37
DA:259,37
DA:260,9
DA:261,9
DA:262,9
DA:263,9
DA:264,28
DA:265,37
DA:266,2
DA:267,2
DA:268,2
DA:269,2
DA:271,26
DA:272,37
DA:273,2
DA:274,2
DA:275,24
DA:276,24
DA:277,24
DA:279,24
DA:280,37
DA:281,2
DA:282,2
DA:283,37
DA:284,6
DA:285,37
DA:286,16
DA:287,16
DA:288,16
DA:289,16
DA:291,22
DA:292,37
DA:293,2
DA:294,2
DA:295,20
DA:297,20
DA:298,20
DA:299,20
DA:300,20
DA:301,20
DA:302,20
DA:304,20
DA:305,37
DA:307,37
DA:308,37
DA:310,37
DA:311,16
DA:312,16
DA:313,16
DA:314,16
DA:315,16
DA:316,16
DA:317,16
DA:318,16
DA:319,16
DA:320,16
DA:321,16
DA:322,16
DA:323,20
DA:324,20
DA:326,1
LF:272
LH:270
BRDA:41,0,0,305
BRDA:44,1,0,303
BRDA:46,2,0,9
BRDA:51,3,0,294
BRDA:51,4,0,279
BRDA:63,5,0,3
BRDA:65,6,0,261
BRDA:70,7,0,72
BRDA:72,8,0,18
BRDA:72,9,0,72
BRDA:74,10,0,72
BRDA:75,11,0,66
BRDA:79,12,0,72
BRDA:80,13,0,66
BRDA:82,14,0,54
BRDA:83,15,0,12
BRDA:118,16,0,102
BRDA:119,17,0,101
BRDA:122,18,0,7
BRDA:137,19,0,0
BRDA:139,20,0,5
BRDA:141,21,0,6
BRDA:141,22,0,4
BRDA:161,23,0,102
BRDA:169,24,0,8
BRDA:169,25,0,7
BRDA:184,26,0,0
BRDA:186,27,0,5
BRDA:205,28,0,4
BRDA:206,29,0,0
BRDA:207,30,0,0
BRDA:214,31,0,0
BRDA:215,32,0,0
BRDA:221,33,0,0
BRDA:234,34,0,34
BRDA:257,35,0,37
BRDA:259,36,0,9
BRDA:263,37,0,28
BRDA:265,38,0,2
BRDA:265,39,0,2
BRDA:269,40,0,26
BRDA:272,41,0,2
BRDA:274,42,0,24
BRDA:280,43,0,2
BRDA:282,44,0,22
BRDA:283,45,0,6
BRDA:285,46,0,16
BRDA:289,47,0,22
BRDA:292,48,0,2
BRDA:294,49,0,20
BRDA:305,50,0,15
BRDA:308,51,0,16
BRDA:310,52,0,16
BRDA:322,53,0,20
BRF:54
BRH:47
end_of_record
TN:
SF:src/type-identity/utility.js
FN:25,doesMatchNonEnumerableDescriptorDefault
FN:40,doesMatchStableNonEnumerableDescriptor
FNF:2
FNH:2
FNDA:58,doesMatchNonEnumerableDescriptorDefault
FNDA:58,doesMatchStableNonEnumerableDescriptor
DA:1,1
DA:3,1
DA:4,1
DA:6,1
DA:7,1
DA:9,1
DA:11,1
DA:12,1
DA:14,1
DA:16,1
DA:17,1
DA:18,1
DA:19,1
DA:20,1
DA:21,1
DA:22,1
DA:23,1
DA:24,1
DA:25,1
DA:26,58
DA:28,58
DA:29,58
DA:31,1
DA:32,1
DA:33,1
DA:34,1
DA:35,1
DA:36,1
DA:37,1
DA:38,1
DA:39,1
DA:40,1
DA:41,58
DA:43,58
DA:44,58
DA:45,58
DA:46,58
DA:47,57
DA:48,58
DA:49,58
DA:51,1
DA:52,1
DA:53,1
DA:54,1
DA:55,1
DA:56,1
DA:57,1
DA:58,1
DA:59,1
DA:60,1
DA:61,1
DA:62,1
DA:63,1
DA:64,1
DA:65,1
DA:66,1
DA:67,1
DA:68,1
DA:69,1
DA:70,1
DA:71,1
DA:72,1
DA:73,1
DA:74,1
DA:75,1
DA:76,1
DA:77,1
DA:78,1
DA:79,1
DA:80,1
DA:81,1
DA:82,1
DA:83,1
DA:84,1
DA:85,1
DA:86,1
DA:87,1
DA:88,1
DA:89,1
DA:90,1
DA:91,1
DA:92,1
DA:93,1
DA:94,1
DA:95,1
DA:96,1
DA:97,1
DA:98,1
DA:99,1
DA:100,1
DA:101,1
DA:102,1
DA:103,1
DA:104,1
DA:105,1
DA:106,1
DA:107,1
DA:108,1
DA:109,1
DA:110,1
DA:111,1
DA:112,1
DA:113,1
DA:114,1
DA:115,1
DA:116,1
DA:117,1
DA:118,1
DA:119,1
DA:120,1
DA:121,1
DA:122,1
DA:123,1
DA:124,1
LF:114
LH:114
BRDA:25,0,0,58
BRDA:26,1,0,1
BRDA:28,2,0,55
BRDA:28,3,0,55
BRDA:28,4,0,55
BRDA:40,5,0,58
BRDA:41,6,0,1
BRDA:44,7,0,2
BRDA:44,8,0,56
BRDA:44,9,0,57
BRDA:45,10,0,57
BRDA:46,11,0,57
BRF:12
BRH:12
end_of_record
